2023-09-10 22:52:48,381 [INFO] Activator:176 - 


2023-09-10 22:52:48,389 [INFO] Activator:177 - !SESSION log4j initialized
2023-09-10 22:52:53,800 [INFO] LogOutputStream:77 - [STDOUT_REDIRECT] 
2023-09-10 22:53:15,413 [ERROR] LogOutputStream:75 - [STDERR_REDIRECT] SLF4J: Failed to load class "org.slf4j.impl.StaticLoggerBinder".
2023-09-10 22:53:15,414 [ERROR] LogOutputStream:75 - [STDERR_REDIRECT] SLF4J: Defaulting to no-operation (NOP) logger implementation
2023-09-10 22:53:15,415 [ERROR] LogOutputStream:75 - [STDERR_REDIRECT] SLF4J: See http://www.slf4j.org/codes.html#StaticLoggerBinder for further details.
2023-09-10 22:56:58,445 [INFO] ApplicationProperties:184 - Using Application install path: C:\ST\STM32CubeIDE_1.12.0\STM32CubeIDE\plugins\com.st.stm32cube.common.mx_6.8.0.202302231600
2023-09-10 22:56:58,468 [INFO] DbMcusXml:78 - Set database path to: C:\ST\STM32CubeIDE_1.12.0\STM32CubeIDE\plugins\com.st.stm32cube.common.mx_6.8.0.202302231600\\db\/mcu/
2023-09-10 22:56:58,468 [INFO] ApiDb:274 - Set plugin database path to: C:\ST\STM32CubeIDE_1.12.0\STM32CubeIDE\plugins\com.st.stm32cube.common.mx_6.8.0.202302231600\\db\/plugins/boardmanager/
2023-09-10 22:56:58,469 [WARN] ApiDb:259 - Overriding images path with different value:  => C:\ST\STM32CubeIDE_1.12.0\STM32CubeIDE\plugins\com.st.stm32cube.common.mx_6.8.0.202302231600\\db\/plugins/mcufinder/images/
2023-09-10 22:56:58,485 [INFO] ApiDb:250 - Set database path to: C:\Users\yunch\.stmcufinder\plugins\mcufinder//mcu/
2023-09-10 22:56:58,487 [INFO] DbMcusAds:125 - Set database path to: C:\Users\yunch\.stmcufinder\plugins\mcufinder//mcu/
2023-09-10 22:56:58,498 [INFO] CrossReferenceDbSqlite:203 - Set database path to: C:\Users\yunch\.stmcufinder\plugins\mcufinder//mcu/cs/
2023-09-10 22:56:58,590 [INFO] RulesReader:64 - Compatibility file has been processed (293 Rules)
2023-09-10 22:56:58,666 [INFO] DbMcusXml:78 - Set database path to: C:\ST\STM32CubeIDE_1.12.0\STM32CubeIDE\plugins\com.st.stm32cube.common.mx_6.8.0.202302231600\\db\/mcu/
2023-09-10 22:56:58,667 [INFO] ApiDb:274 - Set plugin database path to: C:\ST\STM32CubeIDE_1.12.0\STM32CubeIDE\plugins\com.st.stm32cube.common.mx_6.8.0.202302231600\\db\/plugins/boardmanager/
2023-09-10 22:56:58,667 [INFO] ApiDb:261 - Set plugin images path to: C:\ST\STM32CubeIDE_1.12.0\STM32CubeIDE\plugins\com.st.stm32cube.common.mx_6.8.0.202302231600\\db\/plugins/mcufinder/images/
2023-09-10 22:56:58,667 [WARN] DbFile:41 - Overriding database path with different value: C:\Users\yunch\.stmcufinder\plugins\mcufinder/ => C:\Users\yunch\.stmcufinder\plugins\mcufinder
2023-09-10 22:56:58,667 [INFO] ApiDb:250 - Set database path to: C:\Users\yunch\.stmcufinder\plugins\mcufinder//mcu/
2023-09-10 22:56:58,667 [WARN] DbFile:41 - Overriding database path with different value: C:\Users\yunch\.stmcufinder\plugins\mcufinder/ => C:\Users\yunch\.stmcufinder\plugins\mcufinder
2023-09-10 22:56:58,667 [INFO] DbMcusAds:125 - Set database path to: C:\Users\yunch\.stmcufinder\plugins\mcufinder//mcu/
2023-09-10 22:56:58,667 [WARN] DbFile:41 - Overriding database path with different value: C:\Users\yunch\.stmcufinder\plugins\mcufinder/ => C:\Users\yunch\.stmcufinder\plugins\mcufinder
2023-09-10 22:56:58,667 [WARN] DbFile:41 - Overriding database path with different value: C:\Users\yunch\.stmcufinder\plugins\mcufinder/ => C:\Users\yunch\.stmcufinder\plugins\mcufinder
2023-09-10 22:56:58,667 [INFO] CrossReferenceDbSqlite:203 - Set database path to: C:\Users\yunch\.stmcufinder\plugins\mcufinder//mcu/cs/
2023-09-10 22:56:58,770 [INFO] MainPanel:253 - HeapMemory: 504365056
2023-09-10 22:56:58,880 [INFO] DbMcusXml:78 - Set database path to: C:\ST\STM32CubeIDE_1.12.0\STM32CubeIDE\plugins\com.st.stm32cube.common.mx_6.8.0.202302231600\\db\/mcu/
2023-09-10 22:56:58,880 [INFO] ApiDb:274 - Set plugin database path to: C:\ST\STM32CubeIDE_1.12.0\STM32CubeIDE\plugins\com.st.stm32cube.common.mx_6.8.0.202302231600\\db\/plugins/boardmanager/
2023-09-10 22:56:58,880 [INFO] ApiDb:261 - Set plugin images path to: C:\ST\STM32CubeIDE_1.12.0\STM32CubeIDE\plugins\com.st.stm32cube.common.mx_6.8.0.202302231600\\db\/plugins/mcufinder/images/
2023-09-10 22:56:58,880 [WARN] DbFile:41 - Overriding database path with different value: C:\Users\yunch\.stmcufinder\plugins\mcufinder/ => C:\Users\yunch\.stmcufinder\plugins\mcufinder
2023-09-10 22:56:58,880 [INFO] ApiDb:250 - Set database path to: C:\Users\yunch\.stmcufinder\plugins\mcufinder//mcu/
2023-09-10 22:56:58,880 [WARN] DbFile:41 - Overriding database path with different value: C:\Users\yunch\.stmcufinder\plugins\mcufinder/ => C:\Users\yunch\.stmcufinder\plugins\mcufinder
2023-09-10 22:56:58,880 [INFO] DbMcusAds:125 - Set database path to: C:\Users\yunch\.stmcufinder\plugins\mcufinder//mcu/
2023-09-10 22:56:58,880 [WARN] DbFile:41 - Overriding database path with different value: C:\Users\yunch\.stmcufinder\plugins\mcufinder/ => C:\Users\yunch\.stmcufinder\plugins\mcufinder
2023-09-10 22:56:58,880 [WARN] DbFile:41 - Overriding database path with different value: C:\Users\yunch\.stmcufinder\plugins\mcufinder/ => C:\Users\yunch\.stmcufinder\plugins\mcufinder
2023-09-10 22:56:58,880 [INFO] CrossReferenceDbSqlite:203 - Set database path to: C:\Users\yunch\.stmcufinder\plugins\mcufinder//mcu/cs/
2023-09-10 22:56:58,900 [INFO] ApplicationProperties:184 - Using Application install path: C:\ST\STM32CubeIDE_1.12.0\STM32CubeIDE\plugins\com.st.stm32cube.common.mx_6.8.0.202302231600
2023-09-10 22:56:58,901 [INFO] PluginManage:196 - Search for loadable plugins [exclusion list=, ]
2023-09-10 22:56:58,903 [INFO] PluginManage:310 - Check plugin analytics
2023-09-10 22:56:59,066 [INFO] AnalyticsPlugin:253 - Accepted Software Licenses: 
2023-09-10 22:56:59,066 [INFO] AnalyticsPlugin:255 - Accepted CMSIS Pack Licenses: 
2023-09-10 22:56:59,067 [INFO] AnalyticsPlugin:257 - Accepted Firmware Licenses: 
2023-09-10 22:56:59,080 [INFO] PluginManage:359 - Loaded plugin analytics (category:tool,tabindex:-1)
2023-09-10 22:56:59,081 [INFO] PluginManage:310 - Check plugin cadmodel
2023-09-10 22:56:59,087 [INFO] CADModel:105 - Init CAD model plugin
2023-09-10 22:56:59,088 [INFO] PluginManage:359 - Loaded plugin cadmodel (category:power,tabindex:5)
2023-09-10 22:56:59,088 [INFO] PluginManage:310 - Check plugin clock
2023-09-10 22:56:59,104 [INFO] PluginManage:359 - Loaded plugin clock (category:base,tabindex:2)
2023-09-10 22:56:59,104 [INFO] PluginManage:310 - Check plugin ddr
2023-09-10 22:56:59,108 [INFO] PluginManage:359 - Loaded plugin ddr (category:tool,tabindex:6)
2023-09-10 22:56:59,108 [INFO] PluginManage:310 - Check plugin filemanager
2023-09-10 22:56:59,252 [INFO] PluginManage:359 - Loaded plugin filemanager (category:base,tabindex:10)
2023-09-10 22:56:59,254 [INFO] PluginManage:310 - Check plugin ipmanager
2023-09-10 22:56:59,270 [INFO] PluginManage:359 - Loaded plugin ipmanager (category:base,tabindex:5)
2023-09-10 22:56:59,270 [INFO] PluginManage:310 - Check plugin lpbam
2023-09-10 22:56:59,279 [INFO] PluginManage:359 - Loaded plugin lpbam (category:base,tabindex:0)
2023-09-10 22:56:59,279 [INFO] PluginManage:310 - Check plugin pinoutandconfiguration
2023-09-10 22:56:59,290 [INFO] PluginManage:359 - Loaded plugin pinoutandconfiguration (category:base,tabindex:1)
2023-09-10 22:56:59,290 [INFO] PluginManage:310 - Check plugin pinoutconfig
2023-09-10 22:56:59,404 [WARN] SupportedApi:132 - Cannot load RTOS API schema: s4s-elt-must-match.1: The content of 'definitions' must match (annotation?, (simpleType | complexType)?, (unique | key | keyref)*)). A problem was found starting at: attribute.
2023-09-10 22:56:59,557 [INFO] PluginManage:359 - Loaded plugin pinoutconfig (category:base,tabindex:0)
2023-09-10 22:56:59,557 [INFO] PluginManage:310 - Check plugin power
2023-09-10 22:56:59,569 [INFO] PluginManage:359 - Loaded plugin power (category:power,tabindex:4)
2023-09-10 22:56:59,569 [INFO] PluginManage:310 - Check plugin projectmanager
2023-09-10 22:56:59,591 [INFO] PluginManage:359 - Loaded plugin projectmanager (category:projectmanager,tabindex:3)
2023-09-10 22:56:59,592 [INFO] PluginManage:310 - Check plugin thirdparty
2023-09-10 22:56:59,722 [INFO] PluginManage:359 - Loaded plugin thirdparty (category:base,tabindex:-1)
2023-09-10 22:56:59,722 [INFO] PluginManage:310 - Check plugin tools
2023-09-10 22:56:59,722 [WARN] IntegrityCheckThread:84 - waiting for thirdparty lock release [integrity check]
2023-09-10 22:56:59,722 [INFO] IntegrityCheckThread:86 - entering critical section [integrity check]
2023-09-10 22:56:59,724 [INFO] ThirdPartyUpdaterWithRetryManager:70 - Updater plugin not ready yet. [1/15]
2023-09-10 22:56:59,725 [INFO] PluginManage:359 - Loaded plugin tools (category:base,tabindex:7)
2023-09-10 22:56:59,725 [INFO] PluginManage:310 - Check plugin tutovideos
2023-09-10 22:56:59,953 [INFO] PluginManage:359 - Loaded plugin tutovideos (category:base,tabindex:-1)
2023-09-10 22:56:59,954 [INFO] PluginManage:310 - Check plugin updater
2023-09-10 22:56:59,976 [INFO] PluginManage:359 - Loaded plugin updater (category:base,tabindex:12)
2023-09-10 22:56:59,977 [INFO] PluginManage:283 - PluginManage : Loaded plugins [15]
2023-09-10 22:57:00,256 [INFO] PinOutPanel:1499 - setPackage(No Configuration,No Configuration)
2023-09-10 22:57:00,321 [INFO] CADModel:165 - CPN selected for project level
2023-09-10 22:57:00,321 [INFO] CADModel:114 - Register for checkConnection events
2023-09-10 22:57:00,340 [INFO] IPUIPlugin:80 - create IPUIPlugin
2023-09-10 22:57:00,340 [INFO] PluginManager:220 - loadIPPluginJar : add adc
2023-09-10 22:57:00,343 [INFO] IPUIPlugin:80 - create IPUIPlugin
2023-09-10 22:57:00,343 [INFO] PluginManager:220 - loadIPPluginJar : add aes
2023-09-10 22:57:00,345 [INFO] IPUIPlugin:80 - create IPUIPlugin
2023-09-10 22:57:00,345 [INFO] PluginManager:220 - loadIPPluginJar : add can
2023-09-10 22:57:00,347 [INFO] IPUIPlugin:80 - create IPUIPlugin
2023-09-10 22:57:00,347 [INFO] PluginManager:220 - loadIPPluginJar : add comp
2023-09-10 22:57:00,349 [INFO] IPUIPlugin:80 - create IPUIPlugin
2023-09-10 22:57:00,349 [INFO] PluginManager:220 - loadIPPluginJar : add cryp
2023-09-10 22:57:00,351 [INFO] IPUIPlugin:80 - create IPUIPlugin
2023-09-10 22:57:00,351 [INFO] PluginManager:220 - loadIPPluginJar : add dfsdm
2023-09-10 22:57:00,357 [INFO] IPUIPlugin:80 - create IPUIPlugin
2023-09-10 22:57:00,357 [INFO] PluginManager:220 - loadIPPluginJar : add dma
2023-09-10 22:57:00,360 [INFO] IPUIPlugin:80 - create IPUIPlugin
2023-09-10 22:57:00,360 [INFO] PluginManager:220 - loadIPPluginJar : add dma3
2023-09-10 22:57:00,361 [INFO] IPUIPlugin:80 - create IPUIPlugin
2023-09-10 22:57:00,361 [INFO] PluginManager:220 - loadIPPluginJar : add fatfs
2023-09-10 22:57:00,378 [INFO] IPUIPlugin:80 - create IPUIPlugin
2023-09-10 22:57:00,380 [INFO] PluginManager:220 - loadIPPluginJar : add fmc
2023-09-10 22:57:00,387 [INFO] IPUIPlugin:80 - create IPUIPlugin
2023-09-10 22:57:00,387 [INFO] PluginManager:220 - loadIPPluginJar : add freertos
2023-09-10 22:57:00,390 [INFO] IPUIPlugin:80 - create IPUIPlugin
2023-09-10 22:57:00,390 [INFO] PluginManager:220 - loadIPPluginJar : add genericplugin
2023-09-10 22:57:00,392 [INFO] IPUIPlugin:80 - create IPUIPlugin
2023-09-10 22:57:00,392 [INFO] PluginManager:220 - loadIPPluginJar : add gfxmmu
2023-09-10 22:57:00,398 [INFO] IPUIPlugin:80 - create IPUIPlugin
2023-09-10 22:57:00,398 [INFO] PluginManager:220 - loadIPPluginJar : add gic
2023-09-10 22:57:00,403 [INFO] IPUIPlugin:80 - create IPUIPlugin
2023-09-10 22:57:00,403 [INFO] PluginManager:220 - loadIPPluginJar : add gpio
2023-09-10 22:57:00,406 [INFO] IPUIPlugin:80 - create IPUIPlugin
2023-09-10 22:57:00,407 [INFO] PluginManager:220 - loadIPPluginJar : add gtzc
2023-09-10 22:57:00,409 [INFO] IPUIPlugin:80 - create IPUIPlugin
2023-09-10 22:57:00,409 [INFO] PluginManager:220 - loadIPPluginJar : add hash
2023-09-10 22:57:00,412 [INFO] IPUIPlugin:80 - create IPUIPlugin
2023-09-10 22:57:00,412 [INFO] PluginManager:220 - loadIPPluginJar : add i2c
2023-09-10 22:57:00,414 [INFO] IPUIPlugin:80 - create IPUIPlugin
2023-09-10 22:57:00,415 [INFO] PluginManager:220 - loadIPPluginJar : add i2s
2023-09-10 22:57:00,418 [INFO] IPUIPlugin:80 - create IPUIPlugin
2023-09-10 22:57:00,418 [INFO] PluginManager:220 - loadIPPluginJar : add i3c
2023-09-10 22:57:00,422 [INFO] IPUIPlugin:80 - create IPUIPlugin
2023-09-10 22:57:00,422 [INFO] PluginManager:220 - loadIPPluginJar : add ipddr
2023-09-10 22:57:00,428 [INFO] IPUIPlugin:80 - create IPUIPlugin
2023-09-10 22:57:00,428 [INFO] PluginManager:220 - loadIPPluginJar : add linkedlist
2023-09-10 22:57:00,431 [INFO] IPUIPlugin:80 - create IPUIPlugin
2023-09-10 22:57:00,431 [INFO] PluginManager:220 - loadIPPluginJar : add lorawan
2023-09-10 22:57:00,432 [INFO] IPUIPlugin:80 - create IPUIPlugin
2023-09-10 22:57:00,433 [INFO] PluginManager:220 - loadIPPluginJar : add ltdc
2023-09-10 22:57:00,438 [INFO] IPUIPlugin:80 - create IPUIPlugin
2023-09-10 22:57:00,438 [INFO] PluginManager:220 - loadIPPluginJar : add mdma
2023-09-10 22:57:00,442 [INFO] IPUIPlugin:80 - create IPUIPlugin
2023-09-10 22:57:00,442 [INFO] PluginManager:220 - loadIPPluginJar : add nvic
2023-09-10 22:57:00,445 [INFO] IPUIPlugin:80 - create IPUIPlugin
2023-09-10 22:57:00,445 [INFO] PluginManager:220 - loadIPPluginJar : add opamp
2023-09-10 22:57:00,448 [INFO] IPUIPlugin:80 - create IPUIPlugin
2023-09-10 22:57:00,448 [INFO] PluginManager:220 - loadIPPluginJar : add openamp
2023-09-10 22:57:00,455 [INFO] IPUIPlugin:80 - create IPUIPlugin
2023-09-10 22:57:00,455 [INFO] PluginManager:220 - loadIPPluginJar : add pdm2pcm
2023-09-10 22:57:00,461 [INFO] IPUIPlugin:80 - create IPUIPlugin
2023-09-10 22:57:00,463 [INFO] PluginManager:220 - loadIPPluginJar : add plateformsettings
2023-09-10 22:57:00,465 [INFO] IPUIPlugin:80 - create IPUIPlugin
2023-09-10 22:57:00,465 [INFO] PluginManager:220 - loadIPPluginJar : add quadspi
2023-09-10 22:57:00,469 [INFO] IPUIPlugin:80 - create IPUIPlugin
2023-09-10 22:57:00,469 [INFO] PluginManager:220 - loadIPPluginJar : add resmgrutility
2023-09-10 22:57:00,472 [INFO] IPUIPlugin:80 - create IPUIPlugin
2023-09-10 22:57:00,472 [INFO] PluginManager:220 - loadIPPluginJar : add sai
2023-09-10 22:57:00,474 [INFO] IPUIPlugin:80 - create IPUIPlugin
2023-09-10 22:57:00,474 [INFO] PluginManager:220 - loadIPPluginJar : add spi
2023-09-10 22:57:00,480 [INFO] IPUIPlugin:80 - create IPUIPlugin
2023-09-10 22:57:00,480 [INFO] PluginManager:220 - loadIPPluginJar : add stm32_wpan
2023-09-10 22:57:00,482 [INFO] IPUIPlugin:80 - create IPUIPlugin
2023-09-10 22:57:00,482 [INFO] PluginManager:220 - loadIPPluginJar : add tim
2023-09-10 22:57:00,486 [INFO] IPUIPlugin:80 - create IPUIPlugin
2023-09-10 22:57:00,486 [INFO] PluginManager:220 - loadIPPluginJar : add touchsensing
2023-09-10 22:57:00,488 [INFO] IPUIPlugin:80 - create IPUIPlugin
2023-09-10 22:57:00,488 [INFO] PluginManager:220 - loadIPPluginJar : add tracer_emb
2023-09-10 22:57:00,491 [INFO] IPUIPlugin:80 - create IPUIPlugin
2023-09-10 22:57:00,491 [INFO] PluginManager:220 - loadIPPluginJar : add ts
2023-09-10 22:57:00,494 [INFO] IPUIPlugin:80 - create IPUIPlugin
2023-09-10 22:57:00,494 [INFO] PluginManager:220 - loadIPPluginJar : add tsc
2023-09-10 22:57:00,495 [INFO] IPUIPlugin:80 - create IPUIPlugin
2023-09-10 22:57:00,495 [INFO] PluginManager:220 - loadIPPluginJar : add ucpd
2023-09-10 22:57:00,497 [INFO] IPUIPlugin:80 - create IPUIPlugin
2023-09-10 22:57:00,497 [INFO] PluginManager:220 - loadIPPluginJar : add usart
2023-09-10 22:57:00,500 [INFO] IPUIPlugin:80 - create IPUIPlugin
2023-09-10 22:57:00,500 [INFO] PluginManager:220 - loadIPPluginJar : add usbx
2023-09-10 22:57:00,623 [INFO] CADModel:165 - CPN selected for project level
2023-09-10 22:57:00,623 [INFO] CADModel:114 - Register for checkConnection events
2023-09-10 22:57:00,623 [FATAL] Updater:308 - Updater called before beeing initialized
2023-09-10 22:57:00,623 [ERROR] CADModel:125 - Updater not yet initialized, retry later 
2023-09-10 22:57:00,795 [INFO] CADModel:165 - CPN selected for project level
2023-09-10 22:57:00,795 [INFO] CADModel:114 - Register for checkConnection events
2023-09-10 22:57:00,795 [FATAL] Updater:308 - Updater called before beeing initialized
2023-09-10 22:57:00,795 [ERROR] CADModel:125 - Updater not yet initialized, retry later 
2023-09-10 22:57:00,799 [FATAL] Updater:308 - Updater called before beeing initialized
2023-09-10 22:57:00,905 [FATAL] Updater:308 - Updater called before beeing initialized
2023-09-10 22:57:00,911 [INFO] DbMcusAds:53 - JSON generation date=Tue Mar 07 17:50:55 KST 2023 (1678179055114)
2023-09-10 22:57:00,911 [FATAL] Updater:308 - Updater called before beeing initialized
2023-09-10 22:57:00,945 [WARN] DetailPanel:346 - Failed to get advertising image, set to default
2023-09-10 22:57:01,044 [FATAL] Updater:308 - Updater called before beeing initialized
2023-09-10 22:57:01,047 [FATAL] Updater:308 - Updater called before beeing initialized
2023-09-10 22:57:01,047 [FATAL] Updater:308 - Updater called before beeing initialized
2023-09-10 22:57:01,047 [WARN] DetailPanel:346 - Failed to get advertising image, set to default
2023-09-10 22:57:01,048 [FATAL] Updater:308 - Updater called before beeing initialized
2023-09-10 22:57:01,096 [ERROR] Updater:1120 - MainUpdater not yet initialized. External WinMGr cannot be set.
2023-09-10 22:57:01,097 [INFO] Updater:1056 - Updater Version found : 6.8.0
2023-09-10 22:57:01,118 [INFO] ApplicationProperties:184 - Using Application install path: C:\ST\STM32CubeIDE_1.12.0\STM32CubeIDE\plugins\com.st.stm32cube.common.mx_6.8.0.202302231600
2023-09-10 22:57:01,359 [INFO] MainUpdater:2854 - connection check result : 10
2023-09-10 22:57:01,359 [INFO] MainUpdater:3548 - Updater definition file requires update
2023-09-10 22:57:01,361 [INFO] MainUpdater:283 - Updater Check For Update Now.
2023-09-10 22:57:01,361 [INFO] MicroXplorer:498 - Change Database Version : DB.6.0.80
2023-09-10 22:57:01,434 [INFO] ServerAccessManage:473 - Download File updaters.zip
2023-09-10 22:57:01,559 [INFO] FileExtend:240 - Unzip File : updaters.zip
2023-09-10 22:57:01,559 [INFO] FileExtend:255 - Standard Zip Deflate
2023-09-10 22:57:01,853 [INFO] ServerAccessManage:473 - Download File PacksControlFlags.xml
2023-09-10 22:57:01,942 [INFO] ServerAccessManage:473 - Download File cubemx.pidx
2023-09-10 22:57:02,269 [INFO] ServerAccessManage:473 - Download File STMicroelectronics.FP-SNS-SMARTAG2.pdsc
2023-09-10 22:57:02,593 [INFO] ServerAccessManage:473 - Download File STMicroelectronics.X-CUBE-NFC6.pdsc
2023-09-10 22:57:02,728 [WARN] MainUpdater:1187 - Updater busy. Cannot search thirdparties
2023-09-10 22:57:02,731 [INFO] ThirdPartyUpdaterWithRetryManager:96 - Updater plugin is busy. [1/15]
2023-09-10 22:57:03,991 [ERROR] ServerAccessManage:1096 - Problem, Http access forbiden
2023-09-10 22:57:03,991 [ERROR] ServerAccessManage:651 - Problem, Http access forbiden : RoweBots.I-CUBE-UNISONRTOS.pdsc.
2023-09-10 22:57:04,118 [WARN] PackLoader:240 - Cannot read IP mode file for STMicroelectronics.FP-SNS-SMARTAG2.1.2.0
2023-09-10 22:57:04,134 [WARN] PackLoader:240 - Cannot read IP mode file for STMicroelectronics.X-CUBE-NFC6.3.0.0
2023-09-10 22:57:04,139 [INFO] PopulateThirdPartyThread:66 - Ending populate Thread
2023-09-10 22:57:04,144 [INFO] ThirdParty:1030 - CMSIS Pack Vendor :STMicroelectronics FP-SNS-SMARTAG2 1.2.0
2023-09-10 22:57:04,145 [INFO] ThirdParty:1030 - CMSIS Pack Vendor :STMicroelectronics X-CUBE-NFC6 3.0.0
2023-09-10 22:57:04,145 [INFO] LoadServerUpdatesThread:373 - End of LoadServerUpdate Thread
2023-09-10 22:57:04,241 [INFO] CheckServerUpdateThread:120 - End of CheckServer Thread
2023-09-10 22:57:04,254 [INFO] MainUpdater:2854 - connection check result : 10
2023-09-10 22:57:04,255 [INFO] MainUpdater:2854 - connection check result : 10
2023-09-10 22:57:04,298 [INFO] MicroXplorer:468 - Change Database Path : 
2023-09-10 22:57:04,298 [INFO] MicroXplorer:498 - Change Database Version : DB.6.0.80
2023-09-10 22:57:04,299 [WARN] ThirdParty:871 - waiting for thirdparty lock release [close project]
2023-09-10 22:57:05,850 [WARN] PackLoader:240 - Cannot read IP mode file for STMicroelectronics.X-CUBE-SMBUS.2.1.0
2023-09-10 22:57:05,865 [WARN] PackLoader:240 - Cannot read IP mode file for STMicroelectronics.X-CUBE-AZRTOS-F7.1.1.0
2023-09-10 22:57:05,872 [WARN] PackLoader:240 - Cannot read IP mode file for STMicroelectronics.FP-SNS-MOTENV1.4.3.2
2023-09-10 22:57:05,878 [WARN] PackLoader:240 - Cannot read IP mode file for STMicroelectronics.FP-SNS-FLIGHT1.5.0.2
2023-09-10 22:57:05,884 [WARN] PackLoader:240 - Cannot read IP mode file for STMicroelectronics.X-CUBE-DISPLAY.3.0.0
2023-09-10 22:57:05,891 [WARN] PackLoader:240 - Cannot read IP mode file for STMicroelectronics.X-CUBE-BLE1.7.0.0
2023-09-10 22:57:05,896 [WARN] PackLoader:240 - Cannot read IP mode file for emotas.I-CUBE-CANOPEN.1.3.0
2023-09-10 22:57:05,901 [WARN] PackLoader:240 - Cannot read IP mode file for STMicroelectronics.X-CUBE-TOUCHGFX.4.22.0
2023-09-10 22:57:05,903 [WARN] PackLoader:240 - Cannot read IP mode file for STMicroelectronics.FP-SNS-SMARTAG2.1.2.0
2023-09-10 22:57:05,909 [INFO] LogOutputStream:77 - [STDOUT_REDIRECT] 1 : Invalid condition id : UX_CORESTACK_Condition cause : null
2023-09-10 22:57:05,910 [INFO] LogOutputStream:77 - [STDOUT_REDIRECT] 1 : Invalid condition id : UX_CORESTACK_Condition cause : null
2023-09-10 22:57:05,910 [INFO] LogOutputStream:77 - [STDOUT_REDIRECT] 1 : Invalid condition id : UX_CORESTACK_Condition cause : null
2023-09-10 22:57:05,911 [INFO] LogOutputStream:77 - [STDOUT_REDIRECT] 1 : Invalid condition id : UX_CORESTACK_Condition cause : null
2023-09-10 22:57:05,912 [INFO] LogOutputStream:77 - [STDOUT_REDIRECT] 1 : Invalid condition id : UX_CORESTACK_Condition cause : null
2023-09-10 22:57:05,915 [WARN] PackLoader:240 - Cannot read IP mode file for STMicroelectronics.X-CUBE-AZRTOS-WL.2.0.0
2023-09-10 22:57:05,922 [WARN] PackLoader:240 - Cannot read IP mode file for WES.I-CUBE-Cesium.1.3.0
2023-09-10 22:57:05,927 [WARN] PackLoader:240 - Cannot read IP mode file for STMicroelectronics.X-CUBE-BLE2.3.3.0
2023-09-10 22:57:05,932 [WARN] PackLoader:240 - Cannot read IP mode file for STMicroelectronics.X-CUBE-ALGOBUILD.1.3.0
2023-09-10 22:57:05,946 [WARN] PackLoader:240 - Cannot read IP mode file for STMicroelectronics.X-CUBE-AZRTOS-G0.1.1.0
2023-09-10 22:57:05,953 [WARN] PackLoader:240 - Cannot read IP mode file for STMicroelectronics.X-CUBE-NFC4.3.0.0
2023-09-10 22:57:05,957 [WARN] PackLoader:240 - Cannot read IP mode file for STMicroelectronics.FP-ATR-SIGFOX1.3.2.0
2023-09-10 22:57:05,988 [WARN] PackLoader:240 - Cannot read IP mode file for SEGGER.I-CUBE-embOS.1.3.1
2023-09-10 22:57:06,063 [WARN] PackLoader:240 - Cannot read IP mode file for STMicroelectronics.X-CUBE-GNSS1.6.0.0
2023-09-10 22:57:06,082 [WARN] PackLoader:240 - Cannot read IP mode file for STMicroelectronics.X-CUBE-AZRTOS-F4.1.1.0
2023-09-10 22:57:06,089 [WARN] PackLoader:240 - Cannot read IP mode file for wolfSSL.I-CUBE-wolfSSL.5.6.3
2023-09-10 22:57:06,108 [WARN] PackLoader:240 - Cannot read IP mode file for STMicroelectronics.X-CUBE-AZRTOS-L5.2.0.0
2023-09-10 22:57:06,154 [WARN] PackLoader:240 - Cannot read IP mode file for STMicroelectronics.X-CUBE-MEMS1.9.6.0
2023-09-10 22:57:06,328 [WARN] PackLoader:240 - Cannot read IP mode file for STMicroelectronics.X-CUBE-BLEMGR.2.0.0
2023-09-10 22:57:06,345 [WARN] ConditionMgr:438 - getConditionDescription Invalid condition id : UX DEVICE CLASS RTOS Condition cause : null
2023-09-10 22:57:06,345 [WARN] ConditionMgr:438 - getConditionDescription Invalid condition id : UX DEVICE CLASS RTOS Condition cause : null
2023-09-10 22:57:06,349 [WARN] PackLoader:240 - Cannot read IP mode file for STMicroelectronics.X-CUBE-AZRTOS-H7.3.1.0
2023-09-10 22:57:06,349 [WARN] ConditionMgr:1039 - genDependencies : Invalid condition id : UX DEVICE CLASS RTOS Condition cause : null
2023-09-10 22:57:06,350 [WARN] ConditionMgr:1039 - genDependencies : Invalid condition id : UX DEVICE CLASS RTOS Condition cause : null
2023-09-10 22:57:06,351 [WARN] ConditionMgr:1039 - genDependencies : Invalid condition id : UX DEVICE CLASS RTOS Condition cause : null
2023-09-10 22:57:06,351 [WARN] ConditionMgr:1039 - genDependencies : Invalid condition id : UX DEVICE CLASS RTOS Condition cause : null
2023-09-10 22:57:06,351 [WARN] ConditionMgr:1039 - genDependencies : Invalid condition id : UX DEVICE CLASS RTOS Condition cause : null
2023-09-10 22:57:06,358 [WARN] PackLoader:240 - Cannot read IP mode file for STMicroelectronics.X-CUBE-NFC7.1.0.1
2023-09-10 22:57:06,366 [WARN] PackLoader:240 - Cannot read IP mode file for STMicroelectronics.X-CUBE-NFC6.3.0.0
2023-09-10 22:57:06,373 [WARN] PackLoader:240 - Cannot read IP mode file for STMicroelectronics.X-CUBE-EEPRMA1.4.1.0
2023-09-10 22:57:06,380 [WARN] PackLoader:240 - Cannot read IP mode file for STMicroelectronics.X-CUBE-AI.8.1.0
2023-09-10 22:57:06,399 [WARN] ConditionMgr:438 - getConditionDescription Invalid condition id : LAN8742 Phy interface Condition cause : null
2023-09-10 22:57:06,400 [WARN] PackLoader:240 - Cannot read IP mode file for STMicroelectronics.X-CUBE-AZRTOS-L4.2.0.0
2023-09-10 22:57:06,403 [WARN] ConditionMgr:1039 - genDependencies : Invalid condition id : LAN8742 Phy interface Condition cause : null
2023-09-10 22:57:06,403 [WARN] ConditionMgr:1039 - genDependencies : Invalid condition id : LAN8742 Phy interface Condition cause : null
2023-09-10 22:57:06,404 [WARN] ConditionMgr:1039 - genDependencies : Invalid condition id : LAN8742 Phy interface Condition cause : null
2023-09-10 22:57:06,410 [WARN] PackLoader:240 - Cannot read IP mode file for STMicroelectronics.X-CUBE-SFXS2LP1.4.0.0
2023-09-10 22:57:06,417 [WARN] PackLoader:240 - Cannot read IP mode file for STMicroelectronics.X-CUBE-ISPU.1.1.0
2023-09-10 22:57:06,429 [WARN] ConditionMgr:438 - getConditionDescription Invalid condition id : UX DEVICE CLASS RTOS Condition cause : null
2023-09-10 22:57:06,430 [WARN] ConditionMgr:438 - getConditionDescription Invalid condition id : UX DEVICE CLASS RTOS Condition cause : null
2023-09-10 22:57:06,432 [WARN] PackLoader:240 - Cannot read IP mode file for STMicroelectronics.X-CUBE-AZRTOS-WB.2.0.0
2023-09-10 22:57:06,433 [WARN] ConditionMgr:1039 - genDependencies : Invalid condition id : UX DEVICE CLASS RTOS Condition cause : null
2023-09-10 22:57:06,433 [WARN] ConditionMgr:1039 - genDependencies : Invalid condition id : UX DEVICE CLASS RTOS Condition cause : null
2023-09-10 22:57:06,433 [WARN] ConditionMgr:1039 - genDependencies : Invalid condition id : UX DEVICE CLASS RTOS Condition cause : null
2023-09-10 22:57:06,434 [WARN] ConditionMgr:1039 - genDependencies : Invalid condition id : UX DEVICE CLASS RTOS Condition cause : null
2023-09-10 22:57:06,434 [WARN] ConditionMgr:1039 - genDependencies : Invalid condition id : UX DEVICE CLASS RTOS Condition cause : null
2023-09-10 22:57:06,460 [WARN] PackLoader:240 - Cannot read IP mode file for STMicroelectronics.X-CUBE-FREERTOS.1.0.1
2023-09-10 22:57:06,469 [WARN] PackLoader:240 - Cannot read IP mode file for STMicroelectronics.X-CUBE-SUBG2.5.0.0
2023-09-10 22:57:06,484 [WARN] PackLoader:240 - Cannot read IP mode file for STMicroelectronics.X-CUBE-TOF1.3.3.1
2023-09-10 22:57:06,508 [WARN] PackLoader:240 - Cannot read IP mode file for STMicroelectronics.X-CUBE-AZRTOS-G4.2.0.0
2023-09-10 22:57:06,515 [WARN] PackLoader:240 - Cannot read IP mode file for STMicroelectronics.X-CUBE-FREERTOS.1.1.0
2023-09-10 22:57:06,520 [WARN] PackLoader:240 - Cannot read IP mode file for portGmbH.I-Cube-SoM-uGOAL.1.1.0
2023-09-10 22:57:06,524 [WARN] PackLoader:240 - Cannot read IP mode file for STMicroelectronics.X-CUBE-ALS.1.0.1
2023-09-10 22:57:06,528 [WARN] PackLoader:240 - Cannot read IP mode file for STMicroelectronics.FP-ATR-ASTRA1.2.0.0
2023-09-10 22:57:06,528 [INFO] ThirdParty:978 - Integrity check success = true
2023-09-10 22:57:06,528 [INFO] IntegrityCheckThread:100 - exiting critical section [integrity check]
2023-09-10 22:57:06,528 [INFO] IntegrityCheckThread:103 - End integrity checks thread
2023-09-10 22:57:06,528 [INFO] ThirdParty:873 - entering critical section [close project]
2023-09-10 22:57:06,529 [INFO] ThirdParty:883 - exiting critical section [close project]
2023-09-10 22:57:06,536 [INFO] PinOutPanel:1499 - setPackage(No Configuration,No Configuration)
2023-09-10 22:57:06,542 [INFO] UtilMem:75 - Begin LoadConfig() Used Memory: 566106288 Bytes (697303040)
2023-09-10 22:57:06,544 [INFO] MicroXplorer:468 - Change Database Path : 
2023-09-10 22:57:06,544 [INFO] MicroXplorer:498 - Change Database Version : DB.6.0.80
2023-09-10 22:57:06,544 [INFO] OpenFileManager:308 - Change cursor
2023-09-10 22:57:06,576 [INFO] Mcu:1937 - Initializing MCU STM32F103R(8-B)Tx STM32F103RBTx STM32F103RBT6
2023-09-10 22:57:07,302 [INFO] Context:659 - Trying to add GPIOservice into a context  which must be forbidden
2023-09-10 22:57:07,785 [INFO] RtosManager:555 - Registered RTOS mode: class=CMSIS, group=RTOS, mode=CMSIS_V1, owner=FREERTOS
2023-09-10 22:57:07,785 [INFO] RtosManager:555 - Registered RTOS mode: class=CMSIS, group=RTOS2, mode=CMSIS_V2, owner=FREERTOS
2023-09-10 22:57:07,785 [INFO] RtosManager:555 - Registered RTOS mode: class=RTOS, group=Core, mode=CMSIS_V1, owner=FREERTOS
2023-09-10 22:57:07,785 [INFO] RtosManager:555 - Registered RTOS mode: class=RTOS, group=Core, mode=CMSIS_V2, owner=FREERTOS
2023-09-10 22:57:07,786 [WARN] ModelIntegratedComponent:184 - Missing modes for component STMicroelectronics:FreeRTOS:0.0.1:STMicroelectronics:RTOS:FreeRTOS:Core:::10.2.0:
2023-09-10 22:57:07,796 [WARN] ModelIntegratedComponent:63 - No mode defined for component null
2023-09-10 22:57:07,797 [WARN] ModelIntegratedComponent:63 - No mode defined for component null
2023-09-10 22:57:07,797 [WARN] ModelIntegratedComponent:63 - No mode defined for component null
2023-09-10 22:57:07,797 [WARN] ModelIntegratedComponent:63 - No mode defined for component null
2023-09-10 22:57:07,797 [WARN] ModelIntegratedComponent:63 - No mode defined for component null
2023-09-10 22:57:07,797 [WARN] ModelIntegratedComponent:63 - No mode defined for component null
2023-09-10 22:57:07,797 [WARN] ModelIntegratedComponent:63 - No mode defined for component null
2023-09-10 22:57:07,797 [WARN] ModelIntegratedComponent:63 - No mode defined for component null
2023-09-10 22:57:07,797 [WARN] ModelIntegratedComponent:63 - No mode defined for component null
2023-09-10 22:57:07,797 [WARN] ModelIntegratedComponent:63 - No mode defined for component null
2023-09-10 22:57:07,798 [WARN] ModelIntegratedComponent:63 - No mode defined for component null
2023-09-10 22:57:07,798 [WARN] ModelIntegratedComponent:63 - No mode defined for component null
2023-09-10 22:57:07,798 [WARN] ModelIntegratedComponent:63 - No mode defined for component null
2023-09-10 22:57:07,798 [WARN] ModelIntegratedComponent:63 - No mode defined for component null
2023-09-10 22:57:07,798 [WARN] ModelIntegratedComponent:63 - No mode defined for component null
2023-09-10 22:57:07,798 [WARN] ModelIntegratedComponent:63 - No mode defined for component null
2023-09-10 22:57:07,798 [WARN] ModelIntegratedComponent:63 - No mode defined for component null
2023-09-10 22:57:07,798 [WARN] ModelIntegratedComponent:63 - No mode defined for component null
2023-09-10 22:57:07,798 [WARN] ModelIntegratedComponent:63 - No mode defined for component null
2023-09-10 22:57:07,798 [WARN] ModelIntegratedComponent:63 - No mode defined for component null
2023-09-10 22:57:07,799 [WARN] ModelIntegratedComponent:63 - No mode defined for component null
2023-09-10 22:57:07,799 [WARN] ModelIntegratedComponent:63 - No mode defined for component null
2023-09-10 22:57:07,799 [WARN] ModelIntegratedComponent:63 - No mode defined for component null
2023-09-10 22:57:07,799 [WARN] ModelIntegratedComponent:63 - No mode defined for component null
2023-09-10 22:57:07,799 [WARN] ModelIntegratedComponent:63 - No mode defined for component null
2023-09-10 22:57:07,799 [WARN] ModelIntegratedComponent:63 - No mode defined for component null
2023-09-10 22:57:07,799 [WARN] ModelIntegratedComponent:63 - No mode defined for component null
2023-09-10 22:57:07,799 [WARN] ModelIntegratedComponent:63 - No mode defined for component null
2023-09-10 22:57:07,799 [WARN] ModelIntegratedComponent:63 - No mode defined for component null
2023-09-10 22:57:07,799 [WARN] ModelIntegratedComponent:63 - No mode defined for component null
2023-09-10 22:57:07,799 [WARN] ModelIntegratedComponent:63 - No mode defined for component null
2023-09-10 22:57:07,799 [WARN] ModelIntegratedComponent:63 - No mode defined for component null
2023-09-10 22:57:07,799 [WARN] ModelIntegratedComponent:63 - No mode defined for component null
2023-09-10 22:57:07,815 [INFO] ThirdPartyModel:298 - Start build external matchings
2023-09-10 22:57:07,964 [INFO] ThirdPartyModel:316 - End build external matchings
2023-09-10 22:57:07,978 [INFO] ImportTextPane:194 - (OptionalMessage_ERROR) IP (RCC) : Parameter (ADCFreqValue) has invalid value (36000000)
2023-09-10 22:57:07,978 [INFO] ImportTextPane:194 - (OptionalMessage_ERROR) IP (RCC) : Invalid parameter (FamilyName)
2023-09-10 22:57:07,978 [INFO] ImportTextPane:194 - (OptionalMessage_ERROR) IP (RCC) : Parameter (MCOFreq_Value) has invalid value (72000000)
2023-09-10 22:57:07,979 [INFO] ImportTextPane:194 - (OptionalMessage_ERROR) IP (RCC) : Parameter (USBFreq_Value) has invalid value (72000000)
2023-09-10 22:57:08,167 [INFO] UtilMem:75 - End LoadConfig() Used Memory: 554460696 Bytes (697303040)
2023-09-10 22:57:08,340 [INFO] ApiDb:581 - Connected to CubeFinder SQLite database (C:\Users\yunch\.stmcufinder\plugins\mcufinder\mcu\cube-finder-db.db)
2023-09-10 22:57:08,421 [INFO] ApiDb:668 - CubeFinder database Data Model version=2.1
2023-09-10 22:57:08,421 [INFO] ApiDb:669 - CubeFinder database Configuration version=3.0.37
2023-09-10 22:57:08,422 [INFO] ApiDb:670 - CubeFinder database generation date=2023-08-09 (1691586011)
2023-09-10 22:57:08,422 [INFO] ApiDb:671 - CubeFinder database FW Pack versions=[FP-ATR-ASTRA1_V2.0.0, FP-SNS-FLIGHT1_V5.0.1, FP-SNS-FLIGHT1_V5.0.2, FP-SNS-MOTENV1_V4.3.1, FP-SNS-MOTENV1_V4.3.2, STM32Cube_FW_C0_V1.1.0, STM32Cube_FW_F4_V1.27.1, STM32Cube_FW_F7_V1.17.0, STM32Cube_FW_G0_V1.6.1, STM32Cube_FW_G4_V1.5.1, STM32Cube_FW_H5_V0.5.1, STM32Cube_FW_H5_V1.1.0, STM32Cube_FW_H7_V1.11.0, STM32Cube_FW_L0_V1.12.2, STM32Cube_FW_L5_V1.5.0, STM32Cube_FW_U5_V1.3.0, STM32Cube_FW_U5_V1.3.0RC4, STM32Cube_FW_WBA_V1.0.0RC1, STM32Cube_FW_WBA_V1.1.0, STM32Cube_FW_WBA_V1.1.0RC1, STM32Cube_FW_WB_V1.15.0RC1, STM32Cube_FW_WB_V1.16.0, STM32Cube_FW_WB_V1.16.0RC2, STM32Cube_FW_WB_V1.17.0, STM32Cube_FW_WL_V1.3.0, X-CUBE-ALGOBUILD_V1.3.0, X-CUBE-ALS_V1.0.1, X-CUBE-AZRTOS-F4_V1.1.0, X-CUBE-AZRTOS-F7_V1.1.0, X-CUBE-AZRTOS-G0_V1.1.0, X-CUBE-AZRTOS-G4_V2.0.0, X-CUBE-AZRTOS-H7_V3.1.0, X-CUBE-AZRTOS-L4_V1.0.0, X-CUBE-AZRTOS-L4_V2.0.0, X-CUBE-AZRTOS-L5_V1.1.0, X-CUBE-AZRTOS-WB_V1.1.0, X-CUBE-AZRTOS-WL_V2.0.0, X-CUBE-BLE1_V7.0.0, X-CUBE-BLE2_V3.3.0, X-CUBE-BLEMGR_V2.0.0, X-CUBE-EEPRMA1_V4.1.0, X-CUBE-FREERTOS_V1.1.0, X-CUBE-GNSS1_V6.0.0, X-CUBE-MEMS1_V9.1.0, X-CUBE-MEMS1_V9.4.0, X-CUBE-MEMS1_V9.6.0, X-CUBE-NFC4_V3.0.0, X-CUBE-NFC7_V1.0.0, X-CUBE-SFXS2LP1_V4.0.0, X-CUBE-SUBG2_V5.0.0, X-CUBE-TOF1_V3.3.1]
2023-09-10 22:57:10,410 [INFO] ApiDb:240 - Found 297 in-development CPN: [B-G473E-ZEST1S, B-WB1M-WPAN1, B-WL5M-SUBG1, NUCLEO-C031C6, NUCLEO-H503RB, NUCLEO-H563ZI, NUCLEO-U545RE-Q, NUCLEO-U5A5ZJ-Q, NUCLEO-WBA52CG, STEVAL-PROTEUS1, STEVAL-STWINBX1, STM320518-EVAL, STM32C0116-DK, STM32C011D6Y3TR, STM32C011D6Y6TR, STM32C011F4P3, STM32C011F4P6, STM32C011F4U3, STM32C011F4U6TR, STM32C011F6P3, STM32C011F6P6, STM32C011F6U3, STM32C011F6U6TR, STM32C011J4M3, STM32C011J4M6, STM32C011J6M3, STM32C011J6M6, STM32C0316-DK, STM32C031C4T3, STM32C031C4T6, STM32C031C4U3, STM32C031C4U6, STM32C031C6T3, STM32C031C6T6, STM32C031C6U3, STM32C031C6U6, STM32C031F4P3, STM32C031F4P6, STM32C031F6P3, STM32C031F6P6, STM32C031G4U3, STM32C031G4U6, STM32C031G6U3, STM32C031G6U6, STM32C031K4T3, STM32C031K4T6, STM32C031K4U3, STM32C031K4U6, STM32C031K6T3, STM32C031K6T6, STM32C031K6U3, STM32C031K6U6, STM32G071K8TXN, STM32G071K8UXN, STM32G081GBU6N, STM32G081KBT6N, STM32G081KBUXN, STM32G0B1CCT6N, STM32G0B1KCT6, STM32G0B1NEY6TR, STM32G0B1RCT6N, STM32G0C1CCT6, STM32G0C1CCT6N, STM32G0C1CCU6N, STM32G0C1CET6N, STM32G0C1CEU6N, STM32G0C1KCT6, STM32G0C1NEY6TR, STM32G0C1RCI6N, STM32G0C1RCT6N, STM32G0C1REI6N, STM32G0C1RET6N, STM32G0C1VCI6, STM32G0C1VEI6, STM32G471CCT6, STM32G471CCU6, STM32G471CET3, STM32G471CET6, STM32G471CEU3, STM32G471CEU6, STM32G471MCT6, STM32G471MET3, STM32G471MET6, STM32G471MEY6TR, STM32G471QCT6, STM32G471QET3, STM32G471RCT6, STM32G471RET3, STM32G471RET6, STM32G471VCH6, STM32G471VCI6, STM32G471VCT6, STM32G471VEH3, STM32G471VEH6, STM32G471VEI3, STM32G471VEI6, STM32G471VET3, STM32G471VET6, STM32G474CCT6, STM32H503CBT6, STM32H503CBU6, STM32H503EBY6TR, STM32H503KBU6, STM32H503RBT6, STM32H562AGI6, STM32H562AII6, STM32H562IGK6, STM32H562IGT6, STM32H562IIK6, STM32H562IIT6, STM32H562RGT6, STM32H562RGV6, STM32H562RIT6, STM32H562RIV6, STM32H562VGT6, STM32H562VIT6, STM32H562ZGT6, STM32H562ZIT6, STM32H563AGI6, STM32H563AII3Q, STM32H563AII6, STM32H563IGK6, STM32H563IGT6, STM32H563IIK3Q, STM32H563IIK6, STM32H563IIT3Q, STM32H563IIT6, STM32H563MIY3QTR, STM32H563RGT6, STM32H563RGV6, STM32H563RIT6, STM32H563RIV6, STM32H563VGT6, STM32H563VIT3Q, STM32H563VIT6, STM32H563ZGT6, STM32H563ZIT3Q, STM32H563ZIT6, STM32H573AII3Q, STM32H573AII6, STM32H573I-DK, STM32H573IIK3Q, STM32H573IIK6, STM32H573IIT3Q, STM32H573IIT6, STM32H573MIY3QTR, STM32H573RIT6, STM32H573RIV6, STM32H573VIT3Q, STM32H573VIT6, STM32H573ZIT3Q, STM32H573ZIT6, STM32L4R5QGI6STR, STM32MP131AAE3, STM32MP131AAF3, STM32MP131AAG3, STM32MP131CAE3, STM32MP131CAF3, STM32MP131CAG3, STM32MP131DAE7, STM32MP131DAF7, STM32MP131DAG7, STM32MP131FAE7, STM32MP131FAF7, STM32MP131FAG7, STM32MP133AAE3, STM32MP133AAF3, STM32MP133AAG3, STM32MP133CAE3, STM32MP133CAF3, STM32MP133CAG3, STM32MP133DAE7, STM32MP133DAF7, STM32MP133DAG7, STM32MP133FAE7, STM32MP133FAF7, STM32MP133FAG7, STM32MP135AAE3, STM32MP135AAF3, STM32MP135AAG3, STM32MP135CAE3, STM32MP135CAF3, STM32MP135CAG3, STM32MP135DAE7, STM32MP135DAF7, STM32MP135DAG7, STM32MP135F-DK, STM32MP135FAE7, STM32MP135FAF7, STM32MP135FAF7T, STM32MP135FAF7U, STM32MP135FAG7, STM32U535CBT6, STM32U535CBT6Q, STM32U535CBU6, STM32U535CBU6Q, STM32U535CCT6, STM32U535CCT6Q, STM32U535CCU6, STM32U535CCU6Q, STM32U535CET6, STM32U535CET6Q, STM32U535CEU6, STM32U535CEU6Q, STM32U535JEY6QTR, STM32U535NCY6QTR, STM32U535NEY6QTR, STM32U535RBI6, STM32U535RBI6Q, STM32U535RBT6, STM32U535RBT6Q, STM32U535RCI6, STM32U535RCI6Q, STM32U535RCT6, STM32U535RCT6Q, STM32U535REI6, STM32U535REI6Q, STM32U535RET6, STM32U535RET6Q, STM32U535VCI6, STM32U535VCI6Q, STM32U535VCT6, STM32U535VCT6Q, STM32U535VEI6, STM32U535VEI6Q, STM32U535VET6, STM32U535VET6Q, STM32U545CET6, STM32U545CET6Q, STM32U545CEU6, STM32U545CEU6Q, STM32U545JEY6QTR, STM32U545NEY6QTR, STM32U545REI6, STM32U545REI6Q, STM32U545RET6, STM32U545RET6Q, STM32U545VEI6, STM32U545VEI6Q, STM32U545VET6, STM32U545VET6Q, STM32U595AIH6, STM32U595AIH6Q, STM32U595AJH6, STM32U595AJH6Q, STM32U595QII6, STM32U595QII6Q, STM32U595QJI6, STM32U595QJI6Q, STM32U595RIT6, STM32U595RIT6Q, STM32U595RJT6, STM32U595RJT6Q, STM32U595VIT6, STM32U595VIT6Q, STM32U595VJT6, STM32U595VJT6Q, STM32U595ZIT6, STM32U595ZIT6Q, STM32U595ZIY6QTR, STM32U595ZJT6, STM32U595ZJT6Q, STM32U595ZJY6QTR, STM32U599BJY6QTR, STM32U599NIH6Q, STM32U599NJH6Q, STM32U599VIT6Q, STM32U599VJT6, STM32U599VJT6Q, STM32U599ZIT6Q, STM32U599ZIY6QTR, STM32U599ZJT6Q, STM32U599ZJY6QTR, STM32U5A5AJH6, STM32U5A5AJH6Q, STM32U5A5QJI6, STM32U5A5QJI6Q, STM32U5A5RJT6, STM32U5A5RJT6Q, STM32U5A5VJT6, STM32U5A5VJT6Q, STM32U5A5ZJT6, STM32U5A5ZJT6Q, STM32U5A5ZJY6QTR, STM32U5A9BJY6QTR, STM32U5A9J-DK, STM32U5A9NJH6Q, STM32U5A9VJT6Q, STM32U5A9ZJT6Q, STM32U5A9ZJY6QTR, STM32WB1MMCH6, STM32WBA52CEU6, STM32WBA52CEU6T, STM32WBA52CGU6, STM32WBA52CGU6T, STM32WL5MOCH6, STM32WL5MOCH6TR]
2023-09-10 22:57:10,414 [INFO] DbMcus:216 - Found 3825 MCUs, 3825 are supported
2023-09-10 22:57:10,434 [INFO] ApiDb:423 - Load user favorites file C:\Users\yunch/.stm32cubeide/favorites.mcus.txt: 1 item(s)
2023-09-10 22:57:10,434 [INFO] ApiDb:427 - User favorites MCUs=[STM32F103RBT6]
2023-09-10 22:57:10,435 [INFO] DbMcus:222 - Set 1 / 1 favorites MCUs
2023-09-10 22:57:10,879 [WARN] ThirdParty:833 - waiting for thirdparty lock release [change project]
2023-09-10 22:57:10,879 [INFO] ThirdParty:835 - entering critical section [change project]
2023-09-10 22:57:10,879 [INFO] ThirdParty:1030 - CMSIS Pack Vendor :STMicroelectronics X-CUBE-ISPU 1.1.0
2023-09-10 22:57:10,879 [INFO] ThirdParty:1030 - CMSIS Pack Vendor :STMicroelectronics X-CUBE-GNSS1 6.0.0
2023-09-10 22:57:10,879 [INFO] ThirdParty:1030 - CMSIS Pack Vendor :STMicroelectronics USB_HOST 2.0.0
2023-09-10 22:57:10,879 [INFO] ThirdParty:1030 - CMSIS Pack Vendor :STMicroelectronics X-CUBE-AZRTOS-F4 1.1.0
2023-09-10 22:57:10,879 [INFO] ThirdParty:1030 - CMSIS Pack Vendor :STMicroelectronics LIBJPEG 8.0.0
2023-09-10 22:57:10,879 [INFO] ThirdParty:1030 - CMSIS Pack Vendor :wolfSSL I-CUBE-wolfSSL 5.6.3
2023-09-10 22:57:10,879 [INFO] ThirdParty:1030 - CMSIS Pack Vendor :STMicroelectronics X-CUBE-SMBUS 2.1.0
2023-09-10 22:57:10,879 [INFO] ThirdParty:1030 - CMSIS Pack Vendor :STMicroelectronics USB_DEVICE 3.0.0
2023-09-10 22:57:10,879 [INFO] ThirdParty:1030 - CMSIS Pack Vendor :STMicroelectronics X-CUBE-AZRTOS-WB 2.0.0
2023-09-10 22:57:10,879 [INFO] ThirdParty:1030 - CMSIS Pack Vendor :STMicroelectronics X-CUBE-FREERTOS 1.0.1
2023-09-10 22:57:10,879 [INFO] ThirdParty:1030 - CMSIS Pack Vendor :STMicroelectronics X-CUBE-AZRTOS-F7 1.1.0
2023-09-10 22:57:10,879 [INFO] ThirdParty:1030 - CMSIS Pack Vendor :STMicroelectronics X-CUBE-AZRTOS-L5 2.0.0
2023-09-10 22:57:10,879 [INFO] ThirdParty:1030 - CMSIS Pack Vendor :STMicroelectronics USB_DEVICE 2.0.0
2023-09-10 22:57:10,879 [INFO] ThirdParty:1030 - CMSIS Pack Vendor :STMicroelectronics X-CUBE-MEMS1 9.6.0
2023-09-10 22:57:10,879 [INFO] ThirdParty:1030 - CMSIS Pack Vendor :STMicroelectronics FP-SNS-MOTENV1 4.3.2
2023-09-10 22:57:10,879 [INFO] ThirdParty:1030 - CMSIS Pack Vendor :STMicroelectronics X-CUBE-ALGOBUILD 1.3.0
2023-09-10 22:57:10,880 [INFO] ThirdParty:1030 - CMSIS Pack Vendor :STMicroelectronics FreeRTOS 0.0.1
2023-09-10 22:57:10,880 [INFO] ThirdParty:1030 - CMSIS Pack Vendor :STMicroelectronics X-CUBE-AZRTOS-G0 1.1.0
2023-09-10 22:57:10,880 [INFO] ThirdParty:1030 - CMSIS Pack Vendor :STMicroelectronics X-CUBE-BLEMGR 2.0.0
2023-09-10 22:57:10,880 [INFO] ThirdParty:1030 - CMSIS Pack Vendor :STMicroelectronics X-CUBE-NFC4 3.0.0
2023-09-10 22:57:10,880 [INFO] ThirdParty:1030 - CMSIS Pack Vendor :STMicroelectronics X-CUBE-SUBG2 5.0.0
2023-09-10 22:57:10,880 [INFO] ThirdParty:1030 - CMSIS Pack Vendor :STMicroelectronics STM32_WPAN 1.0.0
2023-09-10 22:57:10,880 [INFO] ThirdParty:1030 - CMSIS Pack Vendor :STMicroelectronics lwIP 2.0.3
2023-09-10 22:57:10,880 [INFO] ThirdParty:1030 - CMSIS Pack Vendor :STMicroelectronics FP-SNS-FLIGHT1 5.0.2
2023-09-10 22:57:10,880 [INFO] ThirdParty:1030 - CMSIS Pack Vendor :STMicroelectronics USB_HOST 1.0.0
2023-09-10 22:57:10,880 [INFO] ThirdParty:1030 - CMSIS Pack Vendor :STMicroelectronics X-CUBE-TOF1 3.3.1
2023-09-10 22:57:10,880 [INFO] ThirdParty:1030 - CMSIS Pack Vendor :STMicroelectronics X-CUBE-AZRTOS-G4 2.0.0
2023-09-10 22:57:10,880 [INFO] ThirdParty:1030 - CMSIS Pack Vendor :STMicroelectronics PDM2PCM 3.1.0
2023-09-10 22:57:10,880 [INFO] ThirdParty:1030 - CMSIS Pack Vendor :STMicroelectronics X-CUBE-AZRTOS-H7 3.1.0
2023-09-10 22:57:10,880 [INFO] ThirdParty:1030 - CMSIS Pack Vendor :STMicroelectronics PDM2PCM 3.3.0
2023-09-10 22:57:10,880 [INFO] ThirdParty:1030 - CMSIS Pack Vendor :STMicroelectronics X-CUBE-DISPLAY 3.0.0
2023-09-10 22:57:10,880 [INFO] ThirdParty:1030 - CMSIS Pack Vendor :STMicroelectronics X-CUBE-BLE1 7.0.0
2023-09-10 22:57:10,880 [INFO] ThirdParty:1030 - CMSIS Pack Vendor :STMicroelectronics FP-ATR-SIGFOX1 3.2.0
2023-09-10 22:57:10,880 [INFO] ThirdParty:1030 - CMSIS Pack Vendor :STMicroelectronics HAL Drivers 0.0.0
2023-09-10 22:57:10,880 [INFO] ThirdParty:1030 - CMSIS Pack Vendor :STMicroelectronics MBEDTLS 2.16.2
2023-09-10 22:57:10,880 [INFO] ThirdParty:1030 - CMSIS Pack Vendor :emotas I-CUBE-CANOPEN 1.3.0
2023-09-10 22:57:10,880 [INFO] ThirdParty:1030 - CMSIS Pack Vendor :STMicroelectronics X-CUBE-FREERTOS 1.1.0
2023-09-10 22:57:10,881 [INFO] ThirdParty:1030 - CMSIS Pack Vendor :STMicroelectronics X-CUBE-TOUCHGFX 4.22.0
2023-09-10 22:57:10,881 [INFO] ThirdParty:1030 - CMSIS Pack Vendor :STMicroelectronics X-CUBE-NFC7 1.0.1
2023-09-10 22:57:10,881 [INFO] ThirdParty:1030 - CMSIS Pack Vendor :STMicroelectronics MBEDTLS 2.14.1
2023-09-10 22:57:10,881 [INFO] ThirdParty:1030 - CMSIS Pack Vendor :STMicroelectronics X-CUBE-NFC6 3.0.0
2023-09-10 22:57:10,881 [INFO] ThirdParty:1030 - CMSIS Pack Vendor :STMicroelectronics X-CUBE-EEPRMA1 4.1.0
2023-09-10 22:57:10,881 [INFO] ThirdParty:1030 - CMSIS Pack Vendor :portGmbH I-Cube-SoM-uGOAL 1.1.0
2023-09-10 22:57:10,881 [INFO] ThirdParty:1030 - CMSIS Pack Vendor :STMicroelectronics X-CUBE-ALS 1.0.1
2023-09-10 22:57:10,881 [INFO] ThirdParty:1030 - CMSIS Pack Vendor :STMicroelectronics ThreadX 1.0.0
2023-09-10 22:57:10,881 [INFO] ThirdParty:1030 - CMSIS Pack Vendor :STMicroelectronics FP-SNS-SMARTAG2 1.2.0
2023-09-10 22:57:10,881 [INFO] ThirdParty:1030 - CMSIS Pack Vendor :STMicroelectronics X-CUBE-AZRTOS-WL 2.0.0
2023-09-10 22:57:10,881 [INFO] ThirdParty:1030 - CMSIS Pack Vendor :SEGGER I-CUBE-embOS 1.3.1
2023-09-10 22:57:10,881 [INFO] ThirdParty:1030 - CMSIS Pack Vendor :STMicroelectronics USB_DEVICE 1.0.0
2023-09-10 22:57:10,881 [INFO] ThirdParty:1030 - CMSIS Pack Vendor :STMicroelectronics X-CUBE-AI 8.1.0
2023-09-10 22:57:10,881 [INFO] ThirdParty:1030 - CMSIS Pack Vendor :STMicroelectronics X-CUBE-AZRTOS-L4 2.0.0
2023-09-10 22:57:10,881 [INFO] ThirdParty:1030 - CMSIS Pack Vendor :STMicroelectronics ThreadX 0.0.2
2023-09-10 22:57:10,881 [INFO] ThirdParty:1030 - CMSIS Pack Vendor :WES I-CUBE-Cesium 1.3.0
2023-09-10 22:57:10,881 [INFO] ThirdParty:1030 - CMSIS Pack Vendor :STMicroelectronics FP-ATR-ASTRA1 2.0.0
2023-09-10 22:57:10,881 [INFO] ThirdParty:1030 - CMSIS Pack Vendor :STMicroelectronics lwIP 2.1.2
2023-09-10 22:57:10,881 [INFO] ThirdParty:1030 - CMSIS Pack Vendor :STMicroelectronics X-CUBE-SFXS2LP1 4.0.0
2023-09-10 22:57:10,881 [INFO] ThirdParty:1030 - CMSIS Pack Vendor :STMicroelectronics X-CUBE-BLE2 3.3.0
2023-09-10 22:57:10,881 [INFO] ThirdParty:1030 - CMSIS Pack Vendor :STMicroelectronics PDM2PCM 3.2.0
2023-09-10 22:57:10,882 [INFO] ThirdParty:841 - exiting critical section [change project]
2023-09-10 22:57:11,155 [INFO] PinOutPanel:1499 - setPackage(No Configuration,No Configuration)
2023-09-10 22:57:11,156 [INFO] PinOutPanel:1499 - setPackage(STM32F103RBTx,LQFP64)
2023-09-10 22:57:11,807 [INFO] UtilMem:75 - Before build in PCC Used Memory: 598552336 Bytes (697303040)
2023-09-10 22:57:12,678 [INFO] UtilMem:75 - After build in PCC Used Memory: 555560584 Bytes (697303040)
2023-09-10 22:57:12,704 [INFO] IPUIPlugin:80 - create IPUIPlugin
2023-09-10 22:57:12,704 [INFO] IPUIPlugin:80 - create IPUIPlugin
2023-09-10 22:57:12,704 [INFO] IPUIPlugin:80 - create IPUIPlugin
2023-09-10 22:57:12,704 [INFO] IPUIPlugin:80 - create IPUIPlugin
2023-09-10 22:57:12,704 [INFO] IPUIPlugin:80 - create IPUIPlugin
2023-09-10 22:57:12,704 [INFO] IPUIPlugin:80 - create IPUIPlugin
2023-09-10 22:57:12,704 [INFO] IPUIPlugin:80 - create IPUIPlugin
2023-09-10 22:57:12,704 [INFO] IPUIPlugin:80 - create IPUIPlugin
2023-09-10 22:57:12,705 [INFO] IPUIPlugin:80 - create IPUIPlugin
2023-09-10 22:57:12,705 [INFO] IPUIPlugin:80 - create IPUIPlugin
2023-09-10 22:57:12,705 [INFO] IPUIPlugin:80 - create IPUIPlugin
2023-09-10 22:57:12,705 [INFO] IPUIPlugin:80 - create IPUIPlugin
2023-09-10 22:57:12,705 [INFO] IPUIPlugin:80 - create IPUIPlugin
2023-09-10 22:57:12,705 [INFO] IPUIPlugin:80 - create IPUIPlugin
2023-09-10 22:57:12,706 [INFO] IPUIPlugin:80 - create IPUIPlugin
2023-09-10 22:57:12,706 [INFO] IPUIPlugin:80 - create IPUIPlugin
2023-09-10 22:57:12,706 [INFO] IPUIPlugin:80 - create IPUIPlugin
2023-09-10 22:57:12,706 [INFO] IPUIPlugin:80 - create IPUIPlugin
2023-09-10 22:57:12,706 [INFO] IPUIPlugin:80 - create IPUIPlugin
2023-09-10 22:57:12,707 [INFO] IPUIPlugin:80 - create IPUIPlugin
2023-09-10 22:57:12,707 [INFO] IPUIPlugin:80 - create IPUIPlugin
2023-09-10 22:57:12,707 [INFO] IPUIPlugin:80 - create IPUIPlugin
2023-09-10 22:57:12,707 [INFO] IPUIPlugin:80 - create IPUIPlugin
2023-09-10 22:57:12,707 [INFO] IPUIPlugin:80 - create IPUIPlugin
2023-09-10 22:57:12,707 [INFO] IPUIPlugin:80 - create IPUIPlugin
2023-09-10 22:57:12,708 [INFO] IPUIPlugin:80 - create IPUIPlugin
2023-09-10 22:57:12,708 [INFO] IPUIPlugin:80 - create IPUIPlugin
2023-09-10 22:57:12,918 [INFO] CADModel:165 - CPN selected for project levelSTM32F103RBT6
2023-09-10 22:57:12,918 [INFO] CADModel:114 - Register for checkConnection events
2023-09-10 22:57:12,988 [INFO] OpenFileManager:328 - Restore cursor
2023-09-10 22:59:53,747 [INFO] NvicIntPanel:101 - NVIC parent = com.st.microxplorer.plugins.ip.nvic.MultiNvicIntPanel[,0,0,0x0,invalid,layout=javax.swing.BoxLayout,alignmentX=0.0,alignmentY=0.0,border=,flags=9,maximumSize=,minimumSize=,preferredSize=]
