2023-08-17 05:03:15,336 [INFO] Activator:176 - 


2023-08-17 05:03:15,339 [INFO] Activator:177 - !SESSION log4j initialized
2023-08-17 05:03:18,601 [INFO] LogOutputStream:77 - [STDOUT_REDIRECT] 
2023-08-17 05:03:36,625 [INFO] ApplicationProperties:184 - Using Application install path: C:\ST\STM32CubeIDE_1.12.0\STM32CubeIDE\plugins\com.st.stm32cube.common.mx_6.8.0.202302231600
2023-08-17 05:03:36,647 [INFO] DbMcusXml:78 - Set database path to: C:\ST\STM32CubeIDE_1.12.0\STM32CubeIDE\plugins\com.st.stm32cube.common.mx_6.8.0.202302231600\\db\/mcu/
2023-08-17 05:03:36,647 [INFO] ApiDb:274 - Set plugin database path to: C:\ST\STM32CubeIDE_1.12.0\STM32CubeIDE\plugins\com.st.stm32cube.common.mx_6.8.0.202302231600\\db\/plugins/boardmanager/
2023-08-17 05:03:36,649 [WARN] ApiDb:259 - Overriding images path with different value:  => C:\ST\STM32CubeIDE_1.12.0\STM32CubeIDE\plugins\com.st.stm32cube.common.mx_6.8.0.202302231600\\db\/plugins/mcufinder/images/
2023-08-17 05:03:36,664 [INFO] ApiDb:250 - Set database path to: C:\Users\yunch\.stmcufinder\plugins\mcufinder//mcu/
2023-08-17 05:03:36,665 [INFO] DbMcusAds:125 - Set database path to: C:\Users\yunch\.stmcufinder\plugins\mcufinder//mcu/
2023-08-17 05:03:36,673 [INFO] CrossReferenceDbSqlite:203 - Set database path to: C:\Users\yunch\.stmcufinder\plugins\mcufinder//mcu/cs/
2023-08-17 05:03:36,797 [INFO] RulesReader:64 - Compatibility file has been processed (293 Rules)
2023-08-17 05:03:36,876 [INFO] DbMcusXml:78 - Set database path to: C:\ST\STM32CubeIDE_1.12.0\STM32CubeIDE\plugins\com.st.stm32cube.common.mx_6.8.0.202302231600\\db\/mcu/
2023-08-17 05:03:36,878 [INFO] ApiDb:274 - Set plugin database path to: C:\ST\STM32CubeIDE_1.12.0\STM32CubeIDE\plugins\com.st.stm32cube.common.mx_6.8.0.202302231600\\db\/plugins/boardmanager/
2023-08-17 05:03:36,878 [INFO] ApiDb:261 - Set plugin images path to: C:\ST\STM32CubeIDE_1.12.0\STM32CubeIDE\plugins\com.st.stm32cube.common.mx_6.8.0.202302231600\\db\/plugins/mcufinder/images/
2023-08-17 05:03:36,878 [WARN] DbFile:41 - Overriding database path with different value: C:\Users\yunch\.stmcufinder\plugins\mcufinder/ => C:\Users\yunch\.stmcufinder\plugins\mcufinder
2023-08-17 05:03:36,878 [INFO] ApiDb:250 - Set database path to: C:\Users\yunch\.stmcufinder\plugins\mcufinder//mcu/
2023-08-17 05:03:36,878 [WARN] DbFile:41 - Overriding database path with different value: C:\Users\yunch\.stmcufinder\plugins\mcufinder/ => C:\Users\yunch\.stmcufinder\plugins\mcufinder
2023-08-17 05:03:36,879 [INFO] DbMcusAds:125 - Set database path to: C:\Users\yunch\.stmcufinder\plugins\mcufinder//mcu/
2023-08-17 05:03:36,879 [WARN] DbFile:41 - Overriding database path with different value: C:\Users\yunch\.stmcufinder\plugins\mcufinder/ => C:\Users\yunch\.stmcufinder\plugins\mcufinder
2023-08-17 05:03:36,879 [WARN] DbFile:41 - Overriding database path with different value: C:\Users\yunch\.stmcufinder\plugins\mcufinder/ => C:\Users\yunch\.stmcufinder\plugins\mcufinder
2023-08-17 05:03:36,879 [INFO] CrossReferenceDbSqlite:203 - Set database path to: C:\Users\yunch\.stmcufinder\plugins\mcufinder//mcu/cs/
2023-08-17 05:03:36,958 [INFO] MainPanel:253 - HeapMemory: 268435456
2023-08-17 05:03:37,052 [INFO] DbMcusXml:78 - Set database path to: C:\ST\STM32CubeIDE_1.12.0\STM32CubeIDE\plugins\com.st.stm32cube.common.mx_6.8.0.202302231600\\db\/mcu/
2023-08-17 05:03:37,052 [INFO] ApiDb:274 - Set plugin database path to: C:\ST\STM32CubeIDE_1.12.0\STM32CubeIDE\plugins\com.st.stm32cube.common.mx_6.8.0.202302231600\\db\/plugins/boardmanager/
2023-08-17 05:03:37,052 [INFO] ApiDb:261 - Set plugin images path to: C:\ST\STM32CubeIDE_1.12.0\STM32CubeIDE\plugins\com.st.stm32cube.common.mx_6.8.0.202302231600\\db\/plugins/mcufinder/images/
2023-08-17 05:03:37,054 [WARN] DbFile:41 - Overriding database path with different value: C:\Users\yunch\.stmcufinder\plugins\mcufinder/ => C:\Users\yunch\.stmcufinder\plugins\mcufinder
2023-08-17 05:03:37,054 [INFO] ApiDb:250 - Set database path to: C:\Users\yunch\.stmcufinder\plugins\mcufinder//mcu/
2023-08-17 05:03:37,054 [WARN] DbFile:41 - Overriding database path with different value: C:\Users\yunch\.stmcufinder\plugins\mcufinder/ => C:\Users\yunch\.stmcufinder\plugins\mcufinder
2023-08-17 05:03:37,054 [INFO] DbMcusAds:125 - Set database path to: C:\Users\yunch\.stmcufinder\plugins\mcufinder//mcu/
2023-08-17 05:03:37,054 [WARN] DbFile:41 - Overriding database path with different value: C:\Users\yunch\.stmcufinder\plugins\mcufinder/ => C:\Users\yunch\.stmcufinder\plugins\mcufinder
2023-08-17 05:03:37,054 [WARN] DbFile:41 - Overriding database path with different value: C:\Users\yunch\.stmcufinder\plugins\mcufinder/ => C:\Users\yunch\.stmcufinder\plugins\mcufinder
2023-08-17 05:03:37,054 [INFO] CrossReferenceDbSqlite:203 - Set database path to: C:\Users\yunch\.stmcufinder\plugins\mcufinder//mcu/cs/
2023-08-17 05:03:37,069 [INFO] ApplicationProperties:184 - Using Application install path: C:\ST\STM32CubeIDE_1.12.0\STM32CubeIDE\plugins\com.st.stm32cube.common.mx_6.8.0.202302231600
2023-08-17 05:03:37,070 [INFO] PluginManage:196 - Search for loadable plugins [exclusion list=, ]
2023-08-17 05:03:37,071 [INFO] PluginManage:310 - Check plugin analytics
2023-08-17 05:03:37,217 [INFO] AnalyticsPlugin:253 - Accepted Software Licenses: 
2023-08-17 05:03:37,217 [INFO] AnalyticsPlugin:255 - Accepted CMSIS Pack Licenses: 
2023-08-17 05:03:37,218 [INFO] AnalyticsPlugin:257 - Accepted Firmware Licenses: 
2023-08-17 05:03:37,224 [INFO] PluginManage:359 - Loaded plugin analytics (category:tool,tabindex:-1)
2023-08-17 05:03:37,224 [INFO] PluginManage:310 - Check plugin cadmodel
2023-08-17 05:03:37,231 [INFO] CADModel:105 - Init CAD model plugin
2023-08-17 05:03:37,231 [INFO] PluginManage:359 - Loaded plugin cadmodel (category:power,tabindex:5)
2023-08-17 05:03:37,231 [INFO] PluginManage:310 - Check plugin clock
2023-08-17 05:03:37,242 [INFO] PluginManage:359 - Loaded plugin clock (category:base,tabindex:2)
2023-08-17 05:03:37,242 [INFO] PluginManage:310 - Check plugin ddr
2023-08-17 05:03:37,244 [INFO] PluginManage:359 - Loaded plugin ddr (category:tool,tabindex:6)
2023-08-17 05:03:37,246 [INFO] PluginManage:310 - Check plugin filemanager
2023-08-17 05:03:37,355 [INFO] PluginManage:359 - Loaded plugin filemanager (category:base,tabindex:10)
2023-08-17 05:03:37,355 [INFO] PluginManage:310 - Check plugin ipmanager
2023-08-17 05:03:37,362 [INFO] PluginManage:359 - Loaded plugin ipmanager (category:base,tabindex:5)
2023-08-17 05:03:37,362 [INFO] PluginManage:310 - Check plugin lpbam
2023-08-17 05:03:37,371 [INFO] PluginManage:359 - Loaded plugin lpbam (category:base,tabindex:0)
2023-08-17 05:03:37,371 [INFO] PluginManage:310 - Check plugin pinoutandconfiguration
2023-08-17 05:03:37,404 [INFO] PluginManage:359 - Loaded plugin pinoutandconfiguration (category:base,tabindex:1)
2023-08-17 05:03:37,404 [INFO] PluginManage:310 - Check plugin pinoutconfig
2023-08-17 05:03:37,479 [WARN] SupportedApi:132 - Cannot load RTOS API schema: s4s-elt-must-match.1: The content of 'definitions' must match (annotation?, (simpleType | complexType)?, (unique | key | keyref)*)). A problem was found starting at: attribute.
2023-08-17 05:03:37,606 [INFO] PluginManage:359 - Loaded plugin pinoutconfig (category:base,tabindex:0)
2023-08-17 05:03:37,606 [INFO] PluginManage:310 - Check plugin power
2023-08-17 05:03:37,618 [INFO] PluginManage:359 - Loaded plugin power (category:power,tabindex:4)
2023-08-17 05:03:37,618 [INFO] PluginManage:310 - Check plugin projectmanager
2023-08-17 05:03:37,636 [INFO] PluginManage:359 - Loaded plugin projectmanager (category:projectmanager,tabindex:3)
2023-08-17 05:03:37,636 [INFO] PluginManage:310 - Check plugin thirdparty
2023-08-17 05:03:37,771 [INFO] PluginManage:359 - Loaded plugin thirdparty (category:base,tabindex:-1)
2023-08-17 05:03:37,771 [WARN] IntegrityCheckThread:84 - waiting for thirdparty lock release [integrity check]
2023-08-17 05:03:37,771 [INFO] PluginManage:310 - Check plugin tools
2023-08-17 05:03:37,771 [INFO] IntegrityCheckThread:86 - entering critical section [integrity check]
2023-08-17 05:03:37,773 [INFO] ThirdPartyUpdaterWithRetryManager:70 - Updater plugin not ready yet. [1/15]
2023-08-17 05:03:37,774 [INFO] PluginManage:359 - Loaded plugin tools (category:base,tabindex:7)
2023-08-17 05:03:37,774 [INFO] PluginManage:310 - Check plugin tutovideos
2023-08-17 05:03:38,014 [INFO] PluginManage:359 - Loaded plugin tutovideos (category:base,tabindex:-1)
2023-08-17 05:03:38,014 [INFO] PluginManage:310 - Check plugin updater
2023-08-17 05:03:38,030 [INFO] PluginManage:359 - Loaded plugin updater (category:base,tabindex:12)
2023-08-17 05:03:38,030 [INFO] PluginManage:283 - PluginManage : Loaded plugins [15]
2023-08-17 05:03:38,265 [INFO] PinOutPanel:1499 - setPackage(No Configuration,No Configuration)
2023-08-17 05:03:38,325 [INFO] CADModel:165 - CPN selected for project level
2023-08-17 05:03:38,325 [INFO] CADModel:114 - Register for checkConnection events
2023-08-17 05:03:38,345 [INFO] IPUIPlugin:80 - create IPUIPlugin
2023-08-17 05:03:38,346 [INFO] PluginManager:220 - loadIPPluginJar : add adc
2023-08-17 05:03:38,348 [INFO] IPUIPlugin:80 - create IPUIPlugin
2023-08-17 05:03:38,348 [INFO] PluginManager:220 - loadIPPluginJar : add aes
2023-08-17 05:03:38,351 [INFO] IPUIPlugin:80 - create IPUIPlugin
2023-08-17 05:03:38,351 [INFO] PluginManager:220 - loadIPPluginJar : add can
2023-08-17 05:03:38,353 [INFO] IPUIPlugin:80 - create IPUIPlugin
2023-08-17 05:03:38,353 [INFO] PluginManager:220 - loadIPPluginJar : add comp
2023-08-17 05:03:38,356 [INFO] IPUIPlugin:80 - create IPUIPlugin
2023-08-17 05:03:38,356 [INFO] PluginManager:220 - loadIPPluginJar : add cryp
2023-08-17 05:03:38,358 [INFO] IPUIPlugin:80 - create IPUIPlugin
2023-08-17 05:03:38,358 [INFO] PluginManager:220 - loadIPPluginJar : add dfsdm
2023-08-17 05:03:38,365 [INFO] IPUIPlugin:80 - create IPUIPlugin
2023-08-17 05:03:38,365 [INFO] PluginManager:220 - loadIPPluginJar : add dma
2023-08-17 05:03:38,368 [INFO] IPUIPlugin:80 - create IPUIPlugin
2023-08-17 05:03:38,368 [INFO] PluginManager:220 - loadIPPluginJar : add dma3
2023-08-17 05:03:38,369 [INFO] IPUIPlugin:80 - create IPUIPlugin
2023-08-17 05:03:38,370 [INFO] PluginManager:220 - loadIPPluginJar : add fatfs
2023-08-17 05:03:38,373 [INFO] IPUIPlugin:80 - create IPUIPlugin
2023-08-17 05:03:38,373 [INFO] PluginManager:220 - loadIPPluginJar : add fmc
2023-08-17 05:03:38,381 [INFO] IPUIPlugin:80 - create IPUIPlugin
2023-08-17 05:03:38,381 [INFO] PluginManager:220 - loadIPPluginJar : add freertos
2023-08-17 05:03:38,382 [INFO] IPUIPlugin:80 - create IPUIPlugin
2023-08-17 05:03:38,383 [INFO] PluginManager:220 - loadIPPluginJar : add genericplugin
2023-08-17 05:03:38,385 [INFO] IPUIPlugin:80 - create IPUIPlugin
2023-08-17 05:03:38,385 [INFO] PluginManager:220 - loadIPPluginJar : add gfxmmu
2023-08-17 05:03:38,391 [INFO] IPUIPlugin:80 - create IPUIPlugin
2023-08-17 05:03:38,391 [INFO] PluginManager:220 - loadIPPluginJar : add gic
2023-08-17 05:03:38,395 [INFO] IPUIPlugin:80 - create IPUIPlugin
2023-08-17 05:03:38,395 [INFO] PluginManager:220 - loadIPPluginJar : add gpio
2023-08-17 05:03:38,398 [INFO] IPUIPlugin:80 - create IPUIPlugin
2023-08-17 05:03:38,398 [INFO] PluginManager:220 - loadIPPluginJar : add gtzc
2023-08-17 05:03:38,400 [INFO] IPUIPlugin:80 - create IPUIPlugin
2023-08-17 05:03:38,400 [INFO] PluginManager:220 - loadIPPluginJar : add hash
2023-08-17 05:03:38,403 [INFO] IPUIPlugin:80 - create IPUIPlugin
2023-08-17 05:03:38,403 [INFO] PluginManager:220 - loadIPPluginJar : add i2c
2023-08-17 05:03:38,407 [INFO] IPUIPlugin:80 - create IPUIPlugin
2023-08-17 05:03:38,407 [INFO] PluginManager:220 - loadIPPluginJar : add i2s
2023-08-17 05:03:38,410 [INFO] IPUIPlugin:80 - create IPUIPlugin
2023-08-17 05:03:38,410 [INFO] PluginManager:220 - loadIPPluginJar : add i3c
2023-08-17 05:03:38,414 [INFO] IPUIPlugin:80 - create IPUIPlugin
2023-08-17 05:03:38,414 [INFO] PluginManager:220 - loadIPPluginJar : add ipddr
2023-08-17 05:03:38,421 [INFO] IPUIPlugin:80 - create IPUIPlugin
2023-08-17 05:03:38,421 [INFO] PluginManager:220 - loadIPPluginJar : add linkedlist
2023-08-17 05:03:38,423 [INFO] IPUIPlugin:80 - create IPUIPlugin
2023-08-17 05:03:38,424 [INFO] PluginManager:220 - loadIPPluginJar : add lorawan
2023-08-17 05:03:38,425 [INFO] IPUIPlugin:80 - create IPUIPlugin
2023-08-17 05:03:38,425 [INFO] PluginManager:220 - loadIPPluginJar : add ltdc
2023-08-17 05:03:38,429 [INFO] IPUIPlugin:80 - create IPUIPlugin
2023-08-17 05:03:38,429 [INFO] PluginManager:220 - loadIPPluginJar : add mdma
2023-08-17 05:03:38,431 [INFO] IPUIPlugin:80 - create IPUIPlugin
2023-08-17 05:03:38,432 [INFO] PluginManager:220 - loadIPPluginJar : add nvic
2023-08-17 05:03:38,433 [INFO] IPUIPlugin:80 - create IPUIPlugin
2023-08-17 05:03:38,433 [INFO] PluginManager:220 - loadIPPluginJar : add opamp
2023-08-17 05:03:38,436 [INFO] IPUIPlugin:80 - create IPUIPlugin
2023-08-17 05:03:38,436 [INFO] PluginManager:220 - loadIPPluginJar : add openamp
2023-08-17 05:03:38,437 [INFO] IPUIPlugin:80 - create IPUIPlugin
2023-08-17 05:03:38,437 [INFO] PluginManager:220 - loadIPPluginJar : add pdm2pcm
2023-08-17 05:03:38,442 [INFO] IPUIPlugin:80 - create IPUIPlugin
2023-08-17 05:03:38,444 [INFO] PluginManager:220 - loadIPPluginJar : add plateformsettings
2023-08-17 05:03:38,445 [INFO] IPUIPlugin:80 - create IPUIPlugin
2023-08-17 05:03:38,445 [INFO] PluginManager:220 - loadIPPluginJar : add quadspi
2023-08-17 05:03:38,449 [INFO] IPUIPlugin:80 - create IPUIPlugin
2023-08-17 05:03:38,449 [INFO] PluginManager:220 - loadIPPluginJar : add resmgrutility
2023-08-17 05:03:38,451 [INFO] IPUIPlugin:80 - create IPUIPlugin
2023-08-17 05:03:38,451 [INFO] PluginManager:220 - loadIPPluginJar : add sai
2023-08-17 05:03:38,453 [INFO] IPUIPlugin:80 - create IPUIPlugin
2023-08-17 05:03:38,453 [INFO] PluginManager:220 - loadIPPluginJar : add spi
2023-08-17 05:03:38,457 [INFO] IPUIPlugin:80 - create IPUIPlugin
2023-08-17 05:03:38,457 [INFO] PluginManager:220 - loadIPPluginJar : add stm32_wpan
2023-08-17 05:03:38,458 [INFO] IPUIPlugin:80 - create IPUIPlugin
2023-08-17 05:03:38,458 [INFO] PluginManager:220 - loadIPPluginJar : add tim
2023-08-17 05:03:38,460 [INFO] IPUIPlugin:80 - create IPUIPlugin
2023-08-17 05:03:38,460 [INFO] PluginManager:220 - loadIPPluginJar : add touchsensing
2023-08-17 05:03:38,462 [INFO] IPUIPlugin:80 - create IPUIPlugin
2023-08-17 05:03:38,462 [INFO] PluginManager:220 - loadIPPluginJar : add tracer_emb
2023-08-17 05:03:38,463 [INFO] IPUIPlugin:80 - create IPUIPlugin
2023-08-17 05:03:38,463 [INFO] PluginManager:220 - loadIPPluginJar : add ts
2023-08-17 05:03:38,464 [INFO] IPUIPlugin:80 - create IPUIPlugin
2023-08-17 05:03:38,464 [INFO] PluginManager:220 - loadIPPluginJar : add tsc
2023-08-17 05:03:38,465 [INFO] IPUIPlugin:80 - create IPUIPlugin
2023-08-17 05:03:38,465 [INFO] PluginManager:220 - loadIPPluginJar : add ucpd
2023-08-17 05:03:38,467 [INFO] IPUIPlugin:80 - create IPUIPlugin
2023-08-17 05:03:38,467 [INFO] PluginManager:220 - loadIPPluginJar : add usart
2023-08-17 05:03:38,469 [INFO] IPUIPlugin:80 - create IPUIPlugin
2023-08-17 05:03:38,469 [INFO] PluginManager:220 - loadIPPluginJar : add usbx
2023-08-17 05:03:38,594 [INFO] CADModel:165 - CPN selected for project level
2023-08-17 05:03:38,594 [INFO] CADModel:114 - Register for checkConnection events
2023-08-17 05:03:38,594 [FATAL] Updater:308 - Updater called before beeing initialized
2023-08-17 05:03:38,595 [ERROR] CADModel:125 - Updater not yet initialized, retry later 
2023-08-17 05:03:38,752 [INFO] CADModel:165 - CPN selected for project level
2023-08-17 05:03:38,752 [INFO] CADModel:114 - Register for checkConnection events
2023-08-17 05:03:38,753 [FATAL] Updater:308 - Updater called before beeing initialized
2023-08-17 05:03:38,753 [ERROR] CADModel:125 - Updater not yet initialized, retry later 
2023-08-17 05:03:38,756 [FATAL] Updater:308 - Updater called before beeing initialized
2023-08-17 05:03:38,882 [FATAL] Updater:308 - Updater called before beeing initialized
2023-08-17 05:03:38,890 [INFO] DbMcusAds:53 - JSON generation date=Tue Mar 07 17:50:55 KST 2023 (1678179055114)
2023-08-17 05:03:38,890 [FATAL] Updater:308 - Updater called before beeing initialized
2023-08-17 05:03:38,981 [WARN] DetailPanel:346 - Failed to get advertising image, set to default
2023-08-17 05:03:39,077 [FATAL] Updater:308 - Updater called before beeing initialized
2023-08-17 05:03:39,080 [FATAL] Updater:308 - Updater called before beeing initialized
2023-08-17 05:03:39,080 [FATAL] Updater:308 - Updater called before beeing initialized
2023-08-17 05:03:39,080 [WARN] DetailPanel:346 - Failed to get advertising image, set to default
2023-08-17 05:03:39,080 [FATAL] Updater:308 - Updater called before beeing initialized
2023-08-17 05:03:39,146 [ERROR] Updater:1120 - MainUpdater not yet initialized. External WinMGr cannot be set.
2023-08-17 05:03:39,155 [INFO] Updater:1056 - Updater Version found : 6.8.0
2023-08-17 05:03:39,173 [INFO] ApplicationProperties:184 - Using Application install path: C:\ST\STM32CubeIDE_1.12.0\STM32CubeIDE\plugins\com.st.stm32cube.common.mx_6.8.0.202302231600
2023-08-17 05:03:39,206 [INFO] MainUpdater:519 - Copy updater definitions from MX database
2023-08-17 05:03:39,375 [INFO] MainUpdater:2854 - connection check result : 10
2023-08-17 05:03:39,375 [INFO] MainUpdater:3548 - Updater definition file requires update
2023-08-17 05:03:39,376 [INFO] MainUpdater:283 - Updater Check For Update Now.
2023-08-17 05:03:39,376 [INFO] MicroXplorer:498 - Change Database Version : DB.6.0.80
2023-08-17 05:03:39,440 [INFO] ServerAccessManage:473 - Download File updaters.zip
2023-08-17 05:03:39,607 [INFO] FileExtend:240 - Unzip File : updaters.zip
2023-08-17 05:03:39,607 [INFO] FileExtend:255 - Standard Zip Deflate
2023-08-17 05:03:40,392 [INFO] ServerAccessManage:473 - Download File PacksControlFlags.xml
2023-08-17 05:03:40,585 [INFO] ServerAccessManage:473 - Download File cubemx.pidx
2023-08-17 05:03:40,798 [WARN] MainUpdater:1187 - Updater busy. Cannot search thirdparties
2023-08-17 05:03:40,799 [INFO] ThirdPartyUpdaterWithRetryManager:96 - Updater plugin is busy. [1/15]
2023-08-17 05:03:40,831 [INFO] LoadServerUpdatesThread:373 - End of LoadServerUpdate Thread
2023-08-17 05:03:40,970 [ERROR] LogOutputStream:75 - [STDERR_REDIRECT] SLF4J: Failed to load class "org.slf4j.impl.StaticLoggerBinder".
2023-08-17 05:03:40,971 [ERROR] LogOutputStream:75 - [STDERR_REDIRECT] SLF4J: Defaulting to no-operation (NOP) logger implementation
2023-08-17 05:03:40,975 [ERROR] LogOutputStream:75 - [STDERR_REDIRECT] SLF4J: See http://www.slf4j.org/codes.html#StaticLoggerBinder for further details.
2023-08-17 05:03:41,134 [INFO] CheckServerUpdateThread:120 - End of CheckServer Thread
2023-08-17 05:03:41,281 [INFO] MainUpdater:2854 - connection check result : 10
2023-08-17 05:03:42,302 [INFO] ApiDb:581 - Connected to CubeFinder SQLite database (C:\Users\yunch\.stmcufinder\plugins\mcufinder\mcu\cube-finder-db.db)
2023-08-17 05:03:42,356 [INFO] ApiDb:668 - CubeFinder database Data Model version=2.1
2023-08-17 05:03:42,357 [INFO] ApiDb:669 - CubeFinder database Configuration version=3.0.37
2023-08-17 05:03:42,357 [INFO] ApiDb:670 - CubeFinder database generation date=2023-08-09 (1691586011)
2023-08-17 05:03:42,357 [INFO] ApiDb:671 - CubeFinder database FW Pack versions=[FP-ATR-ASTRA1_V2.0.0, FP-SNS-FLIGHT1_V5.0.1, FP-SNS-FLIGHT1_V5.0.2, FP-SNS-MOTENV1_V4.3.1, FP-SNS-MOTENV1_V4.3.2, STM32Cube_FW_C0_V1.1.0, STM32Cube_FW_F4_V1.27.1, STM32Cube_FW_F7_V1.17.0, STM32Cube_FW_G0_V1.6.1, STM32Cube_FW_G4_V1.5.1, STM32Cube_FW_H5_V0.5.1, STM32Cube_FW_H5_V1.1.0, STM32Cube_FW_H7_V1.11.0, STM32Cube_FW_L0_V1.12.2, STM32Cube_FW_L5_V1.5.0, STM32Cube_FW_U5_V1.3.0, STM32Cube_FW_U5_V1.3.0RC4, STM32Cube_FW_WBA_V1.0.0RC1, STM32Cube_FW_WBA_V1.1.0, STM32Cube_FW_WBA_V1.1.0RC1, STM32Cube_FW_WB_V1.15.0RC1, STM32Cube_FW_WB_V1.16.0, STM32Cube_FW_WB_V1.16.0RC2, STM32Cube_FW_WB_V1.17.0, STM32Cube_FW_WL_V1.3.0, X-CUBE-ALGOBUILD_V1.3.0, X-CUBE-ALS_V1.0.1, X-CUBE-AZRTOS-F4_V1.1.0, X-CUBE-AZRTOS-F7_V1.1.0, X-CUBE-AZRTOS-G0_V1.1.0, X-CUBE-AZRTOS-G4_V2.0.0, X-CUBE-AZRTOS-H7_V3.1.0, X-CUBE-AZRTOS-L4_V1.0.0, X-CUBE-AZRTOS-L4_V2.0.0, X-CUBE-AZRTOS-L5_V1.1.0, X-CUBE-AZRTOS-WB_V1.1.0, X-CUBE-AZRTOS-WL_V2.0.0, X-CUBE-BLE1_V7.0.0, X-CUBE-BLE2_V3.3.0, X-CUBE-BLEMGR_V2.0.0, X-CUBE-EEPRMA1_V4.1.0, X-CUBE-FREERTOS_V1.1.0, X-CUBE-GNSS1_V6.0.0, X-CUBE-MEMS1_V9.1.0, X-CUBE-MEMS1_V9.4.0, X-CUBE-MEMS1_V9.6.0, X-CUBE-NFC4_V3.0.0, X-CUBE-NFC7_V1.0.0, X-CUBE-SFXS2LP1_V4.0.0, X-CUBE-SUBG2_V5.0.0, X-CUBE-TOF1_V3.3.1]
2023-08-17 05:03:42,492 [INFO] DbBoardsSqlite:226 - include board P-NUCLEO-WB55-NUCLEO as a kit item of type 'Nucleo-64'
2023-08-17 05:03:42,493 [INFO] DbBoardsSqlite:226 - include board P-NUCLEO-WB55-USBDONGLE as a kit item of type 'Nucleo USB Dongle'
2023-08-17 05:03:42,494 [INFO] DbBoardsSqlite:226 - include board STEVAL-IDP005V1 as a kit item of type 'Evaluation Board'
2023-08-17 05:03:42,495 [INFO] DbBoardsSqlite:226 - include board STEVAL-IDP005V2 as a kit item of type 'Evaluation Board'
2023-08-17 05:03:42,842 [INFO] ApiDb:240 - Found 297 in-development CPN: [B-G473E-ZEST1S, B-WB1M-WPAN1, B-WL5M-SUBG1, NUCLEO-C031C6, NUCLEO-H503RB, NUCLEO-H563ZI, NUCLEO-U545RE-Q, NUCLEO-U5A5ZJ-Q, NUCLEO-WBA52CG, STEVAL-PROTEUS1, STEVAL-STWINBX1, STM320518-EVAL, STM32C0116-DK, STM32C011D6Y3TR, STM32C011D6Y6TR, STM32C011F4P3, STM32C011F4P6, STM32C011F4U3, STM32C011F4U6TR, STM32C011F6P3, STM32C011F6P6, STM32C011F6U3, STM32C011F6U6TR, STM32C011J4M3, STM32C011J4M6, STM32C011J6M3, STM32C011J6M6, STM32C0316-DK, STM32C031C4T3, STM32C031C4T6, STM32C031C4U3, STM32C031C4U6, STM32C031C6T3, STM32C031C6T6, STM32C031C6U3, STM32C031C6U6, STM32C031F4P3, STM32C031F4P6, STM32C031F6P3, STM32C031F6P6, STM32C031G4U3, STM32C031G4U6, STM32C031G6U3, STM32C031G6U6, STM32C031K4T3, STM32C031K4T6, STM32C031K4U3, STM32C031K4U6, STM32C031K6T3, STM32C031K6T6, STM32C031K6U3, STM32C031K6U6, STM32G071K8TXN, STM32G071K8UXN, STM32G081GBU6N, STM32G081KBT6N, STM32G081KBUXN, STM32G0B1CCT6N, STM32G0B1KCT6, STM32G0B1NEY6TR, STM32G0B1RCT6N, STM32G0C1CCT6, STM32G0C1CCT6N, STM32G0C1CCU6N, STM32G0C1CET6N, STM32G0C1CEU6N, STM32G0C1KCT6, STM32G0C1NEY6TR, STM32G0C1RCI6N, STM32G0C1RCT6N, STM32G0C1REI6N, STM32G0C1RET6N, STM32G0C1VCI6, STM32G0C1VEI6, STM32G471CCT6, STM32G471CCU6, STM32G471CET3, STM32G471CET6, STM32G471CEU3, STM32G471CEU6, STM32G471MCT6, STM32G471MET3, STM32G471MET6, STM32G471MEY6TR, STM32G471QCT6, STM32G471QET3, STM32G471RCT6, STM32G471RET3, STM32G471RET6, STM32G471VCH6, STM32G471VCI6, STM32G471VCT6, STM32G471VEH3, STM32G471VEH6, STM32G471VEI3, STM32G471VEI6, STM32G471VET3, STM32G471VET6, STM32G474CCT6, STM32H503CBT6, STM32H503CBU6, STM32H503EBY6TR, STM32H503KBU6, STM32H503RBT6, STM32H562AGI6, STM32H562AII6, STM32H562IGK6, STM32H562IGT6, STM32H562IIK6, STM32H562IIT6, STM32H562RGT6, STM32H562RGV6, STM32H562RIT6, STM32H562RIV6, STM32H562VGT6, STM32H562VIT6, STM32H562ZGT6, STM32H562ZIT6, STM32H563AGI6, STM32H563AII3Q, STM32H563AII6, STM32H563IGK6, STM32H563IGT6, STM32H563IIK3Q, STM32H563IIK6, STM32H563IIT3Q, STM32H563IIT6, STM32H563MIY3QTR, STM32H563RGT6, STM32H563RGV6, STM32H563RIT6, STM32H563RIV6, STM32H563VGT6, STM32H563VIT3Q, STM32H563VIT6, STM32H563ZGT6, STM32H563ZIT3Q, STM32H563ZIT6, STM32H573AII3Q, STM32H573AII6, STM32H573I-DK, STM32H573IIK3Q, STM32H573IIK6, STM32H573IIT3Q, STM32H573IIT6, STM32H573MIY3QTR, STM32H573RIT6, STM32H573RIV6, STM32H573VIT3Q, STM32H573VIT6, STM32H573ZIT3Q, STM32H573ZIT6, STM32L4R5QGI6STR, STM32MP131AAE3, STM32MP131AAF3, STM32MP131AAG3, STM32MP131CAE3, STM32MP131CAF3, STM32MP131CAG3, STM32MP131DAE7, STM32MP131DAF7, STM32MP131DAG7, STM32MP131FAE7, STM32MP131FAF7, STM32MP131FAG7, STM32MP133AAE3, STM32MP133AAF3, STM32MP133AAG3, STM32MP133CAE3, STM32MP133CAF3, STM32MP133CAG3, STM32MP133DAE7, STM32MP133DAF7, STM32MP133DAG7, STM32MP133FAE7, STM32MP133FAF7, STM32MP133FAG7, STM32MP135AAE3, STM32MP135AAF3, STM32MP135AAG3, STM32MP135CAE3, STM32MP135CAF3, STM32MP135CAG3, STM32MP135DAE7, STM32MP135DAF7, STM32MP135DAG7, STM32MP135F-DK, STM32MP135FAE7, STM32MP135FAF7, STM32MP135FAF7T, STM32MP135FAF7U, STM32MP135FAG7, STM32U535CBT6, STM32U535CBT6Q, STM32U535CBU6, STM32U535CBU6Q, STM32U535CCT6, STM32U535CCT6Q, STM32U535CCU6, STM32U535CCU6Q, STM32U535CET6, STM32U535CET6Q, STM32U535CEU6, STM32U535CEU6Q, STM32U535JEY6QTR, STM32U535NCY6QTR, STM32U535NEY6QTR, STM32U535RBI6, STM32U535RBI6Q, STM32U535RBT6, STM32U535RBT6Q, STM32U535RCI6, STM32U535RCI6Q, STM32U535RCT6, STM32U535RCT6Q, STM32U535REI6, STM32U535REI6Q, STM32U535RET6, STM32U535RET6Q, STM32U535VCI6, STM32U535VCI6Q, STM32U535VCT6, STM32U535VCT6Q, STM32U535VEI6, STM32U535VEI6Q, STM32U535VET6, STM32U535VET6Q, STM32U545CET6, STM32U545CET6Q, STM32U545CEU6, STM32U545CEU6Q, STM32U545JEY6QTR, STM32U545NEY6QTR, STM32U545REI6, STM32U545REI6Q, STM32U545RET6, STM32U545RET6Q, STM32U545VEI6, STM32U545VEI6Q, STM32U545VET6, STM32U545VET6Q, STM32U595AIH6, STM32U595AIH6Q, STM32U595AJH6, STM32U595AJH6Q, STM32U595QII6, STM32U595QII6Q, STM32U595QJI6, STM32U595QJI6Q, STM32U595RIT6, STM32U595RIT6Q, STM32U595RJT6, STM32U595RJT6Q, STM32U595VIT6, STM32U595VIT6Q, STM32U595VJT6, STM32U595VJT6Q, STM32U595ZIT6, STM32U595ZIT6Q, STM32U595ZIY6QTR, STM32U595ZJT6, STM32U595ZJT6Q, STM32U595ZJY6QTR, STM32U599BJY6QTR, STM32U599NIH6Q, STM32U599NJH6Q, STM32U599VIT6Q, STM32U599VJT6, STM32U599VJT6Q, STM32U599ZIT6Q, STM32U599ZIY6QTR, STM32U599ZJT6Q, STM32U599ZJY6QTR, STM32U5A5AJH6, STM32U5A5AJH6Q, STM32U5A5QJI6, STM32U5A5QJI6Q, STM32U5A5RJT6, STM32U5A5RJT6Q, STM32U5A5VJT6, STM32U5A5VJT6Q, STM32U5A5ZJT6, STM32U5A5ZJT6Q, STM32U5A5ZJY6QTR, STM32U5A9BJY6QTR, STM32U5A9J-DK, STM32U5A9NJH6Q, STM32U5A9VJT6Q, STM32U5A9ZJT6Q, STM32U5A9ZJY6QTR, STM32WB1MMCH6, STM32WBA52CEU6, STM32WBA52CEU6T, STM32WBA52CGU6, STM32WBA52CGU6T, STM32WL5MOCH6, STM32WL5MOCH6TR]
2023-08-17 05:03:42,846 [INFO] ApiDb:668 - CubeFinder database Data Model version=2.1
2023-08-17 05:03:42,847 [INFO] ApiDb:669 - CubeFinder database Configuration version=3.0.37
2023-08-17 05:03:42,847 [INFO] ApiDb:670 - CubeFinder database generation date=2023-08-09 (1691586011)
2023-08-17 05:03:42,847 [INFO] ApiDb:671 - CubeFinder database FW Pack versions=[FP-ATR-ASTRA1_V2.0.0, FP-SNS-FLIGHT1_V5.0.1, FP-SNS-FLIGHT1_V5.0.2, FP-SNS-MOTENV1_V4.3.1, FP-SNS-MOTENV1_V4.3.2, STM32Cube_FW_C0_V1.1.0, STM32Cube_FW_F4_V1.27.1, STM32Cube_FW_F7_V1.17.0, STM32Cube_FW_G0_V1.6.1, STM32Cube_FW_G4_V1.5.1, STM32Cube_FW_H5_V0.5.1, STM32Cube_FW_H5_V1.1.0, STM32Cube_FW_H7_V1.11.0, STM32Cube_FW_L0_V1.12.2, STM32Cube_FW_L5_V1.5.0, STM32Cube_FW_U5_V1.3.0, STM32Cube_FW_U5_V1.3.0RC4, STM32Cube_FW_WBA_V1.0.0RC1, STM32Cube_FW_WBA_V1.1.0, STM32Cube_FW_WBA_V1.1.0RC1, STM32Cube_FW_WB_V1.15.0RC1, STM32Cube_FW_WB_V1.16.0, STM32Cube_FW_WB_V1.16.0RC2, STM32Cube_FW_WB_V1.17.0, STM32Cube_FW_WL_V1.3.0, X-CUBE-ALGOBUILD_V1.3.0, X-CUBE-ALS_V1.0.1, X-CUBE-AZRTOS-F4_V1.1.0, X-CUBE-AZRTOS-F7_V1.1.0, X-CUBE-AZRTOS-G0_V1.1.0, X-CUBE-AZRTOS-G4_V2.0.0, X-CUBE-AZRTOS-H7_V3.1.0, X-CUBE-AZRTOS-L4_V1.0.0, X-CUBE-AZRTOS-L4_V2.0.0, X-CUBE-AZRTOS-L5_V1.1.0, X-CUBE-AZRTOS-WB_V1.1.0, X-CUBE-AZRTOS-WL_V2.0.0, X-CUBE-BLE1_V7.0.0, X-CUBE-BLE2_V3.3.0, X-CUBE-BLEMGR_V2.0.0, X-CUBE-EEPRMA1_V4.1.0, X-CUBE-FREERTOS_V1.1.0, X-CUBE-GNSS1_V6.0.0, X-CUBE-MEMS1_V9.1.0, X-CUBE-MEMS1_V9.4.0, X-CUBE-MEMS1_V9.6.0, X-CUBE-NFC4_V3.0.0, X-CUBE-NFC7_V1.0.0, X-CUBE-SFXS2LP1_V4.0.0, X-CUBE-SUBG2_V5.0.0, X-CUBE-TOF1_V3.3.1]
2023-08-17 05:03:43,921 [WARN] PackLoader:240 - Cannot read IP mode file for STMicroelectronics.X-CUBE-SMBUS.2.1.0
2023-08-17 05:03:43,952 [WARN] PackLoader:240 - Cannot read IP mode file for STMicroelectronics.X-CUBE-AZRTOS-F7.1.1.0
2023-08-17 05:03:43,965 [WARN] PackLoader:240 - Cannot read IP mode file for STMicroelectronics.FP-SNS-MOTENV1.4.3.2
2023-08-17 05:03:43,973 [WARN] PackLoader:240 - Cannot read IP mode file for STMicroelectronics.FP-SNS-FLIGHT1.5.0.2
2023-08-17 05:03:43,980 [WARN] PackLoader:240 - Cannot read IP mode file for STMicroelectronics.X-CUBE-DISPLAY.3.0.0
2023-08-17 05:03:43,995 [WARN] PackLoader:240 - Cannot read IP mode file for STMicroelectronics.X-CUBE-BLE1.7.0.0
2023-08-17 05:03:44,001 [WARN] PackLoader:240 - Cannot read IP mode file for emotas.I-CUBE-CANOPEN.1.3.0
2023-08-17 05:03:44,006 [WARN] PackLoader:240 - Cannot read IP mode file for STMicroelectronics.X-CUBE-TOUCHGFX.4.22.0
2023-08-17 05:03:44,015 [INFO] LogOutputStream:77 - [STDOUT_REDIRECT] 1 : Invalid condition id : UX_CORESTACK_Condition cause : null
2023-08-17 05:03:44,015 [INFO] LogOutputStream:77 - [STDOUT_REDIRECT] 1 : Invalid condition id : UX_CORESTACK_Condition cause : null
2023-08-17 05:03:44,016 [INFO] LogOutputStream:77 - [STDOUT_REDIRECT] 1 : Invalid condition id : UX_CORESTACK_Condition cause : null
2023-08-17 05:03:44,016 [INFO] LogOutputStream:77 - [STDOUT_REDIRECT] 1 : Invalid condition id : UX_CORESTACK_Condition cause : null
2023-08-17 05:03:44,017 [INFO] LogOutputStream:77 - [STDOUT_REDIRECT] 1 : Invalid condition id : UX_CORESTACK_Condition cause : null
2023-08-17 05:03:44,022 [WARN] PackLoader:240 - Cannot read IP mode file for STMicroelectronics.X-CUBE-AZRTOS-WL.2.0.0
2023-08-17 05:03:44,032 [WARN] PackLoader:240 - Cannot read IP mode file for WES.I-CUBE-Cesium.1.3.0
2023-08-17 05:03:44,037 [WARN] PackLoader:240 - Cannot read IP mode file for STMicroelectronics.X-CUBE-BLE2.3.3.0
2023-08-17 05:03:44,044 [WARN] PackLoader:240 - Cannot read IP mode file for STMicroelectronics.X-CUBE-ALGOBUILD.1.3.0
2023-08-17 05:03:44,063 [WARN] PackLoader:240 - Cannot read IP mode file for STMicroelectronics.X-CUBE-AZRTOS-G0.1.1.0
2023-08-17 05:03:44,070 [WARN] PackLoader:240 - Cannot read IP mode file for STMicroelectronics.X-CUBE-NFC4.3.0.0
2023-08-17 05:03:44,076 [WARN] PackLoader:240 - Cannot read IP mode file for STMicroelectronics.FP-ATR-SIGFOX1.3.2.0
2023-08-17 05:03:44,118 [WARN] PackLoader:240 - Cannot read IP mode file for SEGGER.I-CUBE-embOS.1.3.1
2023-08-17 05:03:44,182 [WARN] PackLoader:240 - Cannot read IP mode file for STMicroelectronics.X-CUBE-GNSS1.6.0.0
2023-08-17 05:03:44,203 [WARN] PackLoader:240 - Cannot read IP mode file for STMicroelectronics.X-CUBE-AZRTOS-F4.1.1.0
2023-08-17 05:03:44,212 [WARN] PackLoader:240 - Cannot read IP mode file for wolfSSL.I-CUBE-wolfSSL.5.6.3
2023-08-17 05:03:44,229 [WARN] PackLoader:240 - Cannot read IP mode file for STMicroelectronics.X-CUBE-AZRTOS-L5.2.0.0
2023-08-17 05:03:44,277 [WARN] PackLoader:240 - Cannot read IP mode file for STMicroelectronics.X-CUBE-MEMS1.9.6.0
2023-08-17 05:03:44,454 [WARN] PackLoader:240 - Cannot read IP mode file for STMicroelectronics.X-CUBE-BLEMGR.2.0.0
2023-08-17 05:03:44,470 [WARN] ConditionMgr:438 - getConditionDescription Invalid condition id : UX DEVICE CLASS RTOS Condition cause : null
2023-08-17 05:03:44,471 [WARN] ConditionMgr:438 - getConditionDescription Invalid condition id : UX DEVICE CLASS RTOS Condition cause : null
2023-08-17 05:03:44,473 [WARN] PackLoader:240 - Cannot read IP mode file for STMicroelectronics.X-CUBE-AZRTOS-H7.3.1.0
2023-08-17 05:03:44,474 [WARN] ConditionMgr:1039 - genDependencies : Invalid condition id : UX DEVICE CLASS RTOS Condition cause : null
2023-08-17 05:03:44,474 [WARN] ConditionMgr:1039 - genDependencies : Invalid condition id : UX DEVICE CLASS RTOS Condition cause : null
2023-08-17 05:03:44,475 [WARN] ConditionMgr:1039 - genDependencies : Invalid condition id : UX DEVICE CLASS RTOS Condition cause : null
2023-08-17 05:03:44,476 [WARN] ConditionMgr:1039 - genDependencies : Invalid condition id : UX DEVICE CLASS RTOS Condition cause : null
2023-08-17 05:03:44,476 [WARN] ConditionMgr:1039 - genDependencies : Invalid condition id : UX DEVICE CLASS RTOS Condition cause : null
2023-08-17 05:03:44,482 [WARN] PackLoader:240 - Cannot read IP mode file for STMicroelectronics.X-CUBE-NFC7.1.0.1
2023-08-17 05:03:44,487 [WARN] PackLoader:240 - Cannot read IP mode file for STMicroelectronics.X-CUBE-EEPRMA1.4.1.0
2023-08-17 05:03:44,492 [WARN] PackLoader:240 - Cannot read IP mode file for STMicroelectronics.X-CUBE-AI.8.1.0
2023-08-17 05:03:44,522 [WARN] ConditionMgr:438 - getConditionDescription Invalid condition id : LAN8742 Phy interface Condition cause : null
2023-08-17 05:03:44,523 [WARN] PackLoader:240 - Cannot read IP mode file for STMicroelectronics.X-CUBE-AZRTOS-L4.2.0.0
2023-08-17 05:03:44,525 [WARN] ConditionMgr:1039 - genDependencies : Invalid condition id : LAN8742 Phy interface Condition cause : null
2023-08-17 05:03:44,526 [WARN] ConditionMgr:1039 - genDependencies : Invalid condition id : LAN8742 Phy interface Condition cause : null
2023-08-17 05:03:44,526 [WARN] ConditionMgr:1039 - genDependencies : Invalid condition id : LAN8742 Phy interface Condition cause : null
2023-08-17 05:03:44,534 [WARN] PackLoader:240 - Cannot read IP mode file for STMicroelectronics.X-CUBE-SFXS2LP1.4.0.0
2023-08-17 05:03:44,542 [WARN] PackLoader:240 - Cannot read IP mode file for STMicroelectronics.X-CUBE-ISPU.1.1.0
2023-08-17 05:03:44,559 [WARN] ConditionMgr:438 - getConditionDescription Invalid condition id : UX DEVICE CLASS RTOS Condition cause : null
2023-08-17 05:03:44,559 [WARN] ConditionMgr:438 - getConditionDescription Invalid condition id : UX DEVICE CLASS RTOS Condition cause : null
2023-08-17 05:03:44,562 [WARN] PackLoader:240 - Cannot read IP mode file for STMicroelectronics.X-CUBE-AZRTOS-WB.2.0.0
2023-08-17 05:03:44,563 [WARN] ConditionMgr:1039 - genDependencies : Invalid condition id : UX DEVICE CLASS RTOS Condition cause : null
2023-08-17 05:03:44,563 [WARN] ConditionMgr:1039 - genDependencies : Invalid condition id : UX DEVICE CLASS RTOS Condition cause : null
2023-08-17 05:03:44,564 [WARN] ConditionMgr:1039 - genDependencies : Invalid condition id : UX DEVICE CLASS RTOS Condition cause : null
2023-08-17 05:03:44,564 [WARN] ConditionMgr:1039 - genDependencies : Invalid condition id : UX DEVICE CLASS RTOS Condition cause : null
2023-08-17 05:03:44,564 [WARN] ConditionMgr:1039 - genDependencies : Invalid condition id : UX DEVICE CLASS RTOS Condition cause : null
2023-08-17 05:03:44,571 [WARN] PackLoader:240 - Cannot read IP mode file for STMicroelectronics.X-CUBE-FREERTOS.1.0.1
2023-08-17 05:03:44,583 [WARN] PackLoader:240 - Cannot read IP mode file for STMicroelectronics.X-CUBE-SUBG2.5.0.0
2023-08-17 05:03:44,613 [WARN] PackLoader:240 - Cannot read IP mode file for STMicroelectronics.X-CUBE-TOF1.3.3.1
2023-08-17 05:03:44,645 [WARN] PackLoader:240 - Cannot read IP mode file for STMicroelectronics.X-CUBE-AZRTOS-G4.2.0.0
2023-08-17 05:03:44,647 [INFO] ApiDb:240 - Found 297 in-development CPN: [B-G473E-ZEST1S, B-WB1M-WPAN1, B-WL5M-SUBG1, NUCLEO-C031C6, NUCLEO-H503RB, NUCLEO-H563ZI, NUCLEO-U545RE-Q, NUCLEO-U5A5ZJ-Q, NUCLEO-WBA52CG, STEVAL-PROTEUS1, STEVAL-STWINBX1, STM320518-EVAL, STM32C0116-DK, STM32C011D6Y3TR, STM32C011D6Y6TR, STM32C011F4P3, STM32C011F4P6, STM32C011F4U3, STM32C011F4U6TR, STM32C011F6P3, STM32C011F6P6, STM32C011F6U3, STM32C011F6U6TR, STM32C011J4M3, STM32C011J4M6, STM32C011J6M3, STM32C011J6M6, STM32C0316-DK, STM32C031C4T3, STM32C031C4T6, STM32C031C4U3, STM32C031C4U6, STM32C031C6T3, STM32C031C6T6, STM32C031C6U3, STM32C031C6U6, STM32C031F4P3, STM32C031F4P6, STM32C031F6P3, STM32C031F6P6, STM32C031G4U3, STM32C031G4U6, STM32C031G6U3, STM32C031G6U6, STM32C031K4T3, STM32C031K4T6, STM32C031K4U3, STM32C031K4U6, STM32C031K6T3, STM32C031K6T6, STM32C031K6U3, STM32C031K6U6, STM32G071K8TXN, STM32G071K8UXN, STM32G081GBU6N, STM32G081KBT6N, STM32G081KBUXN, STM32G0B1CCT6N, STM32G0B1KCT6, STM32G0B1NEY6TR, STM32G0B1RCT6N, STM32G0C1CCT6, STM32G0C1CCT6N, STM32G0C1CCU6N, STM32G0C1CET6N, STM32G0C1CEU6N, STM32G0C1KCT6, STM32G0C1NEY6TR, STM32G0C1RCI6N, STM32G0C1RCT6N, STM32G0C1REI6N, STM32G0C1RET6N, STM32G0C1VCI6, STM32G0C1VEI6, STM32G471CCT6, STM32G471CCU6, STM32G471CET3, STM32G471CET6, STM32G471CEU3, STM32G471CEU6, STM32G471MCT6, STM32G471MET3, STM32G471MET6, STM32G471MEY6TR, STM32G471QCT6, STM32G471QET3, STM32G471RCT6, STM32G471RET3, STM32G471RET6, STM32G471VCH6, STM32G471VCI6, STM32G471VCT6, STM32G471VEH3, STM32G471VEH6, STM32G471VEI3, STM32G471VEI6, STM32G471VET3, STM32G471VET6, STM32G474CCT6, STM32H503CBT6, STM32H503CBU6, STM32H503EBY6TR, STM32H503KBU6, STM32H503RBT6, STM32H562AGI6, STM32H562AII6, STM32H562IGK6, STM32H562IGT6, STM32H562IIK6, STM32H562IIT6, STM32H562RGT6, STM32H562RGV6, STM32H562RIT6, STM32H562RIV6, STM32H562VGT6, STM32H562VIT6, STM32H562ZGT6, STM32H562ZIT6, STM32H563AGI6, STM32H563AII3Q, STM32H563AII6, STM32H563IGK6, STM32H563IGT6, STM32H563IIK3Q, STM32H563IIK6, STM32H563IIT3Q, STM32H563IIT6, STM32H563MIY3QTR, STM32H563RGT6, STM32H563RGV6, STM32H563RIT6, STM32H563RIV6, STM32H563VGT6, STM32H563VIT3Q, STM32H563VIT6, STM32H563ZGT6, STM32H563ZIT3Q, STM32H563ZIT6, STM32H573AII3Q, STM32H573AII6, STM32H573I-DK, STM32H573IIK3Q, STM32H573IIK6, STM32H573IIT3Q, STM32H573IIT6, STM32H573MIY3QTR, STM32H573RIT6, STM32H573RIV6, STM32H573VIT3Q, STM32H573VIT6, STM32H573ZIT3Q, STM32H573ZIT6, STM32L4R5QGI6STR, STM32MP131AAE3, STM32MP131AAF3, STM32MP131AAG3, STM32MP131CAE3, STM32MP131CAF3, STM32MP131CAG3, STM32MP131DAE7, STM32MP131DAF7, STM32MP131DAG7, STM32MP131FAE7, STM32MP131FAF7, STM32MP131FAG7, STM32MP133AAE3, STM32MP133AAF3, STM32MP133AAG3, STM32MP133CAE3, STM32MP133CAF3, STM32MP133CAG3, STM32MP133DAE7, STM32MP133DAF7, STM32MP133DAG7, STM32MP133FAE7, STM32MP133FAF7, STM32MP133FAG7, STM32MP135AAE3, STM32MP135AAF3, STM32MP135AAG3, STM32MP135CAE3, STM32MP135CAF3, STM32MP135CAG3, STM32MP135DAE7, STM32MP135DAF7, STM32MP135DAG7, STM32MP135F-DK, STM32MP135FAE7, STM32MP135FAF7, STM32MP135FAF7T, STM32MP135FAF7U, STM32MP135FAG7, STM32U535CBT6, STM32U535CBT6Q, STM32U535CBU6, STM32U535CBU6Q, STM32U535CCT6, STM32U535CCT6Q, STM32U535CCU6, STM32U535CCU6Q, STM32U535CET6, STM32U535CET6Q, STM32U535CEU6, STM32U535CEU6Q, STM32U535JEY6QTR, STM32U535NCY6QTR, STM32U535NEY6QTR, STM32U535RBI6, STM32U535RBI6Q, STM32U535RBT6, STM32U535RBT6Q, STM32U535RCI6, STM32U535RCI6Q, STM32U535RCT6, STM32U535RCT6Q, STM32U535REI6, STM32U535REI6Q, STM32U535RET6, STM32U535RET6Q, STM32U535VCI6, STM32U535VCI6Q, STM32U535VCT6, STM32U535VCT6Q, STM32U535VEI6, STM32U535VEI6Q, STM32U535VET6, STM32U535VET6Q, STM32U545CET6, STM32U545CET6Q, STM32U545CEU6, STM32U545CEU6Q, STM32U545JEY6QTR, STM32U545NEY6QTR, STM32U545REI6, STM32U545REI6Q, STM32U545RET6, STM32U545RET6Q, STM32U545VEI6, STM32U545VEI6Q, STM32U545VET6, STM32U545VET6Q, STM32U595AIH6, STM32U595AIH6Q, STM32U595AJH6, STM32U595AJH6Q, STM32U595QII6, STM32U595QII6Q, STM32U595QJI6, STM32U595QJI6Q, STM32U595RIT6, STM32U595RIT6Q, STM32U595RJT6, STM32U595RJT6Q, STM32U595VIT6, STM32U595VIT6Q, STM32U595VJT6, STM32U595VJT6Q, STM32U595ZIT6, STM32U595ZIT6Q, STM32U595ZIY6QTR, STM32U595ZJT6, STM32U595ZJT6Q, STM32U595ZJY6QTR, STM32U599BJY6QTR, STM32U599NIH6Q, STM32U599NJH6Q, STM32U599VIT6Q, STM32U599VJT6, STM32U599VJT6Q, STM32U599ZIT6Q, STM32U599ZIY6QTR, STM32U599ZJT6Q, STM32U599ZJY6QTR, STM32U5A5AJH6, STM32U5A5AJH6Q, STM32U5A5QJI6, STM32U5A5QJI6Q, STM32U5A5RJT6, STM32U5A5RJT6Q, STM32U5A5VJT6, STM32U5A5VJT6Q, STM32U5A5ZJT6, STM32U5A5ZJT6Q, STM32U5A5ZJY6QTR, STM32U5A9BJY6QTR, STM32U5A9J-DK, STM32U5A9NJH6Q, STM32U5A9VJT6Q, STM32U5A9ZJT6Q, STM32U5A9ZJY6QTR, STM32WB1MMCH6, STM32WBA52CEU6, STM32WBA52CEU6T, STM32WBA52CGU6, STM32WBA52CGU6T, STM32WL5MOCH6, STM32WL5MOCH6TR]
2023-08-17 05:03:44,655 [WARN] PackLoader:240 - Cannot read IP mode file for portGmbH.I-Cube-SoM-uGOAL.1.1.0
2023-08-17 05:03:44,656 [INFO] DbMcus:216 - Found 3825 MCUs, 3825 are supported
2023-08-17 05:03:44,663 [INFO] ApiDb:423 - Load user favorites file C:\Users\yunch/.stm32cubeide/favorites.mcus.txt: 1 item(s)
2023-08-17 05:03:44,663 [WARN] PackLoader:240 - Cannot read IP mode file for STMicroelectronics.X-CUBE-ALS.1.0.1
2023-08-17 05:03:44,663 [INFO] ApiDb:427 - User favorites MCUs=[STM32F103RBT6]
2023-08-17 05:03:44,664 [INFO] DbMcus:222 - Set 1 / 1 favorites MCUs
2023-08-17 05:03:44,668 [WARN] PackLoader:240 - Cannot read IP mode file for STMicroelectronics.FP-ATR-ASTRA1.2.0.0
2023-08-17 05:03:44,669 [INFO] ThirdParty:978 - Integrity check success = true
2023-08-17 05:03:44,669 [INFO] IntegrityCheckThread:100 - exiting critical section [integrity check]
2023-08-17 05:03:44,669 [INFO] IntegrityCheckThread:103 - End integrity checks thread
2023-08-17 05:03:45,065 [INFO] BoardInfo:880 - No configuration file found for board P-NUCLEO-WB55
2023-08-17 05:03:45,066 [INFO] DbBoards:157 - Kit is not supported: P-NUCLEO-WB55
2023-08-17 05:03:45,069 [INFO] BoardInfo:880 - No configuration file found for board STEVAL-BFA001V1B
2023-08-17 05:03:45,069 [INFO] DbBoards:157 - Kit is not supported: STEVAL-BFA001V1B
2023-08-17 05:03:45,070 [INFO] BoardInfo:880 - No configuration file found for board STEVAL-BFA001V2B
2023-08-17 05:03:45,070 [INFO] DbBoards:157 - Kit is not supported: STEVAL-BFA001V2B
2023-08-17 05:03:45,075 [INFO] BoardInfo:880 - No configuration file found for board STEVAL-SMARTAG2
2023-08-17 05:03:45,075 [INFO] DbBoards:157 - Board is not supported: STEVAL-SMARTAG2
2023-08-17 05:03:45,192 [INFO] DbBoards:161 - Found 188 boards, 184 are supported
2023-08-17 05:03:45,194 [INFO] ApiDb:423 - Load user favorites file C:\Users\yunch/.stm32cubeide/favorites.boards.txt: 0 item(s)
2023-08-17 05:03:45,194 [INFO] ApiDb:427 - User favorites Boards=[]
2023-08-17 05:03:45,194 [INFO] DbBoards:190 - Set 0 / 0 favorites Boards
2023-08-17 05:03:45,195 [INFO] McuFinderGlobals:66 - Set McuFinderConnectedMode to true
2023-08-17 05:03:45,213 [INFO] MultiScanPanel:200 - Auto-refresh data requested => check proxy status ongoing
2023-08-17 05:03:45,216 [INFO] FinderPluginLoader:95 - Searching for filters in installed packs
2023-08-17 05:03:46,483 [INFO] LoadUrlFilesThread:185 - End of LoadServerUrlFiles without Thread
2023-08-17 05:03:46,496 [INFO] DetailPanel:341 - Set advertising image to C:/Users/yunch/STM32Cube/Repository/\en.prom-stm32h5-mcu-finder.jpg
2023-08-17 05:05:12,578 [INFO] MainUpdater:2854 - connection check result : 10
2023-08-17 05:05:12,578 [INFO] MainUpdater:2854 - connection check result : 10
2023-08-17 05:05:12,612 [INFO] MicroXplorer:468 - Change Database Path : 
2023-08-17 05:05:12,612 [INFO] MicroXplorer:498 - Change Database Version : DB.6.0.80
2023-08-17 05:05:12,612 [WARN] ThirdParty:871 - waiting for thirdparty lock release [close project]
2023-08-17 05:05:12,612 [INFO] ThirdParty:873 - entering critical section [close project]
2023-08-17 05:05:12,614 [INFO] ThirdParty:883 - exiting critical section [close project]
2023-08-17 05:05:12,623 [INFO] PinOutPanel:1499 - setPackage(No Configuration,No Configuration)
2023-08-17 05:05:12,636 [INFO] UtilMem:75 - Begin LoadConfig() Used Memory: 433698928 Bytes (494927872)
2023-08-17 05:05:12,637 [INFO] MicroXplorer:468 - Change Database Path : 
2023-08-17 05:05:12,637 [INFO] MicroXplorer:498 - Change Database Version : DB.6.0.80
2023-08-17 05:05:12,637 [INFO] OpenFileManager:308 - Change cursor
2023-08-17 05:05:12,698 [INFO] Mcu:1937 - Initializing MCU STM32F103RBTx STM32F103RBTx 
2023-08-17 05:05:12,699 [INFO] Mcu:1950 - No CPN specified => set CPN to STM32F103RBT6
2023-08-17 05:05:13,491 [INFO] Context:659 - Trying to add GPIOservice into a context  which must be forbidden
2023-08-17 05:05:13,731 [INFO] ImportTextPane:194 - (OptionalMessage_ERROR) Unable to find key (Mcu.ThirdPartyNb) in loaded IOC file
2023-08-17 05:05:13,732 [INFO] ImportTextPane:194 - (OptionalMessage_ERROR) Unable to find key (Mcu.PinsNb) in loaded IOC file
2023-08-17 05:05:13,732 [INFO] ImportTextPane:194 - (OptionalMessage_ERROR) Unable to find key (Mcu.IPNb) in loaded IOC file
2023-08-17 05:05:13,900 [INFO] RtosManager:555 - Registered RTOS mode: class=CMSIS, group=RTOS, mode=CMSIS_V1, owner=FREERTOS
2023-08-17 05:05:13,900 [INFO] RtosManager:555 - Registered RTOS mode: class=CMSIS, group=RTOS2, mode=CMSIS_V2, owner=FREERTOS
2023-08-17 05:05:13,900 [INFO] RtosManager:555 - Registered RTOS mode: class=RTOS, group=Core, mode=CMSIS_V1, owner=FREERTOS
2023-08-17 05:05:13,900 [INFO] RtosManager:555 - Registered RTOS mode: class=RTOS, group=Core, mode=CMSIS_V2, owner=FREERTOS
2023-08-17 05:05:13,900 [WARN] ModelIntegratedComponent:184 - Missing modes for component STMicroelectronics:FreeRTOS:0.0.1:STMicroelectronics:RTOS:FreeRTOS:Core:::10.2.0:
2023-08-17 05:05:13,911 [WARN] ModelIntegratedComponent:63 - No mode defined for component null
2023-08-17 05:05:13,911 [WARN] ModelIntegratedComponent:63 - No mode defined for component null
2023-08-17 05:05:13,911 [WARN] ModelIntegratedComponent:63 - No mode defined for component null
2023-08-17 05:05:13,911 [WARN] ModelIntegratedComponent:63 - No mode defined for component null
2023-08-17 05:05:13,911 [WARN] ModelIntegratedComponent:63 - No mode defined for component null
2023-08-17 05:05:13,912 [WARN] ModelIntegratedComponent:63 - No mode defined for component null
2023-08-17 05:05:13,912 [WARN] ModelIntegratedComponent:63 - No mode defined for component null
2023-08-17 05:05:13,912 [WARN] ModelIntegratedComponent:63 - No mode defined for component null
2023-08-17 05:05:13,912 [WARN] ModelIntegratedComponent:63 - No mode defined for component null
2023-08-17 05:05:13,912 [WARN] ModelIntegratedComponent:63 - No mode defined for component null
2023-08-17 05:05:13,912 [WARN] ModelIntegratedComponent:63 - No mode defined for component null
2023-08-17 05:05:13,912 [WARN] ModelIntegratedComponent:63 - No mode defined for component null
2023-08-17 05:05:13,912 [WARN] ModelIntegratedComponent:63 - No mode defined for component null
2023-08-17 05:05:13,912 [WARN] ModelIntegratedComponent:63 - No mode defined for component null
2023-08-17 05:05:13,912 [WARN] ModelIntegratedComponent:63 - No mode defined for component null
2023-08-17 05:05:13,912 [WARN] ModelIntegratedComponent:63 - No mode defined for component null
2023-08-17 05:05:13,912 [WARN] ModelIntegratedComponent:63 - No mode defined for component null
2023-08-17 05:05:13,912 [WARN] ModelIntegratedComponent:63 - No mode defined for component null
2023-08-17 05:05:13,912 [WARN] ModelIntegratedComponent:63 - No mode defined for component null
2023-08-17 05:05:13,912 [WARN] ModelIntegratedComponent:63 - No mode defined for component null
2023-08-17 05:05:13,912 [WARN] ModelIntegratedComponent:63 - No mode defined for component null
2023-08-17 05:05:13,912 [WARN] ModelIntegratedComponent:63 - No mode defined for component null
2023-08-17 05:05:13,912 [WARN] ModelIntegratedComponent:63 - No mode defined for component null
2023-08-17 05:05:13,912 [WARN] ModelIntegratedComponent:63 - No mode defined for component null
2023-08-17 05:05:13,912 [WARN] ModelIntegratedComponent:63 - No mode defined for component null
2023-08-17 05:05:13,912 [WARN] ModelIntegratedComponent:63 - No mode defined for component null
2023-08-17 05:05:13,912 [WARN] ModelIntegratedComponent:63 - No mode defined for component null
2023-08-17 05:05:13,912 [WARN] ModelIntegratedComponent:63 - No mode defined for component null
2023-08-17 05:05:13,912 [WARN] ModelIntegratedComponent:63 - No mode defined for component null
2023-08-17 05:05:13,912 [WARN] ModelIntegratedComponent:63 - No mode defined for component null
2023-08-17 05:05:13,912 [WARN] ModelIntegratedComponent:63 - No mode defined for component null
2023-08-17 05:05:13,913 [WARN] ModelIntegratedComponent:63 - No mode defined for component null
2023-08-17 05:05:13,913 [WARN] ModelIntegratedComponent:63 - No mode defined for component null
2023-08-17 05:05:13,929 [INFO] ThirdPartyModel:298 - Start build external matchings
2023-08-17 05:05:14,316 [INFO] ThirdPartyModel:316 - End build external matchings
2023-08-17 05:05:14,508 [INFO] UtilMem:75 - End LoadConfig() Used Memory: 427928728 Bytes (562036736)
2023-08-17 05:05:14,528 [WARN] ThirdParty:833 - waiting for thirdparty lock release [change project]
2023-08-17 05:05:14,528 [INFO] ThirdParty:835 - entering critical section [change project]
2023-08-17 05:05:14,529 [INFO] ThirdParty:1030 - CMSIS Pack Vendor :STMicroelectronics X-CUBE-ISPU 1.1.0
2023-08-17 05:05:14,529 [INFO] ThirdParty:1030 - CMSIS Pack Vendor :STMicroelectronics X-CUBE-GNSS1 6.0.0
2023-08-17 05:05:14,529 [INFO] ThirdParty:1030 - CMSIS Pack Vendor :STMicroelectronics USB_HOST 2.0.0
2023-08-17 05:05:14,529 [INFO] ThirdParty:1030 - CMSIS Pack Vendor :STMicroelectronics X-CUBE-AZRTOS-F4 1.1.0
2023-08-17 05:05:14,530 [INFO] ThirdParty:1030 - CMSIS Pack Vendor :STMicroelectronics LIBJPEG 8.0.0
2023-08-17 05:05:14,530 [INFO] ThirdParty:1030 - CMSIS Pack Vendor :wolfSSL I-CUBE-wolfSSL 5.6.3
2023-08-17 05:05:14,530 [INFO] ThirdParty:1030 - CMSIS Pack Vendor :STMicroelectronics X-CUBE-SMBUS 2.1.0
2023-08-17 05:05:14,530 [INFO] ThirdParty:1030 - CMSIS Pack Vendor :STMicroelectronics USB_DEVICE 3.0.0
2023-08-17 05:05:14,530 [INFO] ThirdParty:1030 - CMSIS Pack Vendor :STMicroelectronics X-CUBE-AZRTOS-WB 2.0.0
2023-08-17 05:05:14,530 [INFO] ThirdParty:1030 - CMSIS Pack Vendor :STMicroelectronics X-CUBE-FREERTOS 1.0.1
2023-08-17 05:05:14,530 [INFO] ThirdParty:1030 - CMSIS Pack Vendor :STMicroelectronics X-CUBE-AZRTOS-F7 1.1.0
2023-08-17 05:05:14,530 [INFO] ThirdParty:1030 - CMSIS Pack Vendor :STMicroelectronics X-CUBE-AZRTOS-L5 2.0.0
2023-08-17 05:05:14,530 [INFO] ThirdParty:1030 - CMSIS Pack Vendor :STMicroelectronics USB_DEVICE 2.0.0
2023-08-17 05:05:14,530 [INFO] ThirdParty:1030 - CMSIS Pack Vendor :STMicroelectronics X-CUBE-MEMS1 9.6.0
2023-08-17 05:05:14,530 [INFO] ThirdParty:1030 - CMSIS Pack Vendor :STMicroelectronics FP-SNS-MOTENV1 4.3.2
2023-08-17 05:05:14,530 [INFO] ThirdParty:1030 - CMSIS Pack Vendor :STMicroelectronics X-CUBE-ALGOBUILD 1.3.0
2023-08-17 05:05:14,530 [INFO] ThirdParty:1030 - CMSIS Pack Vendor :STMicroelectronics FreeRTOS 0.0.1
2023-08-17 05:05:14,530 [INFO] ThirdParty:1030 - CMSIS Pack Vendor :STMicroelectronics X-CUBE-AZRTOS-G0 1.1.0
2023-08-17 05:05:14,530 [INFO] ThirdParty:1030 - CMSIS Pack Vendor :STMicroelectronics X-CUBE-BLEMGR 2.0.0
2023-08-17 05:05:14,530 [INFO] ThirdParty:1030 - CMSIS Pack Vendor :STMicroelectronics X-CUBE-NFC4 3.0.0
2023-08-17 05:05:14,530 [INFO] ThirdParty:1030 - CMSIS Pack Vendor :STMicroelectronics X-CUBE-SUBG2 5.0.0
2023-08-17 05:05:14,530 [INFO] ThirdParty:1030 - CMSIS Pack Vendor :STMicroelectronics STM32_WPAN 1.0.0
2023-08-17 05:05:14,531 [INFO] ThirdParty:1030 - CMSIS Pack Vendor :STMicroelectronics lwIP 2.0.3
2023-08-17 05:05:14,531 [INFO] ThirdParty:1030 - CMSIS Pack Vendor :STMicroelectronics FP-SNS-FLIGHT1 5.0.2
2023-08-17 05:05:14,531 [INFO] ThirdParty:1030 - CMSIS Pack Vendor :STMicroelectronics USB_HOST 1.0.0
2023-08-17 05:05:14,531 [INFO] ThirdParty:1030 - CMSIS Pack Vendor :STMicroelectronics X-CUBE-TOF1 3.3.1
2023-08-17 05:05:14,531 [INFO] ThirdParty:1030 - CMSIS Pack Vendor :STMicroelectronics X-CUBE-AZRTOS-G4 2.0.0
2023-08-17 05:05:14,531 [INFO] ThirdParty:1030 - CMSIS Pack Vendor :STMicroelectronics PDM2PCM 3.1.0
2023-08-17 05:05:14,532 [INFO] ThirdParty:1030 - CMSIS Pack Vendor :STMicroelectronics X-CUBE-AZRTOS-H7 3.1.0
2023-08-17 05:05:14,532 [INFO] ThirdParty:1030 - CMSIS Pack Vendor :STMicroelectronics PDM2PCM 3.3.0
2023-08-17 05:05:14,532 [INFO] ThirdParty:1030 - CMSIS Pack Vendor :STMicroelectronics X-CUBE-DISPLAY 3.0.0
2023-08-17 05:05:14,532 [INFO] ThirdParty:1030 - CMSIS Pack Vendor :STMicroelectronics X-CUBE-BLE1 7.0.0
2023-08-17 05:05:14,532 [INFO] ThirdParty:1030 - CMSIS Pack Vendor :STMicroelectronics FP-ATR-SIGFOX1 3.2.0
2023-08-17 05:05:14,532 [INFO] ThirdParty:1030 - CMSIS Pack Vendor :STMicroelectronics HAL Drivers 0.0.0
2023-08-17 05:05:14,532 [INFO] ThirdParty:1030 - CMSIS Pack Vendor :STMicroelectronics MBEDTLS 2.16.2
2023-08-17 05:05:14,532 [INFO] ThirdParty:1030 - CMSIS Pack Vendor :emotas I-CUBE-CANOPEN 1.3.0
2023-08-17 05:05:14,532 [INFO] ThirdParty:1030 - CMSIS Pack Vendor :STMicroelectronics X-CUBE-TOUCHGFX 4.22.0
2023-08-17 05:05:14,532 [INFO] ThirdParty:1030 - CMSIS Pack Vendor :STMicroelectronics X-CUBE-NFC7 1.0.1
2023-08-17 05:05:14,532 [INFO] ThirdParty:1030 - CMSIS Pack Vendor :STMicroelectronics MBEDTLS 2.14.1
2023-08-17 05:05:14,532 [INFO] ThirdParty:1030 - CMSIS Pack Vendor :STMicroelectronics X-CUBE-EEPRMA1 4.1.0
2023-08-17 05:05:14,532 [INFO] ThirdParty:1030 - CMSIS Pack Vendor :portGmbH I-Cube-SoM-uGOAL 1.1.0
2023-08-17 05:05:14,532 [INFO] ThirdParty:1030 - CMSIS Pack Vendor :STMicroelectronics X-CUBE-ALS 1.0.1
2023-08-17 05:05:14,532 [INFO] ThirdParty:1030 - CMSIS Pack Vendor :STMicroelectronics ThreadX 1.0.0
2023-08-17 05:05:14,532 [INFO] ThirdParty:1030 - CMSIS Pack Vendor :STMicroelectronics X-CUBE-AZRTOS-WL 2.0.0
2023-08-17 05:05:14,532 [INFO] ThirdParty:1030 - CMSIS Pack Vendor :SEGGER I-CUBE-embOS 1.3.1
2023-08-17 05:05:14,532 [INFO] ThirdParty:1030 - CMSIS Pack Vendor :STMicroelectronics USB_DEVICE 1.0.0
2023-08-17 05:05:14,532 [INFO] ThirdParty:1030 - CMSIS Pack Vendor :STMicroelectronics X-CUBE-AI 8.1.0
2023-08-17 05:05:14,532 [INFO] ThirdParty:1030 - CMSIS Pack Vendor :STMicroelectronics X-CUBE-AZRTOS-L4 2.0.0
2023-08-17 05:05:14,532 [INFO] ThirdParty:1030 - CMSIS Pack Vendor :STMicroelectronics ThreadX 0.0.2
2023-08-17 05:05:14,532 [INFO] ThirdParty:1030 - CMSIS Pack Vendor :WES I-CUBE-Cesium 1.3.0
2023-08-17 05:05:14,532 [INFO] ThirdParty:1030 - CMSIS Pack Vendor :STMicroelectronics FP-ATR-ASTRA1 2.0.0
2023-08-17 05:05:14,532 [INFO] ThirdParty:1030 - CMSIS Pack Vendor :STMicroelectronics lwIP 2.1.2
2023-08-17 05:05:14,532 [INFO] ThirdParty:1030 - CMSIS Pack Vendor :STMicroelectronics X-CUBE-SFXS2LP1 4.0.0
2023-08-17 05:05:14,533 [INFO] ThirdParty:1030 - CMSIS Pack Vendor :STMicroelectronics X-CUBE-BLE2 3.3.0
2023-08-17 05:05:14,533 [INFO] ThirdParty:1030 - CMSIS Pack Vendor :STMicroelectronics PDM2PCM 3.2.0
2023-08-17 05:05:14,533 [INFO] ThirdParty:841 - exiting critical section [change project]
2023-08-17 05:05:14,788 [INFO] PinOutPanel:1499 - setPackage(No Configuration,No Configuration)
2023-08-17 05:05:14,790 [INFO] PinOutPanel:1499 - setPackage(STM32F103RBTx,LQFP64)
2023-08-17 05:05:15,242 [INFO] UtilMem:75 - Before build in PCC Used Memory: 459025400 Bytes (606076928)
2023-08-17 05:05:15,970 [INFO] UtilMem:75 - After build in PCC Used Memory: 449405952 Bytes (606076928)
2023-08-17 05:05:15,996 [INFO] IPUIPlugin:80 - create IPUIPlugin
2023-08-17 05:05:15,996 [INFO] IPUIPlugin:80 - create IPUIPlugin
2023-08-17 05:05:15,996 [INFO] IPUIPlugin:80 - create IPUIPlugin
2023-08-17 05:05:15,996 [INFO] IPUIPlugin:80 - create IPUIPlugin
2023-08-17 05:05:15,996 [INFO] IPUIPlugin:80 - create IPUIPlugin
2023-08-17 05:05:15,996 [INFO] IPUIPlugin:80 - create IPUIPlugin
2023-08-17 05:05:15,997 [INFO] IPUIPlugin:80 - create IPUIPlugin
2023-08-17 05:05:15,997 [INFO] IPUIPlugin:80 - create IPUIPlugin
2023-08-17 05:05:15,997 [INFO] IPUIPlugin:80 - create IPUIPlugin
2023-08-17 05:05:15,997 [INFO] IPUIPlugin:80 - create IPUIPlugin
2023-08-17 05:05:15,997 [INFO] IPUIPlugin:80 - create IPUIPlugin
2023-08-17 05:05:15,997 [INFO] IPUIPlugin:80 - create IPUIPlugin
2023-08-17 05:05:15,998 [INFO] IPUIPlugin:80 - create IPUIPlugin
2023-08-17 05:05:15,998 [INFO] IPUIPlugin:80 - create IPUIPlugin
2023-08-17 05:05:15,998 [INFO] IPUIPlugin:80 - create IPUIPlugin
2023-08-17 05:05:15,998 [INFO] IPUIPlugin:80 - create IPUIPlugin
2023-08-17 05:05:15,999 [INFO] IPUIPlugin:80 - create IPUIPlugin
2023-08-17 05:05:15,999 [INFO] IPUIPlugin:80 - create IPUIPlugin
2023-08-17 05:05:15,999 [INFO] IPUIPlugin:80 - create IPUIPlugin
2023-08-17 05:05:16,000 [INFO] IPUIPlugin:80 - create IPUIPlugin
2023-08-17 05:05:16,000 [INFO] IPUIPlugin:80 - create IPUIPlugin
2023-08-17 05:05:16,000 [INFO] IPUIPlugin:80 - create IPUIPlugin
2023-08-17 05:05:16,001 [INFO] IPUIPlugin:80 - create IPUIPlugin
2023-08-17 05:05:16,001 [INFO] IPUIPlugin:80 - create IPUIPlugin
2023-08-17 05:05:16,001 [INFO] IPUIPlugin:80 - create IPUIPlugin
2023-08-17 05:05:16,002 [INFO] IPUIPlugin:80 - create IPUIPlugin
2023-08-17 05:05:16,002 [INFO] IPUIPlugin:80 - create IPUIPlugin
2023-08-17 05:05:16,164 [INFO] CADModel:165 - CPN selected for project levelSTM32F103RBT6
2023-08-17 05:05:16,164 [INFO] CADModel:114 - Register for checkConnection events
2023-08-17 05:05:16,219 [INFO] OpenFileManager:328 - Restore cursor
2023-08-17 05:05:16,768 [INFO] UtilMem:75 - End SaveConfig() Used Memory: 468792368 Bytes (606076928)
2023-08-17 05:05:17,382 [INFO] ServerAccessManage:473 - Download File stm32cube_fw_f1_v180.zip
2023-08-17 05:05:25,491 [ERROR] FileExtend:455 - File entry not found
2023-08-17 05:05:25,492 [INFO] FileExtend:240 - Unzip File : stm32cube_fw_f1_v180.zip
2023-08-17 05:05:25,492 [INFO] FileExtend:255 - Standard Zip Deflate
2023-08-17 05:05:46,977 [INFO] ServerAccessManage:473 - Download File stm32cube_fw_f1_v185.zip
2023-08-17 05:05:50,790 [INFO] FileExtend:240 - Unzip File : stm32cube_fw_f1_v185.zip
2023-08-17 05:05:50,790 [INFO] FileExtend:255 - Standard Zip Deflate
2023-08-17 05:06:02,037 [INFO] LoadServerPackagesThread:196 - End of LoadServerPackages Thread
2023-08-17 05:06:02,195 [INFO] ThirdPartyModel:298 - Start build external matchings
2023-08-17 05:06:02,198 [INFO] UtilMem:75 - End SaveConfig() Used Memory: 877046536 Bytes (1073741824)
2023-08-17 05:06:02,714 [INFO] ThirdPartyModel:316 - End build external matchings
2023-08-17 05:06:02,727 [INFO] CheckServerUpdateThread:120 - End of CheckServer Thread
2023-08-17 05:06:03,114 [INFO] BlockDiagram:2759 - set Specific Code input for plugin: NVIC
2023-08-17 05:06:03,114 [INFO] BlockDiagram:2759 - set Specific Code input for plugin: RCC
2023-08-17 05:06:03,116 [INFO] CodeGenerator:793 - code generatio: config db path: C:\ST\STM32CubeIDE_1.12.0\STM32CubeIDE\plugins\com.st.stm32cube.common.mx_6.8.0.202302231600\\db\
2023-08-17 05:06:03,712 [INFO] CodeEngine:255 - oldGeneratedFile, C:\Users\yunch\STM32CubeIDE\workspace_1.12.0\review\MXTmpFiles\license.tmp_save
2023-08-17 05:06:04,300 [INFO] CodeEngine:279 - Generated code: C:\Users\yunch\STM32CubeIDE\workspace_1.12.0\review\MXTmpFiles\license.tmp
2023-08-17 05:06:04,325 [INFO] CodeEngine:255 - oldGeneratedFile, C:\Users\yunch\STM32CubeIDE\workspace_1.12.0\review\Core\Src\stm32f1xx_it.c_save
2023-08-17 05:06:04,556 [INFO] CodeEngine:279 - Generated code: C:\Users\yunch\STM32CubeIDE\workspace_1.12.0\review\Core\Src\stm32f1xx_it.c
2023-08-17 05:06:04,569 [INFO] CodeEngine:255 - oldGeneratedFile, C:\Users\yunch\STM32CubeIDE\workspace_1.12.0\review\Core\Inc\stm32f1xx_it.h_save
2023-08-17 05:06:04,685 [INFO] CodeEngine:279 - Generated code: C:\Users\yunch\STM32CubeIDE\workspace_1.12.0\review\Core\Inc\stm32f1xx_it.h
2023-08-17 05:06:04,838 [INFO] CodeEngine:255 - oldGeneratedFile, C:\Users\yunch\STM32CubeIDE\workspace_1.12.0\review\Core\Src\stm32f1xx_hal_msp.c_save
2023-08-17 05:06:05,020 [INFO] CodeEngine:279 - Generated code: C:\Users\yunch\STM32CubeIDE\workspace_1.12.0\review\Core\Src\stm32f1xx_hal_msp.c
2023-08-17 05:06:05,032 [INFO] CodeEngine:255 - oldGeneratedFile, C:\Users\yunch\STM32CubeIDE\workspace_1.12.0\review\MXTmpFiles\system.tmp_save
2023-08-17 05:06:05,124 [INFO] CodeEngine:279 - Generated code: C:\Users\yunch\STM32CubeIDE\workspace_1.12.0\review\MXTmpFiles\system.tmp
2023-08-17 05:06:05,142 [INFO] CodeEngine:311 - oldGeneratedFile, C:\Users\yunch\STM32CubeIDE\workspace_1.12.0\review\Core\Inc\stm32f1xx_hal_conf.h_save
2023-08-17 05:06:05,297 [INFO] CodeEngine:335 - Generated code: C:\Users\yunch\STM32CubeIDE\workspace_1.12.0\review\Core\Inc\stm32f1xx_hal_conf.h
2023-08-17 05:06:05,357 [INFO] CodeEngine:255 - oldGeneratedFile, C:\Users\yunch\STM32CubeIDE\workspace_1.12.0\review\Core\Inc\main.h_save
2023-08-17 05:06:05,520 [INFO] CodeEngine:279 - Generated code: C:\Users\yunch\STM32CubeIDE\workspace_1.12.0\review\Core\Inc\main.h
2023-08-17 05:06:05,533 [INFO] CodeEngine:255 - oldGeneratedFile, C:\Users\yunch\STM32CubeIDE\workspace_1.12.0\review\Core\Src\main.c_save
2023-08-17 05:06:05,724 [INFO] CodeEngine:279 - Generated code: C:\Users\yunch\STM32CubeIDE\workspace_1.12.0\review\Core\Src\main.c
2023-08-17 05:06:06,448 [INFO] ProjectBuilder:2996 - Time for Copy HAL[1] : 90mS.
2023-08-17 05:06:06,461 [INFO] ProjectBuilder:4304 - Project Generator version: 3.19.2
2023-08-17 05:06:06,755 [INFO] ConfigFileManager:1483 - The Die is : DIE410
2023-08-17 05:06:06,775 [INFO] ApiDbMcu:507 - Load IP Config File for FATFS
2023-08-17 05:06:06,793 [INFO] ApiDbMcu:507 - Load IP Config File for FREERTOS
2023-08-17 05:06:06,810 [INFO] ApiDbMcu:507 - Load IP Config File for USB_DEVICE
2023-08-17 05:06:08,184 [INFO] LogOutputStream:77 - [STDOUT_REDIRECT] 
2023-08-17 05:06:14,383 [INFO] ProjectBuilder:4505 - Time for Generating toolchain IDE Files: 7922mS.
2023-08-17 05:06:14,384 [INFO] ProjectBuilder:2867 - Time for Copy CMSIS : 1mS.
2023-08-17 05:06:14,386 [INFO] ProjectBuilder:2867 - Time for Copy CMSIS : 0mS.
2023-08-17 05:06:15,014 [INFO] McuFinderGlobals:66 - Set McuFinderConnectedMode to true
2023-08-17 05:06:15,016 [INFO] ApiDb:448 - Save user favorites file C:\Users\yunch/.stm32cubeide/favorites.mcus.txt: 1 item(s)
2023-08-17 05:06:15,016 [INFO] ApiDb:452 - User favorites MCUs=[STM32F103RBT6]
2023-08-17 05:07:19,373 [INFO] NvicIntPanel:101 - NVIC parent = com.st.microxplorer.plugins.ip.nvic.MultiNvicIntPanel[,0,0,450x155,layout=javax.swing.BoxLayout,alignmentX=0.0,alignmentY=0.0,border=,flags=9,maximumSize=,minimumSize=,preferredSize=]
2023-08-17 05:07:20,953 [INFO] NvicIntPanel:101 - NVIC parent = com.st.microxplorer.plugins.ip.nvic.MultiNvicIntPanel[,0,0,0x0,invalid,layout=javax.swing.BoxLayout,alignmentX=0.0,alignmentY=0.0,border=,flags=9,maximumSize=,minimumSize=,preferredSize=]
2023-08-17 05:07:39,262 [INFO] NvicIntPanel:101 - NVIC parent = com.st.microxplorer.plugins.ip.nvic.MultiNvicIntPanel[,0,0,0x0,invalid,layout=javax.swing.BoxLayout,alignmentX=0.0,alignmentY=0.0,border=,flags=9,maximumSize=,minimumSize=,preferredSize=]
2023-08-17 05:08:34,355 [INFO] Gpio:273 - dependency for GPIO [RCC, USART2]
2023-08-17 05:08:54,049 [INFO] Gpio:273 - dependency for GPIO [RCC, USART2]
2023-08-17 05:08:54,905 [INFO] NvicIntPanel:101 - NVIC parent = com.st.microxplorer.plugins.ip.nvic.MultiNvicIntPanel[,0,0,0x0,invalid,layout=javax.swing.BoxLayout,alignmentX=0.0,alignmentY=0.0,border=,flags=9,maximumSize=,minimumSize=,preferredSize=]
2023-08-17 05:08:57,813 [INFO] NvicIntPanel:101 - NVIC parent = com.st.microxplorer.plugins.ip.nvic.MultiNvicIntPanel[,0,0,0x0,invalid,layout=javax.swing.BoxLayout,alignmentX=0.0,alignmentY=0.0,border=,flags=9,maximumSize=,minimumSize=,preferredSize=]
2023-08-17 05:09:03,325 [INFO] NvicIntPanel:101 - NVIC parent = com.st.microxplorer.plugins.ip.nvic.MultiNvicIntPanel[,0,0,504x167,layout=javax.swing.BoxLayout,alignmentX=0.0,alignmentY=0.0,border=,flags=9,maximumSize=,minimumSize=,preferredSize=]
2023-08-17 05:09:47,745 [INFO] NvicIntPanel:101 - NVIC parent = com.st.microxplorer.plugins.ip.nvic.MultiNvicIntPanel[,0,0,0x0,invalid,layout=javax.swing.BoxLayout,alignmentX=0.0,alignmentY=0.0,border=,flags=9,maximumSize=,minimumSize=,preferredSize=]
2023-08-17 05:10:40,209 [INFO] NvicIntPanel:101 - NVIC parent = com.st.microxplorer.plugins.ip.nvic.MultiNvicIntPanel[,0,0,0x0,invalid,layout=javax.swing.BoxLayout,alignmentX=0.0,alignmentY=0.0,border=,flags=9,maximumSize=,minimumSize=,preferredSize=]
2023-08-17 05:10:40,273 [INFO] NvicIntPanel:101 - NVIC parent = com.st.microxplorer.plugins.ip.nvic.MultiNvicIntPanel[,0,0,0x0,invalid,layout=javax.swing.BoxLayout,alignmentX=0.0,alignmentY=0.0,border=,flags=9,maximumSize=,minimumSize=,preferredSize=]
2023-08-17 05:10:40,376 [INFO] NvicIntPanel:101 - NVIC parent = com.st.microxplorer.plugins.ip.nvic.MultiNvicIntPanel[,0,0,0x0,invalid,layout=javax.swing.BoxLayout,alignmentX=0.0,alignmentY=0.0,border=,flags=9,maximumSize=,minimumSize=,preferredSize=]
2023-08-17 05:10:47,731 [INFO] NvicIntPanel:101 - NVIC parent = com.st.microxplorer.plugins.ip.nvic.MultiNvicIntPanel[,0,0,0x0,invalid,layout=javax.swing.BoxLayout,alignmentX=0.0,alignmentY=0.0,border=,flags=9,maximumSize=,minimumSize=,preferredSize=]
2023-08-17 05:10:47,817 [INFO] NvicIntPanel:101 - NVIC parent = com.st.microxplorer.plugins.ip.nvic.MultiNvicIntPanel[,0,0,0x0,invalid,layout=javax.swing.BoxLayout,alignmentX=0.0,alignmentY=0.0,border=,flags=9,maximumSize=,minimumSize=,preferredSize=]
2023-08-17 05:10:47,912 [INFO] NvicIntPanel:101 - NVIC parent = com.st.microxplorer.plugins.ip.nvic.MultiNvicIntPanel[,0,0,0x0,invalid,layout=javax.swing.BoxLayout,alignmentX=0.0,alignmentY=0.0,border=,flags=9,maximumSize=,minimumSize=,preferredSize=]
2023-08-17 05:10:55,195 [INFO] NvicIntPanel:101 - NVIC parent = com.st.microxplorer.plugins.ip.nvic.MultiNvicIntPanel[,0,0,0x0,invalid,layout=javax.swing.BoxLayout,alignmentX=0.0,alignmentY=0.0,border=,flags=9,maximumSize=,minimumSize=,preferredSize=]
2023-08-17 05:10:56,912 [INFO] Gpio:273 - dependency for GPIO [RCC, USART2]
2023-08-17 05:10:58,155 [INFO] NvicIntPanel:101 - NVIC parent = com.st.microxplorer.plugins.ip.nvic.MultiNvicIntPanel[,2,28,504x466,layout=javax.swing.BoxLayout,alignmentX=0.0,alignmentY=0.0,border=,flags=9,maximumSize=,minimumSize=,preferredSize=]
2023-08-17 05:10:59,642 [INFO] Gpio:273 - dependency for GPIO [RCC, USART2]
2023-08-17 05:11:00,630 [INFO] Gpio:273 - dependency for GPIO [RCC, USART2]
2023-08-17 05:11:42,330 [INFO] NvicIntPanel:101 - NVIC parent = com.st.microxplorer.plugins.ip.nvic.MultiNvicIntPanel[,0,0,0x0,invalid,layout=javax.swing.BoxLayout,alignmentX=0.0,alignmentY=0.0,border=,flags=9,maximumSize=,minimumSize=,preferredSize=]
2023-08-17 05:11:45,854 [INFO] Gpio:273 - dependency for GPIO [RCC, USART2]
2023-08-17 05:12:08,800 [INFO] NvicIntPanel:101 - NVIC parent = com.st.microxplorer.plugins.ip.nvic.MultiNvicIntPanel[,0,0,0x0,invalid,layout=javax.swing.BoxLayout,alignmentX=0.0,alignmentY=0.0,border=,flags=9,maximumSize=,minimumSize=,preferredSize=]
2023-08-17 05:12:19,461 [INFO] NvicIntPanel:101 - NVIC parent = com.st.microxplorer.plugins.ip.nvic.MultiNvicIntPanel[,0,0,0x0,invalid,layout=javax.swing.BoxLayout,alignmentX=0.0,alignmentY=0.0,border=,flags=9,maximumSize=,minimumSize=,preferredSize=]
2023-08-17 05:12:21,566 [INFO] NvicIntPanel:101 - NVIC parent = com.st.microxplorer.plugins.ip.nvic.MultiNvicIntPanel[,0,0,0x0,invalid,layout=javax.swing.BoxLayout,alignmentX=0.0,alignmentY=0.0,border=,flags=9,maximumSize=,minimumSize=,preferredSize=]
2023-08-17 05:12:27,488 [INFO] Gpio:273 - dependency for GPIO [RCC, USART2]
2023-08-17 05:12:39,584 [INFO] UtilMem:75 - End SaveConfig() Used Memory: 609557096 Bytes (1073741824)
2023-08-17 05:12:40,185 [INFO] UtilMem:75 - End SaveConfig() Used Memory: 524425840 Bytes (1073741824)
2023-08-17 05:12:41,955 [INFO] UtilMem:75 - End SaveConfig() Used Memory: 674372160 Bytes (1073741824)
2023-08-17 05:12:42,192 [INFO] BlockDiagram:2759 - set Specific Code input for plugin: NVIC
2023-08-17 05:12:42,192 [INFO] BlockDiagram:2759 - set Specific Code input for plugin: USART
2023-08-17 05:12:42,193 [INFO] BlockDiagram:2759 - set Specific Code input for plugin: GPIO
2023-08-17 05:12:42,193 [INFO] BlockDiagram:2759 - set Specific Code input for plugin: RCC
2023-08-17 05:12:42,194 [INFO] CodeGenerator:793 - code generatio: config db path: C:\ST\STM32CubeIDE_1.12.0\STM32CubeIDE\plugins\com.st.stm32cube.common.mx_6.8.0.202302231600\\db\
2023-08-17 05:12:42,380 [INFO] CodeEngine:255 - oldGeneratedFile, C:\Users\yunch\STM32CubeIDE\workspace_1.12.0\review\MXTmpFiles\license.tmp_save
2023-08-17 05:12:42,475 [INFO] CodeEngine:279 - Generated code: C:\Users\yunch\STM32CubeIDE\workspace_1.12.0\review\MXTmpFiles\license.tmp
2023-08-17 05:12:42,530 [INFO] CodeEngine:255 - oldGeneratedFile, C:\Users\yunch\STM32CubeIDE\workspace_1.12.0\review\MXTmpFiles\gpio.tmp_save
2023-08-17 05:12:42,642 [INFO] CodeEngine:279 - Generated code: C:\Users\yunch\STM32CubeIDE\workspace_1.12.0\review\MXTmpFiles\gpio.tmp
2023-08-17 05:12:42,706 [INFO] CodeEngine:255 - oldGeneratedFile, C:\Users\yunch\STM32CubeIDE\workspace_1.12.0\review\Core\Src\stm32f1xx_it.c_save
2023-08-17 05:12:42,813 [INFO] CodeEngine:279 - Generated code: C:\Users\yunch\STM32CubeIDE\workspace_1.12.0\review\Core\Src\stm32f1xx_it.c
2023-08-17 05:12:42,818 [INFO] CodeEngine:255 - oldGeneratedFile, C:\Users\yunch\STM32CubeIDE\workspace_1.12.0\review\Core\Inc\stm32f1xx_it.h_save
2023-08-17 05:12:42,902 [INFO] CodeEngine:279 - Generated code: C:\Users\yunch\STM32CubeIDE\workspace_1.12.0\review\Core\Inc\stm32f1xx_it.h
2023-08-17 05:12:42,929 [INFO] CodeEngine:255 - oldGeneratedFile, C:\Users\yunch\STM32CubeIDE\workspace_1.12.0\review\Core\Src\stm32f1xx_hal_msp.c_save
2023-08-17 05:12:43,026 [INFO] CodeEngine:279 - Generated code: C:\Users\yunch\STM32CubeIDE\workspace_1.12.0\review\Core\Src\stm32f1xx_hal_msp.c
2023-08-17 05:12:43,028 [INFO] CodeEngine:255 - oldGeneratedFile, C:\Users\yunch\STM32CubeIDE\workspace_1.12.0\review\MXTmpFiles\system.tmp_save
2023-08-17 05:12:43,072 [INFO] CodeEngine:279 - Generated code: C:\Users\yunch\STM32CubeIDE\workspace_1.12.0\review\MXTmpFiles\system.tmp
2023-08-17 05:12:43,083 [INFO] CodeEngine:311 - oldGeneratedFile, C:\Users\yunch\STM32CubeIDE\workspace_1.12.0\review\Core\Inc\stm32f1xx_hal_conf.h_save
2023-08-17 05:12:43,168 [INFO] CodeEngine:335 - Generated code: C:\Users\yunch\STM32CubeIDE\workspace_1.12.0\review\Core\Inc\stm32f1xx_hal_conf.h
2023-08-17 05:12:43,208 [INFO] CodeEngine:255 - oldGeneratedFile, C:\Users\yunch\STM32CubeIDE\workspace_1.12.0\review\Core\Inc\main.h_save
2023-08-17 05:12:43,271 [INFO] CodeEngine:279 - Generated code: C:\Users\yunch\STM32CubeIDE\workspace_1.12.0\review\Core\Inc\main.h
2023-08-17 05:12:43,286 [INFO] CodeEngine:255 - oldGeneratedFile, C:\Users\yunch\STM32CubeIDE\workspace_1.12.0\review\Core\Src\main.c_save
2023-08-17 05:12:43,399 [INFO] CodeEngine:279 - Generated code: C:\Users\yunch\STM32CubeIDE\workspace_1.12.0\review\Core\Src\main.c
2023-08-17 05:12:43,918 [INFO] ProjectBuilder:2996 - Time for Copy HAL[1] : 97mS.
2023-08-17 05:12:43,921 [INFO] ProjectBuilder:4304 - Project Generator version: 3.19.2
2023-08-17 05:12:44,141 [INFO] ConfigFileManager:1483 - The Die is : DIE410
2023-08-17 05:12:46,117 [INFO] ProjectBuilder:4505 - Time for Generating toolchain IDE Files: 2196mS.
2023-08-17 05:12:46,118 [INFO] ProjectBuilder:2867 - Time for Copy CMSIS : 1mS.
2023-08-17 05:12:46,120 [INFO] ProjectBuilder:2867 - Time for Copy CMSIS : 0mS.
2023-08-17 05:29:04,713 [INFO] UtilMem:75 - End SaveConfig() Used Memory: 596917688 Bytes (1073741824)
2023-08-17 05:29:04,898 [INFO] BlockDiagram:2759 - set Specific Code input for plugin: NVIC
2023-08-17 05:29:04,898 [INFO] BlockDiagram:2759 - set Specific Code input for plugin: USART
2023-08-17 05:29:04,898 [INFO] BlockDiagram:2759 - set Specific Code input for plugin: GPIO
2023-08-17 05:29:04,898 [INFO] BlockDiagram:2759 - set Specific Code input for plugin: RCC
2023-08-17 05:29:04,899 [INFO] CodeGenerator:793 - code generatio: config db path: C:\ST\STM32CubeIDE_1.12.0\STM32CubeIDE\plugins\com.st.stm32cube.common.mx_6.8.0.202302231600\\db\
2023-08-17 05:29:05,061 [INFO] CodeEngine:255 - oldGeneratedFile, C:\Users\yunch\STM32CubeIDE\workspace_1.12.0\review\MXTmpFiles\license.tmp_save
2023-08-17 05:29:05,166 [INFO] CodeEngine:279 - Generated code: C:\Users\yunch\STM32CubeIDE\workspace_1.12.0\review\MXTmpFiles\license.tmp
2023-08-17 05:29:05,194 [INFO] CodeEngine:255 - oldGeneratedFile, C:\Users\yunch\STM32CubeIDE\workspace_1.12.0\review\MXTmpFiles\gpio.tmp_save
2023-08-17 05:29:05,293 [INFO] CodeEngine:279 - Generated code: C:\Users\yunch\STM32CubeIDE\workspace_1.12.0\review\MXTmpFiles\gpio.tmp
2023-08-17 05:29:05,331 [INFO] CodeEngine:255 - oldGeneratedFile, C:\Users\yunch\STM32CubeIDE\workspace_1.12.0\review\Core\Src\stm32f1xx_it.c_save
2023-08-17 05:29:05,511 [INFO] CodeEngine:279 - Generated code: C:\Users\yunch\STM32CubeIDE\workspace_1.12.0\review\Core\Src\stm32f1xx_it.c
2023-08-17 05:29:05,525 [INFO] CodeEngine:255 - oldGeneratedFile, C:\Users\yunch\STM32CubeIDE\workspace_1.12.0\review\Core\Inc\stm32f1xx_it.h_save
2023-08-17 05:29:05,585 [INFO] CodeEngine:279 - Generated code: C:\Users\yunch\STM32CubeIDE\workspace_1.12.0\review\Core\Inc\stm32f1xx_it.h
2023-08-17 05:29:05,608 [INFO] CodeEngine:255 - oldGeneratedFile, C:\Users\yunch\STM32CubeIDE\workspace_1.12.0\review\Core\Src\stm32f1xx_hal_msp.c_save
2023-08-17 05:29:05,688 [INFO] CodeEngine:279 - Generated code: C:\Users\yunch\STM32CubeIDE\workspace_1.12.0\review\Core\Src\stm32f1xx_hal_msp.c
2023-08-17 05:29:05,692 [INFO] CodeEngine:255 - oldGeneratedFile, C:\Users\yunch\STM32CubeIDE\workspace_1.12.0\review\MXTmpFiles\system.tmp_save
2023-08-17 05:29:05,749 [INFO] CodeEngine:279 - Generated code: C:\Users\yunch\STM32CubeIDE\workspace_1.12.0\review\MXTmpFiles\system.tmp
2023-08-17 05:29:05,757 [INFO] CodeEngine:311 - oldGeneratedFile, C:\Users\yunch\STM32CubeIDE\workspace_1.12.0\review\Core\Inc\stm32f1xx_hal_conf.h_save
2023-08-17 05:29:05,807 [INFO] CodeEngine:335 - Generated code: C:\Users\yunch\STM32CubeIDE\workspace_1.12.0\review\Core\Inc\stm32f1xx_hal_conf.h
2023-08-17 05:29:05,831 [INFO] CodeEngine:255 - oldGeneratedFile, C:\Users\yunch\STM32CubeIDE\workspace_1.12.0\review\Core\Inc\main.h_save
2023-08-17 05:29:05,890 [INFO] CodeEngine:279 - Generated code: C:\Users\yunch\STM32CubeIDE\workspace_1.12.0\review\Core\Inc\main.h
2023-08-17 05:29:05,895 [INFO] CodeEngine:255 - oldGeneratedFile, C:\Users\yunch\STM32CubeIDE\workspace_1.12.0\review\Core\Src\main.c_save
2023-08-17 05:29:05,977 [INFO] CodeEngine:279 - Generated code: C:\Users\yunch\STM32CubeIDE\workspace_1.12.0\review\Core\Src\main.c
2023-08-17 05:29:06,566 [INFO] ProjectBuilder:2996 - Time for Copy HAL[1] : 152mS.
2023-08-17 05:29:06,571 [INFO] ProjectBuilder:4304 - Project Generator version: 3.19.2
2023-08-17 05:29:06,808 [INFO] ConfigFileManager:1483 - The Die is : DIE410
2023-08-17 05:29:08,079 [INFO] ProjectBuilder:4505 - Time for Generating toolchain IDE Files: 1508mS.
2023-08-17 05:29:08,080 [INFO] ProjectBuilder:2867 - Time for Copy CMSIS : 1mS.
2023-08-17 05:29:08,083 [INFO] ProjectBuilder:2867 - Time for Copy CMSIS : 0mS.
2023-08-17 06:49:20,104 [INFO] MainUpdater:2854 - connection check result : 10
2023-08-17 06:49:20,169 [INFO] McuFinderGlobals:66 - Set McuFinderConnectedMode to true
2023-08-17 06:49:20,169 [INFO] MultiScanPanel:200 - Auto-refresh data requested => check proxy status ongoing
2023-08-17 06:49:20,170 [INFO] FinderPluginLoader:95 - Searching for filters in installed packs
2023-08-17 06:49:20,825 [INFO] LoadUrlFilesThread:185 - End of LoadServerUrlFiles without Thread
2023-08-17 06:49:20,825 [INFO] DetailPanel:341 - Set advertising image to C:/Users/yunch/STM32Cube/Repository/\en.prom-stm32h5-mcu-finder.jpg
2023-08-17 06:49:33,924 [INFO] MainUpdater:2854 - connection check result : 10
2023-08-17 06:49:33,924 [INFO] MainUpdater:2854 - connection check result : 10
2023-08-17 06:49:33,953 [INFO] MicroXplorer:468 - Change Database Path : 
2023-08-17 06:49:33,953 [INFO] MicroXplorer:498 - Change Database Version : DB.6.0.80
2023-08-17 06:49:33,965 [WARN] ThirdParty:871 - waiting for thirdparty lock release [close project]
2023-08-17 06:49:33,965 [INFO] ThirdParty:873 - entering critical section [close project]
2023-08-17 06:49:33,965 [INFO] ThirdParty:883 - exiting critical section [close project]
2023-08-17 06:49:33,966 [INFO] PinOutPanel:1499 - setPackage(No Configuration,No Configuration)
2023-08-17 06:49:33,972 [INFO] UtilMem:75 - Begin LoadConfig() Used Memory: 812490552 Bytes (1073741824)
2023-08-17 06:49:33,972 [INFO] MicroXplorer:468 - Change Database Path : 
2023-08-17 06:49:33,972 [INFO] MicroXplorer:498 - Change Database Version : DB.6.0.80
2023-08-17 06:49:33,972 [INFO] OpenFileManager:308 - Change cursor
2023-08-17 06:49:33,985 [INFO] RulesReader:64 - Compatibility file has been processed (293 Rules)
2023-08-17 06:49:33,988 [INFO] Mcu:1937 - Initializing MCU STM32F103RBTx STM32F103RBTx 
2023-08-17 06:49:33,989 [INFO] Mcu:1950 - No CPN specified => set CPN to STM32F103RBT6
2023-08-17 06:49:34,299 [INFO] Context:659 - Trying to add GPIOservice into a context  which must be forbidden
2023-08-17 06:49:34,404 [INFO] ImportTextPane:194 - (OptionalMessage_ERROR) Unable to find key (Mcu.ThirdPartyNb) in loaded IOC file
2023-08-17 06:49:34,405 [INFO] ImportTextPane:194 - (OptionalMessage_ERROR) Unable to find key (Mcu.PinsNb) in loaded IOC file
2023-08-17 06:49:34,405 [INFO] ImportTextPane:194 - (OptionalMessage_ERROR) Unable to find key (Mcu.IPNb) in loaded IOC file
2023-08-17 06:49:34,473 [INFO] RtosManager:555 - Registered RTOS mode: class=CMSIS, group=RTOS, mode=CMSIS_V1, owner=FREERTOS
2023-08-17 06:49:34,473 [INFO] RtosManager:555 - Registered RTOS mode: class=CMSIS, group=RTOS2, mode=CMSIS_V2, owner=FREERTOS
2023-08-17 06:49:34,474 [INFO] RtosManager:555 - Registered RTOS mode: class=RTOS, group=Core, mode=CMSIS_V1, owner=FREERTOS
2023-08-17 06:49:34,474 [INFO] RtosManager:555 - Registered RTOS mode: class=RTOS, group=Core, mode=CMSIS_V2, owner=FREERTOS
2023-08-17 06:49:34,474 [WARN] ModelIntegratedComponent:184 - Missing modes for component STMicroelectronics:FreeRTOS:0.0.1:STMicroelectronics:RTOS:FreeRTOS:Core:::10.2.0:
2023-08-17 06:49:34,481 [WARN] ModelIntegratedComponent:63 - No mode defined for component null
2023-08-17 06:49:34,481 [WARN] ModelIntegratedComponent:63 - No mode defined for component null
2023-08-17 06:49:34,481 [WARN] ModelIntegratedComponent:63 - No mode defined for component null
2023-08-17 06:49:34,481 [WARN] ModelIntegratedComponent:63 - No mode defined for component null
2023-08-17 06:49:34,481 [WARN] ModelIntegratedComponent:63 - No mode defined for component null
2023-08-17 06:49:34,481 [WARN] ModelIntegratedComponent:63 - No mode defined for component null
2023-08-17 06:49:34,481 [WARN] ModelIntegratedComponent:63 - No mode defined for component null
2023-08-17 06:49:34,481 [WARN] ModelIntegratedComponent:63 - No mode defined for component null
2023-08-17 06:49:34,481 [WARN] ModelIntegratedComponent:63 - No mode defined for component null
2023-08-17 06:49:34,481 [WARN] ModelIntegratedComponent:63 - No mode defined for component null
2023-08-17 06:49:34,481 [WARN] ModelIntegratedComponent:63 - No mode defined for component null
2023-08-17 06:49:34,481 [WARN] ModelIntegratedComponent:63 - No mode defined for component null
2023-08-17 06:49:34,481 [WARN] ModelIntegratedComponent:63 - No mode defined for component null
2023-08-17 06:49:34,481 [WARN] ModelIntegratedComponent:63 - No mode defined for component null
2023-08-17 06:49:34,481 [WARN] ModelIntegratedComponent:63 - No mode defined for component null
2023-08-17 06:49:34,481 [WARN] ModelIntegratedComponent:63 - No mode defined for component null
2023-08-17 06:49:34,481 [WARN] ModelIntegratedComponent:63 - No mode defined for component null
2023-08-17 06:49:34,481 [WARN] ModelIntegratedComponent:63 - No mode defined for component null
2023-08-17 06:49:34,481 [WARN] ModelIntegratedComponent:63 - No mode defined for component null
2023-08-17 06:49:34,481 [WARN] ModelIntegratedComponent:63 - No mode defined for component null
2023-08-17 06:49:34,481 [WARN] ModelIntegratedComponent:63 - No mode defined for component null
2023-08-17 06:49:34,481 [WARN] ModelIntegratedComponent:63 - No mode defined for component null
2023-08-17 06:49:34,481 [WARN] ModelIntegratedComponent:63 - No mode defined for component null
2023-08-17 06:49:34,481 [WARN] ModelIntegratedComponent:63 - No mode defined for component null
2023-08-17 06:49:34,481 [WARN] ModelIntegratedComponent:63 - No mode defined for component null
2023-08-17 06:49:34,481 [WARN] ModelIntegratedComponent:63 - No mode defined for component null
2023-08-17 06:49:34,481 [WARN] ModelIntegratedComponent:63 - No mode defined for component null
2023-08-17 06:49:34,481 [WARN] ModelIntegratedComponent:63 - No mode defined for component null
2023-08-17 06:49:34,481 [WARN] ModelIntegratedComponent:63 - No mode defined for component null
2023-08-17 06:49:34,483 [WARN] ModelIntegratedComponent:63 - No mode defined for component null
2023-08-17 06:49:34,483 [WARN] ModelIntegratedComponent:63 - No mode defined for component null
2023-08-17 06:49:34,483 [WARN] ModelIntegratedComponent:63 - No mode defined for component null
2023-08-17 06:49:34,483 [WARN] ModelIntegratedComponent:63 - No mode defined for component null
2023-08-17 06:49:34,487 [INFO] ThirdPartyModel:298 - Start build external matchings
2023-08-17 06:49:34,733 [INFO] ThirdPartyModel:316 - End build external matchings
2023-08-17 06:49:34,899 [INFO] UtilMem:75 - End LoadConfig() Used Memory: 658307928 Bytes (1073741824)
2023-08-17 06:49:34,920 [WARN] ThirdParty:833 - waiting for thirdparty lock release [change project]
2023-08-17 06:49:34,920 [INFO] ThirdParty:835 - entering critical section [change project]
2023-08-17 06:49:34,920 [INFO] ThirdParty:1030 - CMSIS Pack Vendor :STMicroelectronics X-CUBE-ISPU 1.1.0
2023-08-17 06:49:34,920 [INFO] ThirdParty:1030 - CMSIS Pack Vendor :STMicroelectronics X-CUBE-GNSS1 6.0.0
2023-08-17 06:49:34,920 [INFO] ThirdParty:1030 - CMSIS Pack Vendor :STMicroelectronics USB_HOST 2.0.0
2023-08-17 06:49:34,920 [INFO] ThirdParty:1030 - CMSIS Pack Vendor :STMicroelectronics X-CUBE-AZRTOS-F4 1.1.0
2023-08-17 06:49:34,921 [INFO] ThirdParty:1030 - CMSIS Pack Vendor :STMicroelectronics LIBJPEG 8.0.0
2023-08-17 06:49:34,921 [INFO] ThirdParty:1030 - CMSIS Pack Vendor :wolfSSL I-CUBE-wolfSSL 5.6.3
2023-08-17 06:49:34,921 [INFO] ThirdParty:1030 - CMSIS Pack Vendor :STMicroelectronics X-CUBE-SMBUS 2.1.0
2023-08-17 06:49:34,921 [INFO] ThirdParty:1030 - CMSIS Pack Vendor :STMicroelectronics USB_DEVICE 3.0.0
2023-08-17 06:49:34,921 [INFO] ThirdParty:1030 - CMSIS Pack Vendor :STMicroelectronics X-CUBE-AZRTOS-WB 2.0.0
2023-08-17 06:49:34,921 [INFO] ThirdParty:1030 - CMSIS Pack Vendor :STMicroelectronics X-CUBE-FREERTOS 1.0.1
2023-08-17 06:49:34,921 [INFO] ThirdParty:1030 - CMSIS Pack Vendor :STMicroelectronics X-CUBE-AZRTOS-F7 1.1.0
2023-08-17 06:49:34,921 [INFO] ThirdParty:1030 - CMSIS Pack Vendor :STMicroelectronics X-CUBE-AZRTOS-L5 2.0.0
2023-08-17 06:49:34,921 [INFO] ThirdParty:1030 - CMSIS Pack Vendor :STMicroelectronics USB_DEVICE 2.0.0
2023-08-17 06:49:34,921 [INFO] ThirdParty:1030 - CMSIS Pack Vendor :STMicroelectronics X-CUBE-MEMS1 9.6.0
2023-08-17 06:49:34,921 [INFO] ThirdParty:1030 - CMSIS Pack Vendor :STMicroelectronics FP-SNS-MOTENV1 4.3.2
2023-08-17 06:49:34,921 [INFO] ThirdParty:1030 - CMSIS Pack Vendor :STMicroelectronics X-CUBE-ALGOBUILD 1.3.0
2023-08-17 06:49:34,921 [INFO] ThirdParty:1030 - CMSIS Pack Vendor :STMicroelectronics FreeRTOS 0.0.1
2023-08-17 06:49:34,921 [INFO] ThirdParty:1030 - CMSIS Pack Vendor :STMicroelectronics X-CUBE-AZRTOS-G0 1.1.0
2023-08-17 06:49:34,921 [INFO] ThirdParty:1030 - CMSIS Pack Vendor :STMicroelectronics X-CUBE-BLEMGR 2.0.0
2023-08-17 06:49:34,921 [INFO] ThirdParty:1030 - CMSIS Pack Vendor :STMicroelectronics X-CUBE-NFC4 3.0.0
2023-08-17 06:49:34,921 [INFO] ThirdParty:1030 - CMSIS Pack Vendor :STMicroelectronics X-CUBE-SUBG2 5.0.0
2023-08-17 06:49:34,921 [INFO] ThirdParty:1030 - CMSIS Pack Vendor :STMicroelectronics STM32_WPAN 1.0.0
2023-08-17 06:49:34,922 [INFO] ThirdParty:1030 - CMSIS Pack Vendor :STMicroelectronics lwIP 2.0.3
2023-08-17 06:49:34,922 [INFO] ThirdParty:1030 - CMSIS Pack Vendor :STMicroelectronics FP-SNS-FLIGHT1 5.0.2
2023-08-17 06:49:34,922 [INFO] ThirdParty:1030 - CMSIS Pack Vendor :STMicroelectronics USB_HOST 1.0.0
2023-08-17 06:49:34,922 [INFO] ThirdParty:1030 - CMSIS Pack Vendor :STMicroelectronics X-CUBE-TOF1 3.3.1
2023-08-17 06:49:34,922 [INFO] ThirdParty:1030 - CMSIS Pack Vendor :STMicroelectronics X-CUBE-AZRTOS-G4 2.0.0
2023-08-17 06:49:34,922 [INFO] ThirdParty:1030 - CMSIS Pack Vendor :STMicroelectronics PDM2PCM 3.1.0
2023-08-17 06:49:34,922 [INFO] ThirdParty:1030 - CMSIS Pack Vendor :STMicroelectronics X-CUBE-AZRTOS-H7 3.1.0
2023-08-17 06:49:34,922 [INFO] ThirdParty:1030 - CMSIS Pack Vendor :STMicroelectronics PDM2PCM 3.3.0
2023-08-17 06:49:34,922 [INFO] ThirdParty:1030 - CMSIS Pack Vendor :STMicroelectronics X-CUBE-DISPLAY 3.0.0
2023-08-17 06:49:34,922 [INFO] ThirdParty:1030 - CMSIS Pack Vendor :STMicroelectronics X-CUBE-BLE1 7.0.0
2023-08-17 06:49:34,922 [INFO] ThirdParty:1030 - CMSIS Pack Vendor :STMicroelectronics FP-ATR-SIGFOX1 3.2.0
2023-08-17 06:49:34,922 [INFO] ThirdParty:1030 - CMSIS Pack Vendor :STMicroelectronics HAL Drivers 0.0.0
2023-08-17 06:49:34,922 [INFO] ThirdParty:1030 - CMSIS Pack Vendor :STMicroelectronics MBEDTLS 2.16.2
2023-08-17 06:49:34,922 [INFO] ThirdParty:1030 - CMSIS Pack Vendor :emotas I-CUBE-CANOPEN 1.3.0
2023-08-17 06:49:34,922 [INFO] ThirdParty:1030 - CMSIS Pack Vendor :STMicroelectronics X-CUBE-TOUCHGFX 4.22.0
2023-08-17 06:49:34,922 [INFO] ThirdParty:1030 - CMSIS Pack Vendor :STMicroelectronics X-CUBE-NFC7 1.0.1
2023-08-17 06:49:34,923 [INFO] ThirdParty:1030 - CMSIS Pack Vendor :STMicroelectronics MBEDTLS 2.14.1
2023-08-17 06:49:34,923 [INFO] ThirdParty:1030 - CMSIS Pack Vendor :STMicroelectronics X-CUBE-EEPRMA1 4.1.0
2023-08-17 06:49:34,923 [INFO] ThirdParty:1030 - CMSIS Pack Vendor :portGmbH I-Cube-SoM-uGOAL 1.1.0
2023-08-17 06:49:34,923 [INFO] ThirdParty:1030 - CMSIS Pack Vendor :STMicroelectronics X-CUBE-ALS 1.0.1
2023-08-17 06:49:34,923 [INFO] ThirdParty:1030 - CMSIS Pack Vendor :STMicroelectronics ThreadX 1.0.0
2023-08-17 06:49:34,923 [INFO] ThirdParty:1030 - CMSIS Pack Vendor :STMicroelectronics X-CUBE-AZRTOS-WL 2.0.0
2023-08-17 06:49:34,923 [INFO] ThirdParty:1030 - CMSIS Pack Vendor :SEGGER I-CUBE-embOS 1.3.1
2023-08-17 06:49:34,923 [INFO] ThirdParty:1030 - CMSIS Pack Vendor :STMicroelectronics USB_DEVICE 1.0.0
2023-08-17 06:49:34,923 [INFO] ThirdParty:1030 - CMSIS Pack Vendor :STMicroelectronics X-CUBE-AI 8.1.0
2023-08-17 06:49:34,923 [INFO] ThirdParty:1030 - CMSIS Pack Vendor :STMicroelectronics X-CUBE-AZRTOS-L4 2.0.0
2023-08-17 06:49:34,923 [INFO] ThirdParty:1030 - CMSIS Pack Vendor :STMicroelectronics ThreadX 0.0.2
2023-08-17 06:49:34,923 [INFO] ThirdParty:1030 - CMSIS Pack Vendor :WES I-CUBE-Cesium 1.3.0
2023-08-17 06:49:34,923 [INFO] ThirdParty:1030 - CMSIS Pack Vendor :STMicroelectronics FP-ATR-ASTRA1 2.0.0
2023-08-17 06:49:34,923 [INFO] ThirdParty:1030 - CMSIS Pack Vendor :STMicroelectronics lwIP 2.1.2
2023-08-17 06:49:34,923 [INFO] ThirdParty:1030 - CMSIS Pack Vendor :STMicroelectronics X-CUBE-SFXS2LP1 4.0.0
2023-08-17 06:49:34,923 [INFO] ThirdParty:1030 - CMSIS Pack Vendor :STMicroelectronics X-CUBE-BLE2 3.3.0
2023-08-17 06:49:34,923 [INFO] ThirdParty:1030 - CMSIS Pack Vendor :STMicroelectronics PDM2PCM 3.2.0
2023-08-17 06:49:34,923 [INFO] ThirdParty:841 - exiting critical section [change project]
2023-08-17 06:49:35,053 [INFO] PinOutPanel:1499 - setPackage(No Configuration,No Configuration)
2023-08-17 06:49:35,054 [INFO] PinOutPanel:1499 - setPackage(STM32F103RBTx,LQFP64)
2023-08-17 06:49:35,281 [INFO] UtilMem:75 - Before build in PCC Used Memory: 715979608 Bytes (1073741824)
2023-08-17 06:49:35,478 [INFO] UtilMem:75 - After build in PCC Used Memory: 758448984 Bytes (1073741824)
2023-08-17 06:49:35,492 [INFO] IPUIPlugin:80 - create IPUIPlugin
2023-08-17 06:49:35,492 [INFO] IPUIPlugin:80 - create IPUIPlugin
2023-08-17 06:49:35,492 [INFO] IPUIPlugin:80 - create IPUIPlugin
2023-08-17 06:49:35,492 [INFO] IPUIPlugin:80 - create IPUIPlugin
2023-08-17 06:49:35,493 [INFO] IPUIPlugin:80 - create IPUIPlugin
2023-08-17 06:49:35,493 [INFO] IPUIPlugin:80 - create IPUIPlugin
2023-08-17 06:49:35,493 [INFO] IPUIPlugin:80 - create IPUIPlugin
2023-08-17 06:49:35,493 [INFO] IPUIPlugin:80 - create IPUIPlugin
2023-08-17 06:49:35,493 [INFO] IPUIPlugin:80 - create IPUIPlugin
2023-08-17 06:49:35,493 [INFO] IPUIPlugin:80 - create IPUIPlugin
2023-08-17 06:49:35,493 [INFO] IPUIPlugin:80 - create IPUIPlugin
2023-08-17 06:49:35,493 [INFO] IPUIPlugin:80 - create IPUIPlugin
2023-08-17 06:49:35,493 [INFO] IPUIPlugin:80 - create IPUIPlugin
2023-08-17 06:49:35,493 [INFO] IPUIPlugin:80 - create IPUIPlugin
2023-08-17 06:49:35,493 [INFO] IPUIPlugin:80 - create IPUIPlugin
2023-08-17 06:49:35,494 [INFO] IPUIPlugin:80 - create IPUIPlugin
2023-08-17 06:49:35,494 [INFO] IPUIPlugin:80 - create IPUIPlugin
2023-08-17 06:49:35,494 [INFO] IPUIPlugin:80 - create IPUIPlugin
2023-08-17 06:49:35,494 [INFO] IPUIPlugin:80 - create IPUIPlugin
2023-08-17 06:49:35,494 [INFO] IPUIPlugin:80 - create IPUIPlugin
2023-08-17 06:49:35,494 [INFO] IPUIPlugin:80 - create IPUIPlugin
2023-08-17 06:49:35,494 [INFO] IPUIPlugin:80 - create IPUIPlugin
2023-08-17 06:49:35,495 [INFO] IPUIPlugin:80 - create IPUIPlugin
2023-08-17 06:49:35,495 [INFO] IPUIPlugin:80 - create IPUIPlugin
2023-08-17 06:49:35,495 [INFO] IPUIPlugin:80 - create IPUIPlugin
2023-08-17 06:49:35,495 [INFO] IPUIPlugin:80 - create IPUIPlugin
2023-08-17 06:49:35,495 [INFO] IPUIPlugin:80 - create IPUIPlugin
2023-08-17 06:49:35,512 [INFO] CADModel:165 - CPN selected for project levelSTM32F103RBT6
2023-08-17 06:49:35,512 [INFO] CADModel:114 - Register for checkConnection events
2023-08-17 06:49:35,573 [INFO] OpenFileManager:328 - Restore cursor
2023-08-17 06:49:35,930 [INFO] UtilMem:75 - End SaveConfig() Used Memory: 818740056 Bytes (1073741824)
2023-08-17 06:49:35,970 [INFO] UtilMem:75 - End SaveConfig() Used Memory: 831322968 Bytes (1073741824)
2023-08-17 06:49:36,140 [INFO] BlockDiagram:2759 - set Specific Code input for plugin: NVIC
2023-08-17 06:49:36,141 [INFO] BlockDiagram:2759 - set Specific Code input for plugin: RCC
2023-08-17 06:49:36,142 [INFO] CodeGenerator:793 - code generatio: config db path: C:\ST\STM32CubeIDE_1.12.0\STM32CubeIDE\plugins\com.st.stm32cube.common.mx_6.8.0.202302231600\\db\
2023-08-17 06:49:36,426 [INFO] CodeEngine:255 - oldGeneratedFile, C:\Users\yunch\STM32CubeIDE\workspace_1.12.0\timer\MXTmpFiles\license.tmp_save
2023-08-17 06:49:36,535 [INFO] CodeEngine:279 - Generated code: C:\Users\yunch\STM32CubeIDE\workspace_1.12.0\timer\MXTmpFiles\license.tmp
2023-08-17 06:49:36,557 [INFO] CodeEngine:255 - oldGeneratedFile, C:\Users\yunch\STM32CubeIDE\workspace_1.12.0\timer\Core\Src\stm32f1xx_it.c_save
2023-08-17 06:49:36,729 [INFO] CodeEngine:279 - Generated code: C:\Users\yunch\STM32CubeIDE\workspace_1.12.0\timer\Core\Src\stm32f1xx_it.c
2023-08-17 06:49:36,733 [INFO] CodeEngine:255 - oldGeneratedFile, C:\Users\yunch\STM32CubeIDE\workspace_1.12.0\timer\Core\Inc\stm32f1xx_it.h_save
2023-08-17 06:49:36,795 [INFO] CodeEngine:279 - Generated code: C:\Users\yunch\STM32CubeIDE\workspace_1.12.0\timer\Core\Inc\stm32f1xx_it.h
2023-08-17 06:49:36,822 [INFO] CodeEngine:255 - oldGeneratedFile, C:\Users\yunch\STM32CubeIDE\workspace_1.12.0\timer\Core\Src\stm32f1xx_hal_msp.c_save
2023-08-17 06:49:36,945 [INFO] CodeEngine:279 - Generated code: C:\Users\yunch\STM32CubeIDE\workspace_1.12.0\timer\Core\Src\stm32f1xx_hal_msp.c
2023-08-17 06:49:36,959 [INFO] CodeEngine:255 - oldGeneratedFile, C:\Users\yunch\STM32CubeIDE\workspace_1.12.0\timer\MXTmpFiles\system.tmp_save
2023-08-17 06:49:37,024 [INFO] CodeEngine:279 - Generated code: C:\Users\yunch\STM32CubeIDE\workspace_1.12.0\timer\MXTmpFiles\system.tmp
2023-08-17 06:49:37,032 [INFO] CodeEngine:311 - oldGeneratedFile, C:\Users\yunch\STM32CubeIDE\workspace_1.12.0\timer\Core\Inc\stm32f1xx_hal_conf.h_save
2023-08-17 06:49:37,105 [INFO] CodeEngine:335 - Generated code: C:\Users\yunch\STM32CubeIDE\workspace_1.12.0\timer\Core\Inc\stm32f1xx_hal_conf.h
2023-08-17 06:49:37,150 [INFO] CodeEngine:255 - oldGeneratedFile, C:\Users\yunch\STM32CubeIDE\workspace_1.12.0\timer\Core\Inc\main.h_save
2023-08-17 06:49:37,226 [INFO] CodeEngine:279 - Generated code: C:\Users\yunch\STM32CubeIDE\workspace_1.12.0\timer\Core\Inc\main.h
2023-08-17 06:49:37,231 [INFO] CodeEngine:255 - oldGeneratedFile, C:\Users\yunch\STM32CubeIDE\workspace_1.12.0\timer\Core\Src\main.c_save
2023-08-17 06:49:37,340 [INFO] CodeEngine:279 - Generated code: C:\Users\yunch\STM32CubeIDE\workspace_1.12.0\timer\Core\Src\main.c
2023-08-17 06:49:37,881 [INFO] ProjectBuilder:2996 - Time for Copy HAL[1] : 161mS.
2023-08-17 06:49:37,884 [INFO] ProjectBuilder:4304 - Project Generator version: 3.19.2
2023-08-17 06:49:38,344 [INFO] ConfigFileManager:1483 - The Die is : DIE410
2023-08-17 06:49:38,357 [INFO] ApiDbMcu:507 - Load IP Config File for FATFS
2023-08-17 06:49:38,364 [INFO] ApiDbMcu:507 - Load IP Config File for FREERTOS
2023-08-17 06:49:38,371 [INFO] ApiDbMcu:507 - Load IP Config File for USB_DEVICE
2023-08-17 06:49:46,239 [INFO] ProjectBuilder:4505 - Time for Generating toolchain IDE Files: 8355mS.
2023-08-17 06:49:46,240 [INFO] ProjectBuilder:2867 - Time for Copy CMSIS : 0mS.
2023-08-17 06:49:46,241 [INFO] ProjectBuilder:2867 - Time for Copy CMSIS : 0mS.
2023-08-17 06:49:46,892 [INFO] McuFinderGlobals:66 - Set McuFinderConnectedMode to true
2023-08-17 06:49:46,903 [INFO] ApiDb:448 - Save user favorites file C:\Users\yunch/.stm32cubeide/favorites.mcus.txt: 1 item(s)
2023-08-17 06:49:46,904 [INFO] ApiDb:452 - User favorites MCUs=[STM32F103RBT6]
2023-08-17 06:50:36,575 [INFO] MainUpdater:2854 - connection check result : 10
2023-08-17 06:50:36,638 [INFO] McuFinderGlobals:66 - Set McuFinderConnectedMode to true
2023-08-17 06:50:36,638 [INFO] MultiScanPanel:200 - Auto-refresh data requested => check proxy status ongoing
2023-08-17 06:50:36,638 [INFO] FinderPluginLoader:95 - Searching for filters in installed packs
2023-08-17 06:50:37,173 [INFO] LoadUrlFilesThread:185 - End of LoadServerUrlFiles without Thread
2023-08-17 06:50:37,173 [INFO] DetailPanel:341 - Set advertising image to C:/Users/yunch/STM32Cube/Repository/\en.prom-stm32h5-mcu-finder.jpg
2023-08-17 06:50:53,708 [INFO] McuFinderGlobals:66 - Set McuFinderConnectedMode to true
2023-08-17 06:50:53,975 [INFO] ApiDb:448 - Save user favorites file C:\Users\yunch/.stm32cubeide/favorites.mcus.txt: 1 item(s)
2023-08-17 06:50:53,975 [INFO] ApiDb:452 - User favorites MCUs=[STM32F103RBT6]
2023-08-17 06:55:29,582 [INFO] UtilMem:75 - End SaveConfig() Used Memory: 700282552 Bytes (1073741824)
2023-08-17 06:59:37,211 [INFO] NvicIntPanel:101 - NVIC parent = com.st.microxplorer.plugins.ip.nvic.MultiNvicIntPanel[,0,0,450x151,layout=javax.swing.BoxLayout,alignmentX=0.0,alignmentY=0.0,border=,flags=9,maximumSize=,minimumSize=,preferredSize=]
2023-08-17 07:01:37,782 [INFO] NvicIntPanel:101 - NVIC parent = com.st.microxplorer.plugins.ip.nvic.MultiNvicIntPanel[,0,0,0x0,invalid,layout=javax.swing.BoxLayout,alignmentX=0.0,alignmentY=0.0,border=,flags=9,maximumSize=,minimumSize=,preferredSize=]
2023-08-17 07:01:43,223 [INFO] NvicIntPanel:101 - NVIC parent = com.st.microxplorer.plugins.ip.nvic.MultiNvicIntPanel[,0,0,0x0,invalid,layout=javax.swing.BoxLayout,alignmentX=0.0,alignmentY=0.0,border=,flags=9,maximumSize=,minimumSize=,preferredSize=]
2023-08-17 07:01:59,140 [INFO] NvicIntPanel:101 - NVIC parent = com.st.microxplorer.plugins.ip.nvic.MultiNvicIntPanel[,0,0,0x0,invalid,layout=javax.swing.BoxLayout,alignmentX=0.0,alignmentY=0.0,border=,flags=9,maximumSize=,minimumSize=,preferredSize=]
2023-08-17 07:02:37,681 [INFO] NvicIntPanel:101 - NVIC parent = com.st.microxplorer.plugins.ip.nvic.MultiNvicIntPanel[,0,0,0x0,invalid,layout=javax.swing.BoxLayout,alignmentX=0.0,alignmentY=0.0,border=,flags=9,maximumSize=,minimumSize=,preferredSize=]
2023-08-17 07:02:46,043 [INFO] UtilMem:75 - End SaveConfig() Used Memory: 570496160 Bytes (1073741824)
2023-08-17 07:02:46,586 [INFO] UtilMem:75 - End SaveConfig() Used Memory: 529465632 Bytes (1073741824)
2023-08-17 07:02:47,563 [INFO] UtilMem:75 - End SaveConfig() Used Memory: 563943712 Bytes (1073741824)
2023-08-17 07:02:47,724 [INFO] BlockDiagram:2759 - set Specific Code input for plugin: NVIC
2023-08-17 07:02:47,724 [INFO] BlockDiagram:2759 - set Specific Code input for plugin: TIM1_8F1
2023-08-17 07:02:47,724 [INFO] BlockDiagram:2759 - set Specific Code input for plugin: GPIO
2023-08-17 07:02:47,724 [INFO] BlockDiagram:2759 - set Specific Code input for plugin: RCC
2023-08-17 07:02:47,725 [INFO] CodeGenerator:793 - code generatio: config db path: C:\ST\STM32CubeIDE_1.12.0\STM32CubeIDE\plugins\com.st.stm32cube.common.mx_6.8.0.202302231600\\db\
2023-08-17 07:02:47,849 [INFO] CodeEngine:255 - oldGeneratedFile, C:\Users\yunch\STM32CubeIDE\workspace_1.12.0\timer\MXTmpFiles\license.tmp_save
2023-08-17 07:02:47,905 [INFO] CodeEngine:279 - Generated code: C:\Users\yunch\STM32CubeIDE\workspace_1.12.0\timer\MXTmpFiles\license.tmp
2023-08-17 07:02:47,939 [INFO] CodeEngine:255 - oldGeneratedFile, C:\Users\yunch\STM32CubeIDE\workspace_1.12.0\timer\MXTmpFiles\gpio.tmp_save
2023-08-17 07:02:47,999 [INFO] CodeEngine:279 - Generated code: C:\Users\yunch\STM32CubeIDE\workspace_1.12.0\timer\MXTmpFiles\gpio.tmp
2023-08-17 07:02:48,064 [INFO] CodeEngine:255 - oldGeneratedFile, C:\Users\yunch\STM32CubeIDE\workspace_1.12.0\timer\Core\Src\stm32f1xx_it.c_save
2023-08-17 07:02:48,213 [INFO] CodeEngine:279 - Generated code: C:\Users\yunch\STM32CubeIDE\workspace_1.12.0\timer\Core\Src\stm32f1xx_it.c
2023-08-17 07:02:48,219 [INFO] CodeEngine:255 - oldGeneratedFile, C:\Users\yunch\STM32CubeIDE\workspace_1.12.0\timer\Core\Inc\stm32f1xx_it.h_save
2023-08-17 07:02:48,267 [INFO] CodeEngine:279 - Generated code: C:\Users\yunch\STM32CubeIDE\workspace_1.12.0\timer\Core\Inc\stm32f1xx_it.h
2023-08-17 07:02:48,277 [INFO] CodeEngine:255 - oldGeneratedFile, C:\Users\yunch\STM32CubeIDE\workspace_1.12.0\timer\Core\Src\stm32f1xx_hal_msp.c_save
2023-08-17 07:02:48,349 [INFO] CodeEngine:279 - Generated code: C:\Users\yunch\STM32CubeIDE\workspace_1.12.0\timer\Core\Src\stm32f1xx_hal_msp.c
2023-08-17 07:02:48,352 [INFO] CodeEngine:255 - oldGeneratedFile, C:\Users\yunch\STM32CubeIDE\workspace_1.12.0\timer\MXTmpFiles\system.tmp_save
2023-08-17 07:02:48,394 [INFO] CodeEngine:279 - Generated code: C:\Users\yunch\STM32CubeIDE\workspace_1.12.0\timer\MXTmpFiles\system.tmp
2023-08-17 07:02:48,400 [INFO] CodeEngine:311 - oldGeneratedFile, C:\Users\yunch\STM32CubeIDE\workspace_1.12.0\timer\Core\Inc\stm32f1xx_hal_conf.h_save
2023-08-17 07:02:48,449 [INFO] CodeEngine:335 - Generated code: C:\Users\yunch\STM32CubeIDE\workspace_1.12.0\timer\Core\Inc\stm32f1xx_hal_conf.h
2023-08-17 07:02:48,459 [WARN] IPConfigManager:3431 - IP not found : TIM
2023-08-17 07:02:48,460 [WARN] CodeGenerator:3754 - IP not found : null
2023-08-17 07:02:48,464 [INFO] CodeEngine:255 - oldGeneratedFile, C:\Users\yunch\STM32CubeIDE\workspace_1.12.0\timer\Core\Inc\main.h_save
2023-08-17 07:02:48,521 [INFO] CodeEngine:279 - Generated code: C:\Users\yunch\STM32CubeIDE\workspace_1.12.0\timer\Core\Inc\main.h
2023-08-17 07:02:48,525 [INFO] CodeEngine:255 - oldGeneratedFile, C:\Users\yunch\STM32CubeIDE\workspace_1.12.0\timer\Core\Src\main.c_save
2023-08-17 07:02:48,601 [INFO] CodeEngine:279 - Generated code: C:\Users\yunch\STM32CubeIDE\workspace_1.12.0\timer\Core\Src\main.c
2023-08-17 07:02:49,279 [INFO] ProjectBuilder:2996 - Time for Copy HAL[1] : 197mS.
2023-08-17 07:02:49,283 [INFO] ProjectBuilder:4304 - Project Generator version: 3.19.2
2023-08-17 07:02:49,634 [INFO] ConfigFileManager:1483 - The Die is : DIE410
2023-08-17 07:02:50,920 [INFO] ProjectBuilder:4505 - Time for Generating toolchain IDE Files: 1637mS.
2023-08-17 07:02:50,921 [INFO] ProjectBuilder:2867 - Time for Copy CMSIS : 1mS.
2023-08-17 07:02:50,924 [INFO] ProjectBuilder:2867 - Time for Copy CMSIS : 0mS.
